[ 2019-11-17T15:24:02+08:00 ] 127.0.0.1 /index.php/Cate/cateList/0/1.html
ERR: 参数错误或者未定义:id

[ 2019-11-17T15:24:18+08:00 ] 127.0.0.1 /index.php/Cate/cateList/0/2.html
ERR: Class 'Home\Controller\DB' not found

[ 2019-11-17T15:32:06+08:00 ] 127.0.0.1 /index.php/Cate/cateList/0/1.html
ERR: 模板不存在:./Application/Home/View/Cate/cateList.html

[ 2019-11-17T22:10:58+08:00 ] 127.0.0.1 /index.php/Index/ajaxLogin.html
INFO: [ app_begin ] --START--
INFO: Run Behavior\ReadHtmlCacheBehavior [ RunTime:0.000642s ]
INFO: [ app_begin ] --END-- [ RunTime:0.001139s ]
SQL: SHOW COLUMNS FROM `user` [ RunTime:0.0662s ]
SQL: SELECT * FROM `user` LIMIT 1   [ RunTime:0.0939s ]

[ 2019-11-17T22:28:27+08:00 ] 127.0.0.1 /index.php/Index/ajaxLogin.html
INFO: [ app_begin ] --START--
INFO: Run Behavior\ReadHtmlCacheBehavior [ RunTime:0.000733s ]
INFO: [ app_begin ] --END-- [ RunTime:0.001330s ]
SQL: SHOW COLUMNS FROM `user` [ RunTime:0.1032s ]
SQL: SELECT * FROM `user` LIMIT 1   [ RunTime:0.0233s ]

[ 2019-11-17T22:28:33+08:00 ] 127.0.0.1 /index.php/Index/ajaxLogin.html
INFO: [ app_begin ] --START--
INFO: Run Behavior\ReadHtmlCacheBehavior [ RunTime:0.000436s ]
INFO: [ app_begin ] --END-- [ RunTime:0.000817s ]
SQL: SHOW COLUMNS FROM `user` [ RunTime:0.0119s ]
SQL: SELECT * FROM `user` LIMIT 1   [ RunTime:0.0004s ]

[ 2019-11-17T22:28:42+08:00 ] 127.0.0.1 /index.php/Index/ajaxLogin.html
INFO: [ app_begin ] --START--
INFO: Run Behavior\ReadHtmlCacheBehavior [ RunTime:0.000409s ]
INFO: [ app_begin ] --END-- [ RunTime:0.000722s ]
SQL: SHOW COLUMNS FROM `user` [ RunTime:0.0306s ]
SQL: SELECT * FROM `user` LIMIT 1   [ RunTime:0.0010s ]

[ 2019-11-17T22:45:02+08:00 ] 127.0.0.1 /index.php/Index/ajaxLogin.html
INFO: [ app_begin ] --START--
INFO: Run Behavior\ReadHtmlCacheBehavior [ RunTime:0.000540s ]
INFO: [ app_begin ] --END-- [ RunTime:0.000962s ]
SQL: SHOW COLUMNS FROM `user` [ RunTime:0.0182s ]
SQL: SELECT * FROM `user` LIMIT 1   [ RunTime:0.0211s ]

[ 2019-11-17T22:45:15+08:00 ] 127.0.0.1 /index.php/Index/ajaxLogin.html
INFO: [ app_begin ] --START--
INFO: Run Behavior\ReadHtmlCacheBehavior [ RunTime:0.000366s ]
INFO: [ app_begin ] --END-- [ RunTime:0.000702s ]
SQL: SHOW COLUMNS FROM `user` [ RunTime:0.0343s ]
SQL: SELECT * FROM `user` LIMIT 1   [ RunTime:0.0007s ]

[ 2019-11-17T22:46:31+08:00 ] 127.0.0.1 /index.php/Index/ajaxLogin.html
INFO: [ app_begin ] --START--
INFO: Run Behavior\ReadHtmlCacheBehavior [ RunTime:0.000578s ]
INFO: [ app_begin ] --END-- [ RunTime:0.001047s ]
SQL: SHOW COLUMNS FROM `user` [ RunTime:0.0356s ]
SQL: SELECT * FROM `user` LIMIT 1   [ RunTime:0.0007s ]

[ 2019-11-17T22:52:13+08:00 ] 127.0.0.1 /index.php/Index/index
ERR: syntax error, unexpected 'id' (T_STRING), expecting ']'

