[ 2019-12-07T15:26:37+08:00 ] 127.0.0.1 /
INFO: [ app_init ] --START--
INFO: Run Behavior\BuildLiteBehavior [ RunTime:0.000040s ]
INFO: [ app_init ] --END-- [ RunTime:0.019697s ]
INFO: [ app_begin ] --START--
INFO: Run Behavior\ReadHtmlCacheBehavior [ RunTime:0.031506s ]
INFO: [ app_begin ] --END-- [ RunTime:0.031703s ]
SQL: SHOW COLUMNS FROM `user` [ RunTime:0.1811s ]
SQL: SELECT * FROM `user` WHERE `id` = null LIMIT 1   [ RunTime:0.0541s ]
INFO: [ view_parse ] --START--
INFO: [ template_filter ] --START--
INFO: Run Behavior\ContentReplaceBehavior [ RunTime:0.023426s ]
INFO: [ template_filter ] --END-- [ RunTime:0.023579s ]
NOTIC: [2] Use of undefined constant row - assumed 'row' (this will throw an Error in a future version of PHP) D:\myTp\mytp\Application\Runtime\Cache\Home\2a94b8bda04ff446dcedd42276fc99ee.php 第 167 行.
NOTIC: [2] Illegal string offset 'id' D:\myTp\mytp\Application\Runtime\Cache\Home\2a94b8bda04ff446dcedd42276fc99ee.php 第 167 行.
INFO: Run Behavior\ParseTemplateBehavior [ RunTime:0.275077s ]
INFO: [ view_parse ] --END-- [ RunTime:0.275231s ]
INFO: [ view_filter ] --START--
INFO: Run Behavior\WriteHtmlCacheBehavior [ RunTime:0.015591s ]
INFO: [ view_filter ] --END-- [ RunTime:0.015745s ]
INFO: [ app_end ] --START--
INFO: Run Behavior\ShowPageTraceBehavior [ RunTime:0.030412s ]
INFO: [ app_end ] --END-- [ RunTime:0.030541s ]

[ 2019-12-07T15:26:41+08:00 ] 127.0.0.1 /favicon.ico
INFO: [ app_init ] --START--
INFO: Run Behavior\BuildLiteBehavior [ RunTime:0.000043s ]
INFO: [ app_init ] --END-- [ RunTime:0.002790s ]

[ 2019-12-07T15:29:25+08:00 ] 127.0.0.1 /index.php/Cate/cateList/0/r.html
INFO: [ app_init ] --START--
INFO: Run Behavior\BuildLiteBehavior [ RunTime:0.000020s ]
INFO: [ app_init ] --END-- [ RunTime:0.037705s ]
INFO: [ app_begin ] --START--
INFO: Run Behavior\ReadHtmlCacheBehavior [ RunTime:0.030739s ]
INFO: [ app_begin ] --END-- [ RunTime:0.030895s ]
SQL: SHOW COLUMNS FROM `category` [ RunTime:0.1139s ]
SQL: SELECT * FROM `category`  [ RunTime:0.0313s ]
INFO: [ view_parse ] --START--
INFO: [ template_filter ] --START--
INFO: Run Behavior\ContentReplaceBehavior [ RunTime:0.037887s ]
INFO: [ template_filter ] --END-- [ RunTime:0.037957s ]
NOTIC: [2] Use of undefined constant row - assumed 'row' (this will throw an Error in a future version of PHP) D:\myTp\mytp\Application\Runtime\Cache\Home\f3737535a7866d3676c186b77aec0fa0.php 第 70 行.
NOTIC: [2] Illegal string offset 'id' D:\myTp\mytp\Application\Runtime\Cache\Home\f3737535a7866d3676c186b77aec0fa0.php 第 70 行.
INFO: Run Behavior\ParseTemplateBehavior [ RunTime:0.178817s ]
INFO: [ view_parse ] --END-- [ RunTime:0.178861s ]
INFO: [ view_filter ] --START--
INFO: Run Behavior\WriteHtmlCacheBehavior [ RunTime:0.020630s ]
INFO: [ view_filter ] --END-- [ RunTime:0.020737s ]
INFO: [ app_end ] --START--
INFO: Run Behavior\ShowPageTraceBehavior [ RunTime:0.028924s ]
INFO: [ app_end ] --END-- [ RunTime:0.029107s ]

[ 2019-12-07T15:29:26+08:00 ] 127.0.0.1 /Public/Home/js/scale.js
INFO: [ app_init ] --START--
INFO: Run Behavior\BuildLiteBehavior [ RunTime:0.000006s ]
INFO: [ app_init ] --END-- [ RunTime:0.000265s ]
INFO: [ app_begin ] --START--
INFO: Run Behavior\ReadHtmlCacheBehavior [ RunTime:0.000382s ]
INFO: [ app_begin ] --END-- [ RunTime:0.000413s ]
INFO: [ view_parse ] --START--
INFO: [ template_filter ] --START--
INFO: Run Behavior\ContentReplaceBehavior [ RunTime:0.000073s ]
INFO: [ template_filter ] --END-- [ RunTime:0.000161s ]
INFO: Run Behavior\ParseTemplateBehavior [ RunTime:0.018429s ]
INFO: [ view_parse ] --END-- [ RunTime:0.018607s ]
INFO: [ view_filter ] --START--
INFO: Run Behavior\WriteHtmlCacheBehavior [ RunTime:0.000970s ]
INFO: [ view_filter ] --END-- [ RunTime:0.001055s ]
INFO: [ app_end ] --START--
INFO: Run Behavior\ShowPageTraceBehavior [ RunTime:0.001898s ]
INFO: [ app_end ] --END-- [ RunTime:0.002017s ]

[ 2019-12-07T15:29:27+08:00 ] 127.0.0.1 /Public/Home/js/hammer.min.js
INFO: [ app_init ] --START--
INFO: Run Behavior\BuildLiteBehavior [ RunTime:0.000010s ]
INFO: [ app_init ] --END-- [ RunTime:0.000508s ]
INFO: [ app_begin ] --START--
INFO: Run Behavior\ReadHtmlCacheBehavior [ RunTime:0.000554s ]
INFO: [ app_begin ] --END-- [ RunTime:0.000600s ]
INFO: [ view_parse ] --START--
INFO: [ template_filter ] --START--
INFO: Run Behavior\ContentReplaceBehavior [ RunTime:0.000018s ]
INFO: [ template_filter ] --END-- [ RunTime:0.000082s ]
INFO: Run Behavior\ParseTemplateBehavior [ RunTime:0.003540s ]
INFO: [ view_parse ] --END-- [ RunTime:0.003569s ]
INFO: [ view_filter ] --START--
INFO: Run Behavior\WriteHtmlCacheBehavior [ RunTime:0.000226s ]
INFO: [ view_filter ] --END-- [ RunTime:0.000242s ]
INFO: [ app_end ] --START--
INFO: Run Behavior\ShowPageTraceBehavior [ RunTime:0.000358s ]
INFO: [ app_end ] --END-- [ RunTime:0.000375s ]

[ 2019-12-07T15:29:41+08:00 ] 127.0.0.1 /index.php/Cate/cateList1.html?id=2
INFO: [ app_init ] --START--
INFO: Run Behavior\BuildLiteBehavior [ RunTime:0.000010s ]
INFO: [ app_init ] --END-- [ RunTime:0.000481s ]
INFO: [ app_begin ] --START--
INFO: Run Behavior\ReadHtmlCacheBehavior [ RunTime:0.001223s ]
INFO: [ app_begin ] --END-- [ RunTime:0.001363s ]
SQL: SHOW COLUMNS FROM `category` [ RunTime:0.0052s ]
SQL: SELECT * FROM `category` WHERE `pid` = 2  [ RunTime:0.0004s ]
INFO: [ view_parse ] --START--
INFO: [ template_filter ] --START--
INFO: Run Behavior\ContentReplaceBehavior [ RunTime:0.000039s ]
INFO: [ template_filter ] --END-- [ RunTime:0.000075s ]
NOTIC: [2] Use of undefined constant row - assumed 'row' (this will throw an Error in a future version of PHP) D:\myTp\mytp\Application\Runtime\Cache\Home\ecf0b782dc566a90be5fd50f3c0bbca4.php 第 70 行.
NOTIC: [2] Illegal string offset 'id' D:\myTp\mytp\Application\Runtime\Cache\Home\ecf0b782dc566a90be5fd50f3c0bbca4.php 第 70 行.
INFO: Run Behavior\ParseTemplateBehavior [ RunTime:0.063184s ]
INFO: [ view_parse ] --END-- [ RunTime:0.063223s ]
INFO: [ view_filter ] --START--
INFO: Run Behavior\WriteHtmlCacheBehavior [ RunTime:0.000627s ]
INFO: [ view_filter ] --END-- [ RunTime:0.000684s ]
INFO: [ app_end ] --START--
INFO: Run Behavior\ShowPageTraceBehavior [ RunTime:0.000797s ]
INFO: [ app_end ] --END-- [ RunTime:0.000836s ]

[ 2019-12-07T15:29:41+08:00 ] 127.0.0.1 /Public/Home/js/hammer.min.js
INFO: [ app_init ] --START--
INFO: Run Behavior\BuildLiteBehavior [ RunTime:0.000010s ]
INFO: [ app_init ] --END-- [ RunTime:0.000487s ]
INFO: [ app_begin ] --START--
INFO: Run Behavior\ReadHtmlCacheBehavior [ RunTime:0.000663s ]
INFO: [ app_begin ] --END-- [ RunTime:0.000709s ]
INFO: [ view_parse ] --START--
INFO: [ template_filter ] --START--
INFO: Run Behavior\ContentReplaceBehavior [ RunTime:0.000029s ]
INFO: [ template_filter ] --END-- [ RunTime:0.000076s ]
INFO: Run Behavior\ParseTemplateBehavior [ RunTime:0.005175s ]
INFO: [ view_parse ] --END-- [ RunTime:0.005227s ]
INFO: [ view_filter ] --START--
INFO: Run Behavior\WriteHtmlCacheBehavior [ RunTime:0.000371s ]
INFO: [ view_filter ] --END-- [ RunTime:0.000403s ]
INFO: [ app_end ] --START--
INFO: Run Behavior\ShowPageTraceBehavior [ RunTime:0.000726s ]
INFO: [ app_end ] --END-- [ RunTime:0.000766s ]

[ 2019-12-07T15:29:42+08:00 ] 127.0.0.1 /Public/Home/js/scale.js
INFO: [ app_init ] --START--
INFO: Run Behavior\BuildLiteBehavior [ RunTime:0.000021s ]
INFO: [ app_init ] --END-- [ RunTime:0.001146s ]
INFO: [ app_begin ] --START--
INFO: Run Behavior\ReadHtmlCacheBehavior [ RunTime:0.001004s ]
INFO: [ app_begin ] --END-- [ RunTime:0.001065s ]
INFO: [ view_parse ] --START--
INFO: [ template_filter ] --START--
INFO: Run Behavior\ContentReplaceBehavior [ RunTime:0.000035s ]
INFO: [ template_filter ] --END-- [ RunTime:0.000094s ]
INFO: Run Behavior\ParseTemplateBehavior [ RunTime:0.008755s ]
INFO: [ view_parse ] --END-- [ RunTime:0.008819s ]
INFO: [ view_filter ] --START--
INFO: Run Behavior\WriteHtmlCacheBehavior [ RunTime:0.000554s ]
INFO: [ view_filter ] --END-- [ RunTime:0.000596s ]
INFO: [ app_end ] --START--
INFO: Run Behavior\ShowPageTraceBehavior [ RunTime:0.001177s ]
INFO: [ app_end ] --END-- [ RunTime:0.001235s ]

[ 2019-12-07T15:29:55+08:00 ] 127.0.0.1 /index.php/Cate/cateList2.html?id=6
INFO: [ app_init ] --START--
INFO: Run Behavior\BuildLiteBehavior [ RunTime:0.000013s ]
INFO: [ app_init ] --END-- [ RunTime:0.000521s ]
INFO: [ app_begin ] --START--
INFO: Run Behavior\ReadHtmlCacheBehavior [ RunTime:0.001402s ]
INFO: [ app_begin ] --END-- [ RunTime:0.001555s ]
SQL: SHOW COLUMNS FROM `category` [ RunTime:0.0067s ]
SQL: SELECT * FROM `category` WHERE `pid` = 6  [ RunTime:0.0003s ]
INFO: [ view_parse ] --START--
INFO: [ template_filter ] --START--
INFO: Run Behavior\ContentReplaceBehavior [ RunTime:0.000045s ]
INFO: [ template_filter ] --END-- [ RunTime:0.000078s ]
NOTIC: [2] Use of undefined constant row - assumed 'row' (this will throw an Error in a future version of PHP) D:\myTp\mytp\Application\Runtime\Cache\Home\68ec3b70b85f55cc0d1b7cb3c9b1eca8.php 第 70 行.
NOTIC: [2] Illegal string offset 'id' D:\myTp\mytp\Application\Runtime\Cache\Home\68ec3b70b85f55cc0d1b7cb3c9b1eca8.php 第 70 行.
INFO: Run Behavior\ParseTemplateBehavior [ RunTime:0.031640s ]
INFO: [ view_parse ] --END-- [ RunTime:0.031662s ]
INFO: [ view_filter ] --START--
INFO: Run Behavior\WriteHtmlCacheBehavior [ RunTime:0.000276s ]
INFO: [ view_filter ] --END-- [ RunTime:0.000294s ]
INFO: [ app_end ] --START--
INFO: Run Behavior\ShowPageTraceBehavior [ RunTime:0.000393s ]
INFO: [ app_end ] --END-- [ RunTime:0.000412s ]

[ 2019-12-07T15:29:55+08:00 ] 127.0.0.1 /Public/Home/js/scale.js
INFO: [ app_init ] --START--
INFO: Run Behavior\BuildLiteBehavior [ RunTime:0.000013s ]
INFO: [ app_init ] --END-- [ RunTime:0.000550s ]
INFO: [ app_begin ] --START--
INFO: Run Behavior\ReadHtmlCacheBehavior [ RunTime:0.001627s ]
INFO: [ app_begin ] --END-- [ RunTime:0.001801s ]
INFO: [ view_parse ] --START--
INFO: [ template_filter ] --START--
INFO: Run Behavior\ContentReplaceBehavior [ RunTime:0.000027s ]
INFO: [ template_filter ] --END-- [ RunTime:0.000087s ]
INFO: Run Behavior\ParseTemplateBehavior [ RunTime:0.005958s ]
INFO: [ view_parse ] --END-- [ RunTime:0.006011s ]
INFO: [ view_filter ] --START--
INFO: Run Behavior\WriteHtmlCacheBehavior [ RunTime:0.000616s ]
INFO: [ view_filter ] --END-- [ RunTime:0.000659s ]
INFO: [ app_end ] --START--
INFO: Run Behavior\ShowPageTraceBehavior [ RunTime:0.001719s ]
INFO: [ app_end ] --END-- [ RunTime:0.001859s ]

[ 2019-12-07T15:29:56+08:00 ] 127.0.0.1 /Public/Home/js/hammer.min.js
INFO: [ app_init ] --START--
INFO: Run Behavior\BuildLiteBehavior [ RunTime:0.000015s ]
INFO: [ app_init ] --END-- [ RunTime:0.000547s ]
INFO: [ app_begin ] --START--
INFO: Run Behavior\ReadHtmlCacheBehavior [ RunTime:0.000775s ]
INFO: [ app_begin ] --END-- [ RunTime:0.000822s ]
INFO: [ view_parse ] --START--
INFO: [ template_filter ] --START--
INFO: Run Behavior\ContentReplaceBehavior [ RunTime:0.000016s ]
INFO: [ template_filter ] --END-- [ RunTime:0.000044s ]
INFO: Run Behavior\ParseTemplateBehavior [ RunTime:0.003363s ]
INFO: [ view_parse ] --END-- [ RunTime:0.003395s ]
INFO: [ view_filter ] --START--
INFO: Run Behavior\WriteHtmlCacheBehavior [ RunTime:0.000227s ]
INFO: [ view_filter ] --END-- [ RunTime:0.000244s ]
INFO: [ app_end ] --START--
INFO: Run Behavior\ShowPageTraceBehavior [ RunTime:0.000440s ]
INFO: [ app_end ] --END-- [ RunTime:0.000464s ]

[ 2019-12-07T15:30:02+08:00 ] 127.0.0.1 /index.php/Cate/goodsList.html?id=14
INFO: [ app_init ] --START--
INFO: Run Behavior\BuildLiteBehavior [ RunTime:0.000007s ]
INFO: [ app_init ] --END-- [ RunTime:0.000312s ]
INFO: [ app_begin ] --START--
INFO: Run Behavior\ReadHtmlCacheBehavior [ RunTime:0.000405s ]
INFO: [ app_begin ] --END-- [ RunTime:0.000429s ]
SQL: SHOW COLUMNS FROM `category` [ RunTime:0.0776s ]
SQL: SHOW COLUMNS FROM `goods` [ RunTime:0.0672s ]
SQL: SELECT * FROM `category`  [ RunTime:0.0018s ]
SQL: SELECT * FROM `goods` WHERE `cate_id` = 14  [ RunTime:0.0027s ]
INFO: [ view_parse ] --START--
INFO: [ template_filter ] --START--
INFO: Run Behavior\ContentReplaceBehavior [ RunTime:0.000471s ]
INFO: [ template_filter ] --END-- [ RunTime:0.000645s ]
NOTIC: [2] Use of undefined constant row - assumed 'row' (this will throw an Error in a future version of PHP) D:\myTp\mytp\Application\Runtime\Cache\Home\91f589bf0ec112986e355731c3e6ff0b.php 第 93 行.
NOTIC: [2] Illegal string offset 'id' D:\myTp\mytp\Application\Runtime\Cache\Home\91f589bf0ec112986e355731c3e6ff0b.php 第 93 行.
INFO: Run Behavior\ParseTemplateBehavior [ RunTime:0.100644s ]
INFO: [ view_parse ] --END-- [ RunTime:0.100760s ]
INFO: [ view_filter ] --START--
INFO: Run Behavior\WriteHtmlCacheBehavior [ RunTime:0.000951s ]
INFO: [ view_filter ] --END-- [ RunTime:0.001032s ]
INFO: [ app_end ] --START--
INFO: Run Behavior\ShowPageTraceBehavior [ RunTime:0.003280s ]
INFO: [ app_end ] --END-- [ RunTime:0.003405s ]

[ 2019-12-07T15:30:12+08:00 ] 127.0.0.1 /index.php/Cate/goodsList.html?id=15
INFO: [ app_init ] --START--
INFO: Run Behavior\BuildLiteBehavior [ RunTime:0.000012s ]
INFO: [ app_init ] --END-- [ RunTime:0.000575s ]
INFO: [ app_begin ] --START--
INFO: Run Behavior\ReadHtmlCacheBehavior [ RunTime:0.000581s ]
INFO: [ app_begin ] --END-- [ RunTime:0.000621s ]
SQL: SHOW COLUMNS FROM `category` [ RunTime:0.0357s ]
SQL: SHOW COLUMNS FROM `goods` [ RunTime:0.0347s ]
SQL: SELECT * FROM `category`  [ RunTime:0.0014s ]
SQL: SELECT * FROM `goods` WHERE `cate_id` = 15  [ RunTime:0.0016s ]
INFO: [ view_parse ] --START--
INFO: [ template_filter ] --START--
INFO: Run Behavior\ContentReplaceBehavior [ RunTime:0.000261s ]
INFO: [ template_filter ] --END-- [ RunTime:0.000490s ]
NOTIC: [2] Use of undefined constant row - assumed 'row' (this will throw an Error in a future version of PHP) D:\myTp\mytp\Application\Runtime\Cache\Home\91f589bf0ec112986e355731c3e6ff0b.php 第 93 行.
NOTIC: [2] Illegal string offset 'id' D:\myTp\mytp\Application\Runtime\Cache\Home\91f589bf0ec112986e355731c3e6ff0b.php 第 93 行.
INFO: Run Behavior\ParseTemplateBehavior [ RunTime:0.030873s ]
INFO: [ view_parse ] --END-- [ RunTime:0.030993s ]
INFO: [ view_filter ] --START--
INFO: Run Behavior\WriteHtmlCacheBehavior [ RunTime:0.001460s ]
INFO: [ view_filter ] --END-- [ RunTime:0.001559s ]
INFO: [ app_end ] --START--
INFO: Run Behavior\ShowPageTraceBehavior [ RunTime:0.002440s ]
INFO: [ app_end ] --END-- [ RunTime:0.002557s ]

[ 2019-12-07T15:30:18+08:00 ] 127.0.0.1 /index.php/Goods/goodsDetail.html?id=12
INFO: [ app_init ] --START--
INFO: Run Behavior\BuildLiteBehavior [ RunTime:0.000010s ]
INFO: [ app_init ] --END-- [ RunTime:0.000523s ]
INFO: [ app_begin ] --START--
INFO: Run Behavior\ReadHtmlCacheBehavior [ RunTime:0.000749s ]
INFO: [ app_begin ] --END-- [ RunTime:0.000793s ]
SQL: SHOW COLUMNS FROM `goods` [ RunTime:0.1282s ]
SQL: SELECT * FROM `goods` WHERE `id` = 12 LIMIT 1   [ RunTime:0.0587s ]
INFO: [ view_parse ] --START--
INFO: [ template_filter ] --START--
INFO: Run Behavior\ContentReplaceBehavior [ RunTime:0.000263s ]
INFO: [ template_filter ] --END-- [ RunTime:0.000456s ]
INFO: Run Behavior\ParseTemplateBehavior [ RunTime:0.122511s ]
INFO: [ view_parse ] --END-- [ RunTime:0.122592s ]
INFO: [ view_filter ] --START--
INFO: Run Behavior\WriteHtmlCacheBehavior [ RunTime:0.000280s ]
INFO: [ view_filter ] --END-- [ RunTime:0.000299s ]
INFO: [ app_end ] --START--
INFO: Run Behavior\ShowPageTraceBehavior [ RunTime:0.000484s ]
INFO: [ app_end ] --END-- [ RunTime:0.000506s ]

[ 2019-12-07T15:48:24+08:00 ] 127.0.0.1 /index.php/Goods/ajaxAddCart.html
INFO: [ app_init ] --START--
INFO: Run Behavior\BuildLiteBehavior [ RunTime:0.000006s ]
INFO: [ app_init ] --END-- [ RunTime:0.000356s ]
INFO: [ app_begin ] --START--
INFO: Run Behavior\ReadHtmlCacheBehavior [ RunTime:0.000714s ]
INFO: [ app_begin ] --END-- [ RunTime:0.000747s ]
SQL: SHOW COLUMNS FROM `cart` [ RunTime:0.0945s ]

[ 2019-12-07T15:48:29+08:00 ] 127.0.0.1 /index.php/Home/Index/login.html?url=Goods/goodsDetail&id=12
INFO: [ app_init ] --START--
INFO: Run Behavior\BuildLiteBehavior [ RunTime:0.000009s ]
INFO: [ app_init ] --END-- [ RunTime:0.000428s ]
INFO: [ app_begin ] --START--
INFO: Run Behavior\ReadHtmlCacheBehavior [ RunTime:0.000570s ]
INFO: [ app_begin ] --END-- [ RunTime:0.000609s ]
INFO: [ view_parse ] --START--
INFO: [ template_filter ] --START--
INFO: Run Behavior\ContentReplaceBehavior [ RunTime:0.007580s ]
INFO: [ template_filter ] --END-- [ RunTime:0.007790s ]
INFO: Run Behavior\ParseTemplateBehavior [ RunTime:0.286695s ]
INFO: [ view_parse ] --END-- [ RunTime:0.286791s ]
INFO: [ view_filter ] --START--
INFO: Run Behavior\WriteHtmlCacheBehavior [ RunTime:0.016400s ]
INFO: [ view_filter ] --END-- [ RunTime:0.016572s ]
INFO: [ app_end ] --START--
INFO: Run Behavior\ShowPageTraceBehavior [ RunTime:0.028847s ]
INFO: [ app_end ] --END-- [ RunTime:0.028992s ]

[ 2019-12-07T15:48:40+08:00 ] 127.0.0.1 /index.php/Index/ajaxLogin.html
INFO: [ app_init ] --START--
INFO: Run Behavior\BuildLiteBehavior [ RunTime:0.000005s ]
INFO: [ app_init ] --END-- [ RunTime:0.000250s ]
INFO: [ app_begin ] --START--
INFO: Run Behavior\ReadHtmlCacheBehavior [ RunTime:0.000379s ]
INFO: [ app_begin ] --END-- [ RunTime:0.000399s ]
SQL: SHOW COLUMNS FROM `user` [ RunTime:0.1138s ]
SQL: SELECT * FROM `user` LIMIT 1   [ RunTime:0.0794s ]

[ 2019-12-07T15:48:52+08:00 ] 127.0.0.1 /index.php/Index/ajaxLogin.html
INFO: [ app_init ] --START--
INFO: Run Behavior\BuildLiteBehavior [ RunTime:0.000009s ]
INFO: [ app_init ] --END-- [ RunTime:0.000364s ]
INFO: [ app_begin ] --START--
INFO: Run Behavior\ReadHtmlCacheBehavior [ RunTime:0.000469s ]
INFO: [ app_begin ] --END-- [ RunTime:0.000493s ]
SQL: SHOW COLUMNS FROM `user` [ RunTime:0.1200s ]
SQL: SELECT * FROM `user` LIMIT 1   [ RunTime:0.0006s ]

[ 2019-12-07T15:48:55+08:00 ] 127.0.0.1 /index.php/Index/ajaxLogin.html
INFO: [ app_init ] --START--
INFO: Run Behavior\BuildLiteBehavior [ RunTime:0.000007s ]
INFO: [ app_init ] --END-- [ RunTime:0.000359s ]
INFO: [ app_begin ] --START--
INFO: Run Behavior\ReadHtmlCacheBehavior [ RunTime:0.000432s ]
INFO: [ app_begin ] --END-- [ RunTime:0.000454s ]
SQL: SHOW COLUMNS FROM `user` [ RunTime:0.0389s ]
SQL: SELECT * FROM `user` LIMIT 1   [ RunTime:0.0103s ]

[ 2019-12-07T15:49:00+08:00 ] 127.0.0.1 /index.php/Index/loginAction.html?url=Goods/goodsDetail&id=12
INFO: [ app_init ] --START--
INFO: Run Behavior\BuildLiteBehavior [ RunTime:0.000011s ]
INFO: [ app_init ] --END-- [ RunTime:0.000474s ]
INFO: [ app_begin ] --START--
INFO: Run Behavior\ReadHtmlCacheBehavior [ RunTime:0.000594s ]
INFO: [ app_begin ] --END-- [ RunTime:0.000631s ]
SQL: SHOW COLUMNS FROM `goods` [ RunTime:0.0322s ]
SQL: SELECT * FROM `goods` WHERE `id` = 12 LIMIT 1   [ RunTime:0.0148s ]
SQL: SHOW COLUMNS FROM `user` [ RunTime:0.0282s ]
SQL: SELECT * FROM `user` WHERE `username` = '尔小鱼' LIMIT 1   [ RunTime:0.0391s ]

[ 2019-12-07T15:49:03+08:00 ] 127.0.0.1 /index.php/Goods/goodsDetail/id/12/cate_id/15/addr/2/goods_name/%E5%A4%A7%E5%A4%A9%E9%B9%85%E5%8D%8A%E8%87%AA%E5%8A%A8%E6%B4%97%E8%A1%A3%E6%9C%BA/goods_price/4.00/goods_num/100/goods_pic/18.jpg15717252887666.jpg/goods_detail/%E8%BF%99%E4%B8%AA%E5%95%86%E5%93%81%E5%A5%BD%E5%95%8A%21%21%21/is_hot/0/hit/1/is_del/0/lunbo/0.html
INFO: [ app_init ] --START--
INFO: Run Behavior\BuildLiteBehavior [ RunTime:0.000038s ]
INFO: [ app_init ] --END-- [ RunTime:0.002084s ]
INFO: [ app_begin ] --START--
INFO: Run Behavior\ReadHtmlCacheBehavior [ RunTime:0.001976s ]
INFO: [ app_begin ] --END-- [ RunTime:0.002088s ]
SQL: SHOW COLUMNS FROM `goods` [ RunTime:0.0105s ]
SQL: SELECT * FROM `goods` WHERE `id` = 12 LIMIT 1   [ RunTime:0.0004s ]
INFO: [ view_parse ] --START--
INFO: [ template_filter ] --START--
INFO: Run Behavior\ContentReplaceBehavior [ RunTime:0.000194s ]
INFO: [ template_filter ] --END-- [ RunTime:0.000347s ]
INFO: Run Behavior\ParseTemplateBehavior [ RunTime:0.134927s ]
INFO: [ view_parse ] --END-- [ RunTime:0.135011s ]
INFO: [ view_filter ] --START--
INFO: Run Behavior\WriteHtmlCacheBehavior [ RunTime:0.001162s ]
INFO: [ view_filter ] --END-- [ RunTime:0.001274s ]
INFO: [ app_end ] --START--
INFO: Run Behavior\ShowPageTraceBehavior [ RunTime:0.003642s ]
INFO: [ app_end ] --END-- [ RunTime:0.003829s ]

[ 2019-12-07T15:49:41+08:00 ] 127.0.0.1 /index.php/Goods/cart.html
INFO: [ app_init ] --START--
INFO: Run Behavior\BuildLiteBehavior [ RunTime:0.000007s ]
INFO: [ app_init ] --END-- [ RunTime:0.000317s ]
INFO: [ app_begin ] --START--
INFO: Run Behavior\ReadHtmlCacheBehavior [ RunTime:0.000617s ]
INFO: [ app_begin ] --END-- [ RunTime:0.000650s ]
SQL: SHOW COLUMNS FROM `cart` [ RunTime:0.0324s ]
SQL: SELECT cart.num,cart.uid,cart.gid,goods.goods_name,goods.goods_price,goods.goods_pic,goods.goods_detail,goods.goods_num FROM `cart` INNER JOIN goods ON cart.gid = goods.id  WHERE `uid` = '38'  [ RunTime:0.1359s ]
INFO: [ view_parse ] --START--
INFO: [ template_filter ] --START--
INFO: Run Behavior\ContentReplaceBehavior [ RunTime:0.000215s ]
INFO: [ template_filter ] --END-- [ RunTime:0.000361s ]
INFO: Run Behavior\ParseTemplateBehavior [ RunTime:0.058096s ]
INFO: [ view_parse ] --END-- [ RunTime:0.058261s ]
INFO: [ view_filter ] --START--
INFO: Run Behavior\WriteHtmlCacheBehavior [ RunTime:0.001274s ]
INFO: [ view_filter ] --END-- [ RunTime:0.001366s ]
INFO: [ app_end ] --START--
INFO: Run Behavior\ShowPageTraceBehavior [ RunTime:0.002240s ]
INFO: [ app_end ] --END-- [ RunTime:0.002352s ]

[ 2019-12-07T15:49:42+08:00 ] 127.0.0.1 /Public/Home1/images/icon/icon-kin.png
INFO: [ app_init ] --START--
INFO: Run Behavior\BuildLiteBehavior [ RunTime:0.000024s ]
INFO: [ app_init ] --END-- [ RunTime:0.001158s ]

[ 2019-12-07T15:49:57+08:00 ] 127.0.0.1 /index.php/Goods/ajaxAddCart.html
INFO: [ app_init ] --START--
INFO: Run Behavior\BuildLiteBehavior [ RunTime:0.000008s ]
INFO: [ app_init ] --END-- [ RunTime:0.000350s ]
INFO: [ app_begin ] --START--
INFO: Run Behavior\ReadHtmlCacheBehavior [ RunTime:0.000406s ]
INFO: [ app_begin ] --END-- [ RunTime:0.000429s ]
SQL: SHOW COLUMNS FROM `cart` [ RunTime:0.0149s ]
SQL: SELECT * FROM `cart` WHERE `gid` = 12 AND `uid` = 38 LIMIT 1   [ RunTime:0.0004s ]
SQL: INSERT INTO `cart` (`gid`,`uid`,`num`) VALUES ('12','38','1') [ RunTime:0.0662s ]

[ 2019-12-07T15:50:05+08:00 ] 127.0.0.1 /index.php/Goods/cart.html
INFO: [ app_init ] --START--
INFO: Run Behavior\BuildLiteBehavior [ RunTime:0.000008s ]
INFO: [ app_init ] --END-- [ RunTime:0.000320s ]
INFO: [ app_begin ] --START--
INFO: Run Behavior\ReadHtmlCacheBehavior [ RunTime:0.000339s ]
INFO: [ app_begin ] --END-- [ RunTime:0.000359s ]
SQL: SHOW COLUMNS FROM `cart` [ RunTime:0.0073s ]
SQL: SELECT cart.num,cart.uid,cart.gid,goods.goods_name,goods.goods_price,goods.goods_pic,goods.goods_detail,goods.goods_num FROM `cart` INNER JOIN goods ON cart.gid = goods.id  WHERE `uid` = '38'  [ RunTime:0.0004s ]
INFO: [ view_parse ] --START--
INFO: [ template_filter ] --START--
INFO: Run Behavior\ContentReplaceBehavior [ RunTime:0.000032s ]
INFO: [ template_filter ] --END-- [ RunTime:0.000053s ]
INFO: Run Behavior\ParseTemplateBehavior [ RunTime:0.004150s ]
INFO: [ view_parse ] --END-- [ RunTime:0.004175s ]
INFO: [ view_filter ] --START--
INFO: Run Behavior\WriteHtmlCacheBehavior [ RunTime:0.000261s ]
INFO: [ view_filter ] --END-- [ RunTime:0.000278s ]
INFO: [ app_end ] --START--
INFO: Run Behavior\ShowPageTraceBehavior [ RunTime:0.000373s ]
INFO: [ app_end ] --END-- [ RunTime:0.000391s ]

[ 2019-12-07T15:50:05+08:00 ] 127.0.0.1 /Public/Home1/images/icon/icon-kin.png
INFO: [ app_init ] --START--
INFO: Run Behavior\BuildLiteBehavior [ RunTime:0.000017s ]
INFO: [ app_init ] --END-- [ RunTime:0.000648s ]

[ 2019-12-07T22:25:57+08:00 ] 127.0.0.1 /index.php/Goods/cart.html
INFO: [ app_init ] --START--
INFO: Run Behavior\BuildLiteBehavior [ RunTime:0.000010s ]
INFO: [ app_init ] --END-- [ RunTime:0.000566s ]
INFO: [ app_begin ] --START--
INFO: Run Behavior\ReadHtmlCacheBehavior [ RunTime:0.000572s ]
INFO: [ app_begin ] --END-- [ RunTime:0.000611s ]
SQL: SHOW COLUMNS FROM `cart` [ RunTime:0.3468s ]
SQL: SELECT cart.num,cart.uid,cart.gid,goods.goods_name,goods.goods_price,goods.goods_pic,goods.goods_detail,goods.goods_num FROM `cart` INNER JOIN goods ON cart.gid = goods.id  WHERE `uid` = '38'  [ RunTime:0.2009s ]
INFO: [ view_parse ] --START--
INFO: [ template_filter ] --START--
INFO: Run Behavior\ContentReplaceBehavior [ RunTime:0.184867s ]
INFO: [ template_filter ] --END-- [ RunTime:0.184913s ]
INFO: Run Behavior\ParseTemplateBehavior [ RunTime:1.397018s ]
INFO: [ view_parse ] --END-- [ RunTime:1.397077s ]
INFO: [ view_filter ] --START--
INFO: Run Behavior\WriteHtmlCacheBehavior [ RunTime:0.033455s ]
INFO: [ view_filter ] --END-- [ RunTime:0.033530s ]
INFO: [ app_end ] --START--
INFO: Run Behavior\ShowPageTraceBehavior [ RunTime:0.050796s ]
INFO: [ app_end ] --END-- [ RunTime:0.050842s ]

[ 2019-12-07T22:26:02+08:00 ] 127.0.0.1 /Public/Home1/images/icon/icon-kin.png
INFO: [ app_init ] --START--
INFO: Run Behavior\BuildLiteBehavior [ RunTime:0.000006s ]
INFO: [ app_init ] --END-- [ RunTime:0.000222s ]

[ 2019-12-07T22:26:11+08:00 ] 127.0.0.1 /favicon.ico
INFO: [ app_init ] --START--
INFO: Run Behavior\BuildLiteBehavior [ RunTime:0.000006s ]
INFO: [ app_init ] --END-- [ RunTime:0.000214s ]

