[ 2019-11-21T19:36:00+08:00 ] 127.0.0.1 /index.php/Goods/ajaxAddCart.html
INFO: [ app_begin ] --START--
INFO: Run Behavior\ReadHtmlCacheBehavior [ RunTime:0.000287s ]
INFO: [ app_begin ] --END-- [ RunTime:0.000508s ]
SQL: SHOW COLUMNS FROM `cart` [ RunTime:0.0052s ]

[ 2019-11-21T19:36:20+08:00 ] 127.0.0.1 /index.php/Index/ajaxLogin.html
INFO: [ app_begin ] --START--
INFO: Run Behavior\ReadHtmlCacheBehavior [ RunTime:0.000288s ]
INFO: [ app_begin ] --END-- [ RunTime:0.000503s ]
SQL: SHOW COLUMNS FROM `user` [ RunTime:0.0045s ]
SQL: SELECT * FROM `user` LIMIT 1   [ RunTime:0.0177s ]

[ 2019-11-21T19:37:18+08:00 ] 127.0.0.1 /index.php/Index/ajaxLogin.html
INFO: [ app_begin ] --START--
INFO: Run Behavior\ReadHtmlCacheBehavior [ RunTime:0.000341s ]
INFO: [ app_begin ] --END-- [ RunTime:0.000593s ]
SQL: SHOW COLUMNS FROM `user` [ RunTime:0.0206s ]
SQL: SELECT * FROM `user` LIMIT 1   [ RunTime:0.0011s ]

[ 2019-11-21T19:40:14+08:00 ] 127.0.0.1 /index.php/Goods/ajaxAddCart.html
INFO: [ app_begin ] --START--
INFO: Run Behavior\ReadHtmlCacheBehavior [ RunTime:0.000627s ]
INFO: [ app_begin ] --END-- [ RunTime:0.001050s ]
SQL: SHOW COLUMNS FROM `cart` [ RunTime:0.0084s ]

[ 2019-11-21T19:40:26+08:00 ] 127.0.0.1 /index.php/Index/ajaxLogin.html
INFO: [ app_begin ] --START--
INFO: Run Behavior\ReadHtmlCacheBehavior [ RunTime:0.000643s ]
INFO: [ app_begin ] --END-- [ RunTime:0.001143s ]
SQL: SHOW COLUMNS FROM `user` [ RunTime:0.0269s ]
SQL: SELECT * FROM `user` LIMIT 1   [ RunTime:0.0015s ]

[ 2019-11-21T20:14:37+08:00 ] 127.0.0.1 /index.php/Index/ajaxLogin.html
INFO: [ app_begin ] --START--
INFO: Run Behavior\ReadHtmlCacheBehavior [ RunTime:0.000607s ]
INFO: [ app_begin ] --END-- [ RunTime:0.001120s ]
SQL: SHOW COLUMNS FROM `user` [ RunTime:0.0214s ]
SQL: SELECT * FROM `user` LIMIT 1   [ RunTime:0.0008s ]

[ 2019-11-21T20:15:10+08:00 ] 127.0.0.1 /index.php/Goods/ajaxAddCart.html
INFO: [ app_begin ] --START--
INFO: Run Behavior\ReadHtmlCacheBehavior [ RunTime:0.000454s ]
INFO: [ app_begin ] --END-- [ RunTime:0.000778s ]
SQL: SHOW COLUMNS FROM `cart` [ RunTime:0.0252s ]
SQL: SELECT * FROM `cart` WHERE `gid` = 24 AND `uid` = 38 LIMIT 1   [ RunTime:0.1195s ]
ERR: Class 'Home\Controller\DB' not found

[ 2019-11-21T20:15:13+08:00 ] 127.0.0.1 /index.php/Goods/ajaxAddCart.html
INFO: [ app_begin ] --START--
INFO: Run Behavior\ReadHtmlCacheBehavior [ RunTime:0.002080s ]
INFO: [ app_begin ] --END-- [ RunTime:0.002853s ]
SQL: SHOW COLUMNS FROM `cart` [ RunTime:0.0070s ]
SQL: SELECT * FROM `cart` WHERE `gid` = 24 AND `uid` = 38 LIMIT 1   [ RunTime:0.0003s ]
ERR: Class 'Home\Controller\DB' not found

[ 2019-11-21T20:15:17+08:00 ] 127.0.0.1 /index.php/Goods/ajaxAddCart.html
INFO: [ app_begin ] --START--
INFO: Run Behavior\ReadHtmlCacheBehavior [ RunTime:0.000410s ]
INFO: [ app_begin ] --END-- [ RunTime:0.000741s ]
SQL: SHOW COLUMNS FROM `cart` [ RunTime:0.0204s ]
SQL: SELECT * FROM `cart` WHERE `gid` = 24 AND `uid` = 38 LIMIT 1   [ RunTime:0.0008s ]
ERR: Class 'Home\Controller\DB' not found

[ 2019-11-21T20:15:18+08:00 ] 127.0.0.1 /index.php/Goods/ajaxAddCart.html
INFO: [ app_begin ] --START--
INFO: Run Behavior\ReadHtmlCacheBehavior [ RunTime:0.000579s ]
INFO: [ app_begin ] --END-- [ RunTime:0.001096s ]
SQL: SHOW COLUMNS FROM `cart` [ RunTime:0.0125s ]
SQL: SELECT * FROM `cart` WHERE `gid` = 24 AND `uid` = 38 LIMIT 1   [ RunTime:0.0005s ]
ERR: Class 'Home\Controller\DB' not found

[ 2019-11-21T20:21:11+08:00 ] 127.0.0.1 /index.php/Goods/ajaxAddCart.html
INFO: [ app_begin ] --START--
INFO: Run Behavior\ReadHtmlCacheBehavior [ RunTime:0.000412s ]
INFO: [ app_begin ] --END-- [ RunTime:0.000726s ]
SQL: SHOW COLUMNS FROM `cart` [ RunTime:0.0202s ]

[ 2019-11-21T20:22:41+08:00 ] 127.0.0.1 /index.php/Goods/ajaxAddCart.html
INFO: [ app_begin ] --START--
INFO: Run Behavior\ReadHtmlCacheBehavior [ RunTime:0.000408s ]
INFO: [ app_begin ] --END-- [ RunTime:0.000731s ]
SQL: SHOW COLUMNS FROM `cart` [ RunTime:0.0205s ]

[ 2019-11-21T20:39:10+08:00 ] 127.0.0.1 /index.php/Goods/ajaxAddCart.html
INFO: [ app_begin ] --START--
INFO: Run Behavior\ReadHtmlCacheBehavior [ RunTime:0.000689s ]
INFO: [ app_begin ] --END-- [ RunTime:0.001278s ]
SQL: SHOW COLUMNS FROM `cart` [ RunTime:0.0280s ]
SQL: SELECT * FROM `cart` WHERE `gid` = 24 AND `uid` = 38 LIMIT 1   [ RunTime:0.0011s ]
SQL: INSERT INTO `cart` (`gid`,`uid`,`num`) VALUES ('24','38','1') [ RunTime:0.0014s ]

[ 2019-11-21T21:07:46+08:00 ] 127.0.0.1 /index.php/Goods/ajaxAddCart.html
INFO: [ app_begin ] --START--
INFO: Run Behavior\ReadHtmlCacheBehavior [ RunTime:0.000659s ]
INFO: [ app_begin ] --END-- [ RunTime:0.001202s ]
SQL: SHOW COLUMNS FROM `cart` [ RunTime:0.0218s ]
SQL: SELECT * FROM `cart` WHERE `gid` = 24 AND `uid` = 38 LIMIT 1   [ RunTime:0.0009s ]
ERR: Think\Model:increment方法不存在！

[ 2019-11-21T21:07:48+08:00 ] 127.0.0.1 /index.php/Goods/ajaxAddCart.html
INFO: [ app_begin ] --START--
INFO: Run Behavior\ReadHtmlCacheBehavior [ RunTime:0.000906s ]
INFO: [ app_begin ] --END-- [ RunTime:0.001608s ]
SQL: SHOW COLUMNS FROM `cart` [ RunTime:0.0176s ]
SQL: SELECT * FROM `cart` WHERE `gid` = 24 AND `uid` = 38 LIMIT 1   [ RunTime:0.0007s ]
ERR: Think\Model:increment方法不存在！

[ 2019-11-21T21:07:50+08:00 ] 127.0.0.1 /index.php/Goods/ajaxAddCart.html
INFO: [ app_begin ] --START--
INFO: Run Behavior\ReadHtmlCacheBehavior [ RunTime:0.000444s ]
INFO: [ app_begin ] --END-- [ RunTime:0.000822s ]
SQL: SHOW COLUMNS FROM `cart` [ RunTime:0.0226s ]
SQL: SELECT * FROM `cart` WHERE `gid` = 24 AND `uid` = 38 LIMIT 1   [ RunTime:0.0006s ]
ERR: Think\Model:increment方法不存在！

[ 2019-11-21T21:07:53+08:00 ] 127.0.0.1 /index.php/Goods/ajaxAddCart.html
INFO: [ app_begin ] --START--
INFO: Run Behavior\ReadHtmlCacheBehavior [ RunTime:0.000413s ]
INFO: [ app_begin ] --END-- [ RunTime:0.000744s ]
SQL: SHOW COLUMNS FROM `cart` [ RunTime:0.0309s ]
SQL: SELECT * FROM `cart` WHERE `gid` = 24 AND `uid` = 38 LIMIT 1   [ RunTime:0.0010s ]
ERR: Think\Model:increment方法不存在！

[ 2019-11-21T21:08:13+08:00 ] 127.0.0.1 /index.php/Goods/ajaxAddCart.html
INFO: [ app_begin ] --START--
INFO: Run Behavior\ReadHtmlCacheBehavior [ RunTime:0.000829s ]
INFO: [ app_begin ] --END-- [ RunTime:0.001267s ]
SQL: SHOW COLUMNS FROM `cart` [ RunTime:0.0218s ]
SQL: SELECT * FROM `cart` WHERE `gid` = 24 AND `uid` = 38 LIMIT 1   [ RunTime:0.0008s ]
ERR: Think\Model:increment方法不存在！

[ 2019-11-21T21:08:16+08:00 ] 127.0.0.1 /index.php/Goods/ajaxAddCart.html
INFO: [ app_begin ] --START--
INFO: Run Behavior\ReadHtmlCacheBehavior [ RunTime:0.000418s ]
INFO: [ app_begin ] --END-- [ RunTime:0.000752s ]
SQL: SHOW COLUMNS FROM `cart` [ RunTime:0.0140s ]
SQL: SELECT * FROM `cart` WHERE `gid` = 24 AND `uid` = 38 LIMIT 1   [ RunTime:0.0005s ]
ERR: Think\Model:increment方法不存在！

[ 2019-11-21T21:09:33+08:00 ] 127.0.0.1 /index.php/Goods/ajaxAddCart.html
INFO: [ app_begin ] --START--
INFO: Run Behavior\ReadHtmlCacheBehavior [ RunTime:0.001601s ]
INFO: [ app_begin ] --END-- [ RunTime:0.002185s ]
SQL: SHOW COLUMNS FROM `cart` [ RunTime:0.0223s ]
SQL: SELECT * FROM `cart` WHERE `gid` = 24 AND `uid` = 38 LIMIT 1   [ RunTime:0.0008s ]
ERR: Think\Model:increment方法不存在！

[ 2019-11-21T21:10:35+08:00 ] 127.0.0.1 /index.php/Goods/ajaxAddCart.html
INFO: [ app_begin ] --START--
INFO: Run Behavior\ReadHtmlCacheBehavior [ RunTime:0.000837s ]
INFO: [ app_begin ] --END-- [ RunTime:0.001406s ]
SQL: SHOW COLUMNS FROM `cart` [ RunTime:0.0078s ]
SQL: SELECT * FROM `cart` WHERE `gid` = 24 AND `uid` = 38 LIMIT 1   [ RunTime:0.0003s ]
SQL: INSERT INTO `cart` (`gid`,`uid`,`num`) VALUES ('24','38','1') [ RunTime:0.0003s ]

[ 2019-11-21T21:17:31+08:00 ] 127.0.0.1 /index.php/Goods/cart.html
ERR: Think\Controller:isLogin方法不存在！

[ 2019-11-21T21:18:37+08:00 ] 127.0.0.1 /index.php/Goods/ajaxAddCart.html
INFO: [ app_begin ] --START--
INFO: Run Behavior\ReadHtmlCacheBehavior [ RunTime:0.000369s ]
INFO: [ app_begin ] --END-- [ RunTime:0.000681s ]
SQL: SHOW COLUMNS FROM `cart` [ RunTime:0.0230s ]

[ 2019-11-21T21:18:59+08:00 ] 127.0.0.1 /index.php/Index/ajaxLogin.html
INFO: [ app_begin ] --START--
INFO: Run Behavior\ReadHtmlCacheBehavior [ RunTime:0.000715s ]
INFO: [ app_begin ] --END-- [ RunTime:0.001334s ]
SQL: SHOW COLUMNS FROM `user` [ RunTime:0.0107s ]
SQL: SELECT * FROM `user` LIMIT 1   [ RunTime:0.0005s ]

[ 2019-11-21T21:34:35+08:00 ] 127.0.0.1 /index.php/Goods/ajaxAddCart.html
INFO: [ app_begin ] --START--
INFO: Run Behavior\ReadHtmlCacheBehavior [ RunTime:0.000412s ]
INFO: [ app_begin ] --END-- [ RunTime:0.000743s ]
SQL: SHOW COLUMNS FROM `cart` [ RunTime:0.0270s ]

[ 2019-11-21T21:34:48+08:00 ] 127.0.0.1 /index.php/Index/ajaxLogin.html
INFO: [ app_begin ] --START--
INFO: Run Behavior\ReadHtmlCacheBehavior [ RunTime:0.000646s ]
INFO: [ app_begin ] --END-- [ RunTime:0.001125s ]
SQL: SHOW COLUMNS FROM `user` [ RunTime:0.0153s ]
SQL: SELECT * FROM `user` LIMIT 1   [ RunTime:0.0003s ]

[ 2019-11-21T21:38:23+08:00 ] 127.0.0.1 /index.php/Goods/ajaxAddCart.html
INFO: [ app_begin ] --START--
INFO: Run Behavior\ReadHtmlCacheBehavior [ RunTime:0.000463s ]
INFO: [ app_begin ] --END-- [ RunTime:0.000838s ]
SQL: SHOW COLUMNS FROM `cart` [ RunTime:0.0141s ]

[ 2019-11-21T21:38:44+08:00 ] 127.0.0.1 /index.php/Index/ajaxLogin.html
INFO: [ app_begin ] --START--
INFO: Run Behavior\ReadHtmlCacheBehavior [ RunTime:0.000385s ]
INFO: [ app_begin ] --END-- [ RunTime:0.000821s ]
SQL: SHOW COLUMNS FROM `user` [ RunTime:0.0222s ]
SQL: SELECT * FROM `user` LIMIT 1   [ RunTime:0.0009s ]

[ 2019-11-21T21:41:05+08:00 ] 127.0.0.1 /index.php/Goods/ajaxAddCart.html
INFO: [ app_begin ] --START--
INFO: Run Behavior\ReadHtmlCacheBehavior [ RunTime:0.000625s ]
INFO: [ app_begin ] --END-- [ RunTime:0.001099s ]
SQL: SHOW COLUMNS FROM `cart` [ RunTime:0.0361s ]

[ 2019-11-21T21:41:19+08:00 ] 127.0.0.1 /index.php/Index/ajaxLogin.html
INFO: [ app_begin ] --START--
INFO: Run Behavior\ReadHtmlCacheBehavior [ RunTime:0.000962s ]
INFO: [ app_begin ] --END-- [ RunTime:0.001632s ]
SQL: SHOW COLUMNS FROM `user` [ RunTime:0.0211s ]
SQL: SELECT * FROM `user` LIMIT 1   [ RunTime:0.0007s ]

[ 2019-11-21T22:26:49+08:00 ] 127.0.0.1 /index.php/Goods/ajaxAddCart.html
INFO: [ app_begin ] --START--
INFO: Run Behavior\ReadHtmlCacheBehavior [ RunTime:0.000670s ]
INFO: [ app_begin ] --END-- [ RunTime:0.001214s ]
SQL: SHOW COLUMNS FROM `cart` [ RunTime:0.0072s ]

[ 2019-11-21T22:27:37+08:00 ] 127.0.0.1 /index.php/Index/ajaxLogin.html
INFO: [ app_begin ] --START--
INFO: Run Behavior\ReadHtmlCacheBehavior [ RunTime:0.000407s ]
INFO: [ app_begin ] --END-- [ RunTime:0.000729s ]
SQL: SHOW COLUMNS FROM `user` [ RunTime:0.0211s ]
SQL: SELECT * FROM `user` LIMIT 1   [ RunTime:0.0007s ]

[ 2019-11-21T22:29:24+08:00 ] 127.0.0.1 /index.php/Index/loginAction.html?url=Goods/goodsDetail&id=24
ERR: Unsupported operand types

[ 2019-11-21T22:32:09+08:00 ] 127.0.0.1 /index.php/Index/ajaxLogin.html
INFO: [ app_begin ] --START--
INFO: Run Behavior\ReadHtmlCacheBehavior [ RunTime:0.000520s ]
INFO: [ app_begin ] --END-- [ RunTime:0.000843s ]
SQL: SHOW COLUMNS FROM `user` [ RunTime:0.0117s ]
SQL: SELECT * FROM `user` LIMIT 1   [ RunTime:0.0003s ]

[ 2019-11-21T22:33:11+08:00 ] 127.0.0.1 /index.php/Goods/ajaxAddCart.html
INFO: [ app_begin ] --START--
INFO: Run Behavior\ReadHtmlCacheBehavior [ RunTime:0.000403s ]
INFO: [ app_begin ] --END-- [ RunTime:0.000727s ]
SQL: SHOW COLUMNS FROM `cart` [ RunTime:0.0736s ]

[ 2019-11-21T22:33:26+08:00 ] 127.0.0.1 /index.php/Index/ajaxLogin.html
INFO: [ app_begin ] --START--
INFO: Run Behavior\ReadHtmlCacheBehavior [ RunTime:0.000738s ]
INFO: [ app_begin ] --END-- [ RunTime:0.001230s ]
SQL: SHOW COLUMNS FROM `user` [ RunTime:0.0216s ]
SQL: SELECT * FROM `user` LIMIT 1   [ RunTime:0.0009s ]

[ 2019-11-21T22:45:10+08:00 ] 127.0.0.1 /index.php/Goods/ajaxAddCart.html
INFO: [ app_begin ] --START--
INFO: Run Behavior\ReadHtmlCacheBehavior [ RunTime:0.000405s ]
INFO: [ app_begin ] --END-- [ RunTime:0.000718s ]
SQL: SHOW COLUMNS FROM `cart` [ RunTime:0.0224s ]

[ 2019-11-21T22:45:23+08:00 ] 127.0.0.1 /index.php/Goods/ajaxAddCart.html
INFO: [ app_begin ] --START--
INFO: Run Behavior\ReadHtmlCacheBehavior [ RunTime:0.000409s ]
INFO: [ app_begin ] --END-- [ RunTime:0.000720s ]
SQL: SHOW COLUMNS FROM `cart` [ RunTime:0.0098s ]

[ 2019-11-21T22:45:34+08:00 ] 127.0.0.1 /index.php/Index/ajaxLogin.html
INFO: [ app_begin ] --START--
INFO: Run Behavior\ReadHtmlCacheBehavior [ RunTime:0.000411s ]
INFO: [ app_begin ] --END-- [ RunTime:0.000726s ]
SQL: SHOW COLUMNS FROM `user` [ RunTime:0.0199s ]
SQL: SELECT * FROM `user` LIMIT 1   [ RunTime:0.1050s ]

[ 2019-11-21T22:48:22+08:00 ] 127.0.0.1 /index.php/Goods/ajaxAddCart.html
INFO: [ app_begin ] --START--
INFO: Run Behavior\ReadHtmlCacheBehavior [ RunTime:0.000404s ]
INFO: [ app_begin ] --END-- [ RunTime:0.000716s ]
SQL: SHOW COLUMNS FROM `cart` [ RunTime:0.0241s ]
SQL: SELECT * FROM `cart` WHERE `gid` = 24 AND `uid` = 38 LIMIT 1   [ RunTime:0.0004s ]
SQL: INSERT INTO `cart` (`gid`,`uid`,`num`) VALUES ('24','38','1') [ RunTime:0.0101s ]

[ 2019-11-21T22:49:01+08:00 ] 127.0.0.1 /index.php/Goods/ajaxAddCart.html
INFO: [ app_begin ] --START--
INFO: Run Behavior\ReadHtmlCacheBehavior [ RunTime:0.000405s ]
INFO: [ app_begin ] --END-- [ RunTime:0.000720s ]
SQL: SHOW COLUMNS FROM `cart` [ RunTime:0.0107s ]

[ 2019-11-21T22:49:11+08:00 ] 127.0.0.1 /index.php/Index/ajaxLogin.html
INFO: [ app_begin ] --START--
INFO: Run Behavior\ReadHtmlCacheBehavior [ RunTime:0.000405s ]
INFO: [ app_begin ] --END-- [ RunTime:0.000719s ]
SQL: SHOW COLUMNS FROM `user` [ RunTime:0.0212s ]
SQL: SELECT * FROM `user` LIMIT 1   [ RunTime:0.0007s ]

[ 2019-11-21T22:49:29+08:00 ] 127.0.0.1 /index.php/Goods/ajaxAddCart.html
INFO: [ app_begin ] --START--
INFO: Run Behavior\ReadHtmlCacheBehavior [ RunTime:0.000511s ]
INFO: [ app_begin ] --END-- [ RunTime:0.000928s ]
SQL: SHOW COLUMNS FROM `cart` [ RunTime:0.0197s ]
SQL: SELECT * FROM `cart` WHERE `gid` = 24 AND `uid` = 38 LIMIT 1   [ RunTime:0.0009s ]
ERR: Think\Model:increment方法不存在！

[ 2019-11-21T22:49:37+08:00 ] 127.0.0.1 /index.php/Goods/ajaxAddCart.html
INFO: [ app_begin ] --START--
INFO: Run Behavior\ReadHtmlCacheBehavior [ RunTime:0.000415s ]
INFO: [ app_begin ] --END-- [ RunTime:0.000731s ]
SQL: SHOW COLUMNS FROM `cart` [ RunTime:0.1121s ]
SQL: SELECT * FROM `cart` WHERE `gid` = 24 AND `uid` = 38 LIMIT 1   [ RunTime:0.0008s ]
ERR: Think\Model:increment方法不存在！

[ 2019-11-21T22:49:40+08:00 ] 127.0.0.1 /index.php/Goods/ajaxAddCart.html
INFO: [ app_begin ] --START--
INFO: Run Behavior\ReadHtmlCacheBehavior [ RunTime:0.000463s ]
INFO: [ app_begin ] --END-- [ RunTime:0.000844s ]
SQL: SHOW COLUMNS FROM `cart` [ RunTime:0.0196s ]
SQL: SELECT * FROM `cart` WHERE `gid` = 24 AND `uid` = 38 LIMIT 1   [ RunTime:0.0008s ]
ERR: Think\Model:increment方法不存在！

[ 2019-11-21T22:50:03+08:00 ] 127.0.0.1 /index.php/Goods/ajaxAddCart.html
INFO: [ app_begin ] --START--
INFO: Run Behavior\ReadHtmlCacheBehavior [ RunTime:0.000448s ]
INFO: [ app_begin ] --END-- [ RunTime:0.000811s ]
SQL: SHOW COLUMNS FROM `cart` [ RunTime:0.0213s ]
SQL: SELECT * FROM `cart` WHERE `gid` = 24 AND `uid` = 38 LIMIT 1   [ RunTime:0.0008s ]
ERR: Think\Model:increment方法不存在！

[ 2019-11-21T22:51:13+08:00 ] 127.0.0.1 /index.php/Goods/ajaxAddCart.html
INFO: [ app_begin ] --START--
INFO: Run Behavior\ReadHtmlCacheBehavior [ RunTime:0.000419s ]
INFO: [ app_begin ] --END-- [ RunTime:0.000736s ]
SQL: SHOW COLUMNS FROM `cart` [ RunTime:0.0594s ]
SQL: SELECT * FROM `cart` WHERE `gid` = 24 AND `uid` = 38 LIMIT 1   [ RunTime:0.0008s ]
SQL: INSERT INTO `cart` (`gid`,`uid`,`num`) VALUES ('24','38','1') [ RunTime:0.0008s ]

