[ 2019-11-20T18:59:32+08:00 ] 127.0.0.1 /index.php/Home/Goods/ajaxAddCart.html
INFO: [ app_begin ] --START--
INFO: Run Behavior\ReadHtmlCacheBehavior [ RunTime:0.000617s ]
INFO: [ app_begin ] --END-- [ RunTime:0.001310s ]
INFO: [ view_parse ] --START--
INFO: [ template_filter ] --START--
INFO: Run Behavior\ContentReplaceBehavior [ RunTime:0.000021s ]
INFO: [ template_filter ] --END-- [ RunTime:0.000041s ]
INFO: Run Behavior\ParseTemplateBehavior [ RunTime:0.004231s ]
INFO: [ view_parse ] --END-- [ RunTime:0.004265s ]
INFO: [ view_filter ] --START--
INFO: Run Behavior\WriteHtmlCacheBehavior [ RunTime:0.000376s ]
INFO: [ view_filter ] --END-- [ RunTime:0.000395s ]
INFO: [ app_end ] --START--
INFO: Run Behavior\ShowPageTraceBehavior [ RunTime:0.000467s ]
INFO: [ app_end ] --END-- [ RunTime:0.000483s ]

[ 2019-11-20T19:00:45+08:00 ] 127.0.0.1 /index.php/Home/Goods/ajaxAddCart.html
INFO: [ app_begin ] --START--
INFO: Run Behavior\ReadHtmlCacheBehavior [ RunTime:0.000334s ]
INFO: [ app_begin ] --END-- [ RunTime:0.000598s ]
INFO: [ view_parse ] --START--
INFO: [ template_filter ] --START--
INFO: Run Behavior\ContentReplaceBehavior [ RunTime:0.000021s ]
INFO: [ template_filter ] --END-- [ RunTime:0.000041s ]
INFO: Run Behavior\ParseTemplateBehavior [ RunTime:0.002926s ]
INFO: [ view_parse ] --END-- [ RunTime:0.002949s ]
INFO: [ view_filter ] --START--
INFO: Run Behavior\WriteHtmlCacheBehavior [ RunTime:0.000261s ]
INFO: [ view_filter ] --END-- [ RunTime:0.000283s ]
INFO: [ app_end ] --START--
INFO: Run Behavior\ShowPageTraceBehavior [ RunTime:0.000403s ]
INFO: [ app_end ] --END-- [ RunTime:0.000422s ]

[ 2019-11-20T19:00:59+08:00 ] 127.0.0.1 /index.php/Index/ajaxLogin.html
INFO: [ app_begin ] --START--
INFO: Run Behavior\ReadHtmlCacheBehavior [ RunTime:0.000349s ]
INFO: [ app_begin ] --END-- [ RunTime:0.000612s ]
SQL: SHOW COLUMNS FROM `user` [ RunTime:0.0073s ]
SQL: SELECT * FROM `user` LIMIT 1   [ RunTime:0.1052s ]

[ 2019-11-20T19:01:27+08:00 ] 127.0.0.1 /index.php/Index/ajaxLogin.html
INFO: [ app_begin ] --START--
INFO: Run Behavior\ReadHtmlCacheBehavior [ RunTime:0.000781s ]
INFO: [ app_begin ] --END-- [ RunTime:0.001352s ]
SQL: SHOW COLUMNS FROM `user` [ RunTime:0.0236s ]
SQL: SELECT * FROM `user` LIMIT 1   [ RunTime:0.0005s ]

[ 2019-11-20T19:01:50+08:00 ] 127.0.0.1 /index.php/Index/ajaxLogin.html
INFO: [ app_begin ] --START--
INFO: Run Behavior\ReadHtmlCacheBehavior [ RunTime:0.000423s ]
INFO: [ app_begin ] --END-- [ RunTime:0.000773s ]
SQL: SHOW COLUMNS FROM `user` [ RunTime:0.0074s ]
SQL: SELECT * FROM `user` LIMIT 1   [ RunTime:0.0003s ]

[ 2019-11-20T19:02:23+08:00 ] 127.0.0.1 /index.php/Home/Goods/ajaxAddCart.html
INFO: [ app_begin ] --START--
INFO: Run Behavior\ReadHtmlCacheBehavior [ RunTime:0.000501s ]
INFO: [ app_begin ] --END-- [ RunTime:0.000912s ]
INFO: [ view_parse ] --START--
INFO: [ template_filter ] --START--
INFO: Run Behavior\ContentReplaceBehavior [ RunTime:0.000015s ]
INFO: [ template_filter ] --END-- [ RunTime:0.000036s ]
INFO: Run Behavior\ParseTemplateBehavior [ RunTime:0.003481s ]
INFO: [ view_parse ] --END-- [ RunTime:0.003520s ]
INFO: [ view_filter ] --START--
INFO: Run Behavior\WriteHtmlCacheBehavior [ RunTime:0.000274s ]
INFO: [ view_filter ] --END-- [ RunTime:0.000292s ]
INFO: [ app_end ] --START--
INFO: Run Behavior\ShowPageTraceBehavior [ RunTime:0.000380s ]
INFO: [ app_end ] --END-- [ RunTime:0.000396s ]

[ 2019-11-20T19:06:22+08:00 ] 127.0.0.1 /index.php/Home/Goods/ajaxAddCart.html
INFO: [ app_begin ] --START--
INFO: Run Behavior\ReadHtmlCacheBehavior [ RunTime:0.000431s ]
INFO: [ app_begin ] --END-- [ RunTime:0.000820s ]
SQL: SHOW COLUMNS FROM `cart` [ RunTime:0.0065s ]

[ 2019-11-20T19:06:24+08:00 ] 127.0.0.1 /index.php/Home/Goods/ajaxAddCart.html
INFO: [ app_begin ] --START--
INFO: Run Behavior\ReadHtmlCacheBehavior [ RunTime:0.000527s ]
INFO: [ app_begin ] --END-- [ RunTime:0.000903s ]
SQL: SHOW COLUMNS FROM `cart` [ RunTime:0.0126s ]

[ 2019-11-20T19:08:32+08:00 ] 127.0.0.1 /index.php/Home/Goods/ajaxAddCart.html
INFO: [ app_begin ] --START--
INFO: Run Behavior\ReadHtmlCacheBehavior [ RunTime:0.000488s ]
INFO: [ app_begin ] --END-- [ RunTime:0.000894s ]
SQL: SHOW COLUMNS FROM `cart` [ RunTime:0.0062s ]

[ 2019-11-20T19:09:39+08:00 ] 127.0.0.1 /index.php/Goods/ajaxAddCart.html
INFO: [ app_begin ] --START--
INFO: Run Behavior\ReadHtmlCacheBehavior [ RunTime:0.000349s ]
INFO: [ app_begin ] --END-- [ RunTime:0.000667s ]
SQL: SHOW COLUMNS FROM `cart` [ RunTime:0.0067s ]

[ 2019-11-20T19:10:44+08:00 ] 127.0.0.1 /index.php/Goods/ajaxAddCart.html
INFO: [ app_begin ] --START--
INFO: Run Behavior\ReadHtmlCacheBehavior [ RunTime:0.001053s ]
INFO: [ app_begin ] --END-- [ RunTime:0.001530s ]
SQL: SHOW COLUMNS FROM `cart` [ RunTime:0.0156s ]

[ 2019-11-20T19:21:53+08:00 ] 127.0.0.1 /index.php/Goods/ajaxAddCart.html
INFO: [ app_begin ] --START--
INFO: Run Behavior\ReadHtmlCacheBehavior [ RunTime:0.000650s ]
INFO: [ app_begin ] --END-- [ RunTime:0.001182s ]
SQL: SHOW COLUMNS FROM `cart` [ RunTime:0.0157s ]

[ 2019-11-20T19:22:39+08:00 ] 127.0.0.1 /index.php/Goods/ajaxAddCart.html
INFO: [ app_begin ] --START--
INFO: Run Behavior\ReadHtmlCacheBehavior [ RunTime:0.000706s ]
INFO: [ app_begin ] --END-- [ RunTime:0.001344s ]
SQL: SHOW COLUMNS FROM `cart` [ RunTime:0.0109s ]

[ 2019-11-20T19:23:17+08:00 ] 127.0.0.1 /index.php/Goods/ajaxAddCart.html
INFO: [ app_begin ] --START--
INFO: Run Behavior\ReadHtmlCacheBehavior [ RunTime:0.000450s ]
INFO: [ app_begin ] --END-- [ RunTime:0.000847s ]
SQL: SHOW COLUMNS FROM `cart` [ RunTime:0.0069s ]

[ 2019-11-20T19:23:28+08:00 ] 127.0.0.1 /index.php/Goods/ajaxAddCart.html
INFO: [ app_begin ] --START--
INFO: Run Behavior\ReadHtmlCacheBehavior [ RunTime:0.000382s ]
INFO: [ app_begin ] --END-- [ RunTime:0.000777s ]
SQL: SHOW COLUMNS FROM `cart` [ RunTime:0.0062s ]

[ 2019-11-20T19:24:52+08:00 ] 127.0.0.1 /index.php/Goods/ajaxAddCart.html
INFO: [ app_begin ] --START--
INFO: Run Behavior\ReadHtmlCacheBehavior [ RunTime:0.000760s ]
INFO: [ app_begin ] --END-- [ RunTime:0.001358s ]
SQL: SHOW COLUMNS FROM `cart` [ RunTime:0.0063s ]

[ 2019-11-20T19:25:04+08:00 ] 127.0.0.1 /index.php/Goods/ajaxAddCart.html
INFO: [ app_begin ] --START--
INFO: Run Behavior\ReadHtmlCacheBehavior [ RunTime:0.000329s ]
INFO: [ app_begin ] --END-- [ RunTime:0.000589s ]
SQL: SHOW COLUMNS FROM `cart` [ RunTime:0.0123s ]

[ 2019-11-20T19:27:10+08:00 ] 127.0.0.1 /index.php/Goods/ajaxAddCart.html
INFO: [ app_begin ] --START--
INFO: Run Behavior\ReadHtmlCacheBehavior [ RunTime:0.000325s ]
INFO: [ app_begin ] --END-- [ RunTime:0.000582s ]
SQL: SHOW COLUMNS FROM `cart` [ RunTime:0.0073s ]

[ 2019-11-20T19:27:12+08:00 ] 127.0.0.1 /index.php/Goods/ajaxAddCart.html
INFO: [ app_begin ] --START--
INFO: Run Behavior\ReadHtmlCacheBehavior [ RunTime:0.000405s ]
INFO: [ app_begin ] --END-- [ RunTime:0.000760s ]
SQL: SHOW COLUMNS FROM `cart` [ RunTime:0.0175s ]

[ 2019-11-20T19:27:44+08:00 ] 127.0.0.1 /index.php/Goods/ajaxAddCart.html
INFO: [ app_begin ] --START--
INFO: Run Behavior\ReadHtmlCacheBehavior [ RunTime:0.002041s ]
INFO: [ app_begin ] --END-- [ RunTime:0.002853s ]
SQL: SHOW COLUMNS FROM `cart` [ RunTime:0.0209s ]

[ 2019-11-20T19:54:27+08:00 ] 127.0.0.1 /index.php/Goods/ajaxAddCart.html
INFO: [ app_begin ] --START--
INFO: Run Behavior\ReadHtmlCacheBehavior [ RunTime:0.000423s ]
INFO: [ app_begin ] --END-- [ RunTime:0.000764s ]
SQL: SHOW COLUMNS FROM `cart` [ RunTime:0.0126s ]

[ 2019-11-20T20:00:04+08:00 ] 127.0.0.1 /index.php/Goods/ajaxAddCart.html
INFO: [ app_begin ] --START--
INFO: Run Behavior\ReadHtmlCacheBehavior [ RunTime:0.000820s ]
INFO: [ app_begin ] --END-- [ RunTime:0.001420s ]
SQL: SHOW COLUMNS FROM `cart` [ RunTime:0.0199s ]
SQL: SELECT * FROM `cart` WHERE `gid` = 16 AND `uid` = 38 LIMIT 1   [ RunTime:0.1019s ]
ERR: Class 'Home\Controller\DB' not found

[ 2019-11-20T20:00:09+08:00 ] 127.0.0.1 /index.php/Goods/ajaxAddCart.html
INFO: [ app_begin ] --START--
INFO: Run Behavior\ReadHtmlCacheBehavior [ RunTime:0.000628s ]
INFO: [ app_begin ] --END-- [ RunTime:0.001014s ]
SQL: SHOW COLUMNS FROM `cart` [ RunTime:0.0209s ]
SQL: SELECT * FROM `cart` WHERE `gid` = 16 AND `uid` = 38 LIMIT 1   [ RunTime:0.0005s ]
ERR: Class 'Home\Controller\DB' not found

[ 2019-11-20T20:00:53+08:00 ] 127.0.0.1 /index.php/Goods/ajaxAddCart.html
INFO: [ app_begin ] --START--
INFO: Run Behavior\ReadHtmlCacheBehavior [ RunTime:0.000418s ]
INFO: [ app_begin ] --END-- [ RunTime:0.000782s ]
SQL: SHOW COLUMNS FROM `cart` [ RunTime:0.0213s ]
SQL: SELECT * FROM `cart` WHERE `gid` = 16 AND `uid` = 38 LIMIT 1   [ RunTime:0.0006s ]
ERR: Class 'Home\Controller\DB' not found

[ 2019-11-20T20:00:55+08:00 ] 127.0.0.1 /index.php/Goods/ajaxAddCart.html
INFO: [ app_begin ] --START--
INFO: Run Behavior\ReadHtmlCacheBehavior [ RunTime:0.000325s ]
INFO: [ app_begin ] --END-- [ RunTime:0.000579s ]
SQL: SHOW COLUMNS FROM `cart` [ RunTime:0.0091s ]
SQL: SELECT * FROM `cart` WHERE `gid` = 16 AND `uid` = 38 LIMIT 1   [ RunTime:0.0004s ]
ERR: Class 'Home\Controller\DB' not found

[ 2019-11-20T20:00:56+08:00 ] 127.0.0.1 /index.php/Goods/ajaxAddCart.html
INFO: [ app_begin ] --START--
INFO: Run Behavior\ReadHtmlCacheBehavior [ RunTime:0.000329s ]
INFO: [ app_begin ] --END-- [ RunTime:0.000593s ]
SQL: SHOW COLUMNS FROM `cart` [ RunTime:0.0077s ]
SQL: SELECT * FROM `cart` WHERE `gid` = 16 AND `uid` = 38 LIMIT 1   [ RunTime:0.0003s ]
ERR: Class 'Home\Controller\DB' not found

[ 2019-11-20T20:00:57+08:00 ] 127.0.0.1 /index.php/Goods/ajaxAddCart.html
INFO: [ app_begin ] --START--
INFO: Run Behavior\ReadHtmlCacheBehavior [ RunTime:0.000540s ]
INFO: [ app_begin ] --END-- [ RunTime:0.000999s ]
SQL: SHOW COLUMNS FROM `cart` [ RunTime:0.0105s ]
SQL: SELECT * FROM `cart` WHERE `gid` = 16 AND `uid` = 38 LIMIT 1   [ RunTime:0.0004s ]
ERR: Class 'Home\Controller\DB' not found

[ 2019-11-20T20:01:19+08:00 ] 127.0.0.1 /index.php/Goods/ajaxAddCart.html
INFO: [ app_begin ] --START--
INFO: Run Behavior\ReadHtmlCacheBehavior [ RunTime:0.000421s ]
INFO: [ app_begin ] --END-- [ RunTime:0.000737s ]
SQL: SHOW COLUMNS FROM `cart` [ RunTime:0.0111s ]
SQL: SELECT * FROM `cart` WHERE `gid` = 16 AND `uid` = 38 LIMIT 1   [ RunTime:0.0003s ]
ERR: Class 'Home\Controller\DB' not found

[ 2019-11-20T20:02:03+08:00 ] 127.0.0.1 /index.php/Goods/ajaxAddCart.html
INFO: [ app_begin ] --START--
INFO: Run Behavior\ReadHtmlCacheBehavior [ RunTime:0.000436s ]
INFO: [ app_begin ] --END-- [ RunTime:0.000820s ]
SQL: SHOW COLUMNS FROM `cart` [ RunTime:0.0075s ]
SQL: SELECT * FROM `cart` WHERE `gid` = 16 AND `uid` = 38 LIMIT 1   [ RunTime:0.0003s ]
ERR: Class 'Home\Controller\DB' not found

[ 2019-11-20T20:02:04+08:00 ] 127.0.0.1 /index.php/Goods/ajaxAddCart.html
INFO: [ app_begin ] --START--
INFO: Run Behavior\ReadHtmlCacheBehavior [ RunTime:0.000354s ]
INFO: [ app_begin ] --END-- [ RunTime:0.000627s ]
SQL: SHOW COLUMNS FROM `cart` [ RunTime:0.0052s ]
SQL: SELECT * FROM `cart` WHERE `gid` = 16 AND `uid` = 38 LIMIT 1   [ RunTime:0.0003s ]
ERR: Class 'Home\Controller\DB' not found

[ 2019-11-20T20:02:05+08:00 ] 127.0.0.1 /index.php/Goods/ajaxAddCart.html
INFO: [ app_begin ] --START--
INFO: Run Behavior\ReadHtmlCacheBehavior [ RunTime:0.000385s ]
INFO: [ app_begin ] --END-- [ RunTime:0.000775s ]
SQL: SHOW COLUMNS FROM `cart` [ RunTime:0.0266s ]
SQL: SELECT * FROM `cart` WHERE `gid` = 16 AND `uid` = 38 LIMIT 1   [ RunTime:0.0007s ]
ERR: Class 'Home\Controller\DB' not found

[ 2019-11-20T20:03:18+08:00 ] 127.0.0.1 /index.php/Goods/ajaxAddCart.html
INFO: [ app_begin ] --START--
INFO: Run Behavior\ReadHtmlCacheBehavior [ RunTime:0.000385s ]
INFO: [ app_begin ] --END-- [ RunTime:0.000749s ]
SQL: SHOW COLUMNS FROM `cart` [ RunTime:0.0184s ]

[ 2019-11-20T20:03:34+08:00 ] 127.0.0.1 /index.php/Index/ajaxLogin.html
INFO: [ app_begin ] --START--
INFO: Run Behavior\ReadHtmlCacheBehavior [ RunTime:0.000479s ]
INFO: [ app_begin ] --END-- [ RunTime:0.000917s ]
SQL: SHOW COLUMNS FROM `user` [ RunTime:0.0730s ]
SQL: SELECT * FROM `user` LIMIT 1   [ RunTime:0.0750s ]

[ 2019-11-20T20:12:21+08:00 ] 127.0.0.1 /index.php/Goods/ajaxAddCart.html
INFO: [ app_begin ] --START--
INFO: Run Behavior\ReadHtmlCacheBehavior [ RunTime:0.000560s ]
INFO: [ app_begin ] --END-- [ RunTime:0.000988s ]
SQL: SHOW COLUMNS FROM `cart` [ RunTime:0.0130s ]

[ 2019-11-20T20:13:18+08:00 ] 127.0.0.1 /index.php/Goods/ajaxAddCart.html
INFO: [ app_begin ] --START--
INFO: Run Behavior\ReadHtmlCacheBehavior [ RunTime:0.000352s ]
INFO: [ app_begin ] --END-- [ RunTime:0.000638s ]
SQL: SHOW COLUMNS FROM `cart` [ RunTime:0.0188s ]

[ 2019-11-20T20:13:53+08:00 ] 127.0.0.1 /index.php/Goods/ajaxAddCart.html
INFO: [ app_begin ] --START--
INFO: Run Behavior\ReadHtmlCacheBehavior [ RunTime:0.000423s ]
INFO: [ app_begin ] --END-- [ RunTime:0.000802s ]
SQL: SHOW COLUMNS FROM `cart` [ RunTime:0.0083s ]

[ 2019-11-20T21:54:47+08:00 ] 127.0.0.1 /index.php/Goods/ajaxAddCart.html
INFO: [ app_begin ] --START--
INFO: Run Behavior\ReadHtmlCacheBehavior [ RunTime:0.001610s ]
INFO: [ app_begin ] --END-- [ RunTime:0.002315s ]
SQL: SHOW COLUMNS FROM `cart` [ RunTime:0.0348s ]

[ 2019-11-20T21:55:04+08:00 ] 127.0.0.1 /index.php/Index/ajaxLogin.html
INFO: [ app_begin ] --START--
INFO: Run Behavior\ReadHtmlCacheBehavior [ RunTime:0.000654s ]
INFO: [ app_begin ] --END-- [ RunTime:0.001194s ]
SQL: SHOW COLUMNS FROM `user` [ RunTime:0.0548s ]
SQL: SELECT * FROM `user` LIMIT 1   [ RunTime:0.0275s ]

[ 2019-11-20T22:01:56+08:00 ] 127.0.0.1 /index.php/Goods/ajaxAddCart.html
INFO: [ app_begin ] --START--
INFO: Run Behavior\ReadHtmlCacheBehavior [ RunTime:0.000488s ]
INFO: [ app_begin ] --END-- [ RunTime:0.000887s ]
SQL: SHOW COLUMNS FROM `cart` [ RunTime:0.0893s ]

[ 2019-11-20T22:02:10+08:00 ] 127.0.0.1 /index.php/Index/ajaxLogin.html
INFO: [ app_begin ] --START--
INFO: Run Behavior\ReadHtmlCacheBehavior [ RunTime:0.000703s ]
INFO: [ app_begin ] --END-- [ RunTime:0.001172s ]
SQL: SHOW COLUMNS FROM `user` [ RunTime:0.0357s ]
SQL: SELECT * FROM `user` LIMIT 1   [ RunTime:0.0013s ]

[ 2019-11-20T22:04:14+08:00 ] 127.0.0.1 /index.php/Goods/ajaxAddCart.html
INFO: [ app_begin ] --START--
INFO: Run Behavior\ReadHtmlCacheBehavior [ RunTime:0.000416s ]
INFO: [ app_begin ] --END-- [ RunTime:0.000765s ]
SQL: SHOW COLUMNS FROM `cart` [ RunTime:0.0402s ]

[ 2019-11-20T22:04:30+08:00 ] 127.0.0.1 /index.php/Index/ajaxLogin.html
INFO: [ app_begin ] --START--
INFO: Run Behavior\ReadHtmlCacheBehavior [ RunTime:0.000399s ]
INFO: [ app_begin ] --END-- [ RunTime:0.000690s ]
SQL: SHOW COLUMNS FROM `user` [ RunTime:0.0309s ]
SQL: SELECT * FROM `user` LIMIT 1   [ RunTime:0.0012s ]

[ 2019-11-20T22:07:34+08:00 ] 127.0.0.1 /index.php/Goods/ajaxAddCart.html
INFO: [ app_begin ] --START--
INFO: Run Behavior\ReadHtmlCacheBehavior [ RunTime:0.000657s ]
INFO: [ app_begin ] --END-- [ RunTime:0.001175s ]
SQL: SHOW COLUMNS FROM `cart` [ RunTime:0.0290s ]

[ 2019-11-20T22:08:34+08:00 ] 127.0.0.1 /index.php/Goods/ajaxAddCart.html
INFO: [ app_begin ] --START--
INFO: Run Behavior\ReadHtmlCacheBehavior [ RunTime:0.000410s ]
INFO: [ app_begin ] --END-- [ RunTime:0.000744s ]
SQL: SHOW COLUMNS FROM `cart` [ RunTime:0.0277s ]

[ 2019-11-20T22:09:31+08:00 ] 127.0.0.1 /index.php/Index/ajaxLogin.html
INFO: [ app_begin ] --START--
INFO: Run Behavior\ReadHtmlCacheBehavior [ RunTime:0.000702s ]
INFO: [ app_begin ] --END-- [ RunTime:0.001248s ]
SQL: SHOW COLUMNS FROM `user` [ RunTime:0.0165s ]
SQL: SELECT * FROM `user` LIMIT 1   [ RunTime:0.0006s ]

[ 2019-11-20T22:19:11+08:00 ] 127.0.0.1 /index.php/Goods/goodsDetail.html?id=24
ERR: syntax error, unexpected 'url' (T_STRING), expecting ',' or ';'

[ 2019-11-20T22:19:25+08:00 ] 127.0.0.1 /index.php/Goods/goodsDetail.html?id=24
ERR: syntax error, unexpected 'url' (T_STRING), expecting ',' or ';'

[ 2019-11-20T22:26:07+08:00 ] 127.0.0.1 /index.php/Goods/ajaxAddCart.html
INFO: [ app_begin ] --START--
INFO: Run Behavior\ReadHtmlCacheBehavior [ RunTime:0.000432s ]
INFO: [ app_begin ] --END-- [ RunTime:0.000767s ]
SQL: SHOW COLUMNS FROM `cart` [ RunTime:0.0883s ]

[ 2019-11-20T22:26:24+08:00 ] 127.0.0.1 /index.php/Goods/ajaxAddCart.html
INFO: [ app_begin ] --START--
INFO: Run Behavior\ReadHtmlCacheBehavior [ RunTime:0.000415s ]
INFO: [ app_begin ] --END-- [ RunTime:0.000753s ]
SQL: SHOW COLUMNS FROM `cart` [ RunTime:0.0285s ]

[ 2019-11-20T22:26:48+08:00 ] 127.0.0.1 /index.php/Goods/ajaxAddCart.html
INFO: [ app_begin ] --START--
INFO: Run Behavior\ReadHtmlCacheBehavior [ RunTime:0.000484s ]
INFO: [ app_begin ] --END-- [ RunTime:0.000881s ]
SQL: SHOW COLUMNS FROM `cart` [ RunTime:0.0850s ]

[ 2019-11-20T22:27:13+08:00 ] 127.0.0.1 /index.php/Goods/ajaxAddCart.html
INFO: [ app_begin ] --START--
INFO: Run Behavior\ReadHtmlCacheBehavior [ RunTime:0.000603s ]
INFO: [ app_begin ] --END-- [ RunTime:0.001031s ]
SQL: SHOW COLUMNS FROM `cart` [ RunTime:0.0062s ]

[ 2019-11-20T22:28:35+08:00 ] 127.0.0.1 /index.php/Goods/ajaxAddCart.html
INFO: [ app_begin ] --START--
INFO: Run Behavior\ReadHtmlCacheBehavior [ RunTime:0.000590s ]
INFO: [ app_begin ] --END-- [ RunTime:0.001016s ]
SQL: SHOW COLUMNS FROM `cart` [ RunTime:0.0267s ]

[ 2019-11-20T22:28:46+08:00 ] 127.0.0.1 /index.php/Goods/ajaxAddCart.html
INFO: [ app_begin ] --START--
INFO: Run Behavior\ReadHtmlCacheBehavior [ RunTime:0.000413s ]
INFO: [ app_begin ] --END-- [ RunTime:0.000743s ]
SQL: SHOW COLUMNS FROM `cart` [ RunTime:0.0147s ]

[ 2019-11-20T22:32:22+08:00 ] 127.0.0.1 /index.php/Goods/ajaxAddCart.html
INFO: [ app_begin ] --START--
INFO: Run Behavior\ReadHtmlCacheBehavior [ RunTime:0.000408s ]
INFO: [ app_begin ] --END-- [ RunTime:0.000733s ]
SQL: SHOW COLUMNS FROM `cart` [ RunTime:0.0390s ]

[ 2019-11-20T22:42:10+08:00 ] 127.0.0.1 /index.php/Goods/ajaxAddCart.html
INFO: [ app_begin ] --START--
INFO: Run Behavior\ReadHtmlCacheBehavior [ RunTime:0.000423s ]
INFO: [ app_begin ] --END-- [ RunTime:0.000756s ]
SQL: SHOW COLUMNS FROM `cart` [ RunTime:0.0264s ]

[ 2019-11-20T22:44:58+08:00 ] 127.0.0.1 /index.php/Goods/ajaxAddCart.html
INFO: [ app_begin ] --START--
INFO: Run Behavior\ReadHtmlCacheBehavior [ RunTime:0.000402s ]
INFO: [ app_begin ] --END-- [ RunTime:0.000721s ]
SQL: SHOW COLUMNS FROM `cart` [ RunTime:0.0291s ]

[ 2019-11-20T22:47:09+08:00 ] 127.0.0.1 /index.php/Goods/ajaxAddCart.html
INFO: [ app_begin ] --START--
INFO: Run Behavior\ReadHtmlCacheBehavior [ RunTime:0.000531s ]
INFO: [ app_begin ] --END-- [ RunTime:0.000960s ]
SQL: SHOW COLUMNS FROM `cart` [ RunTime:0.0068s ]

[ 2019-11-20T22:48:51+08:00 ] 127.0.0.1 /index.php/Index/ajaxLogin.html
INFO: [ app_begin ] --START--
INFO: Run Behavior\ReadHtmlCacheBehavior [ RunTime:0.000659s ]
INFO: [ app_begin ] --END-- [ RunTime:0.001166s ]
SQL: SHOW COLUMNS FROM `user` [ RunTime:0.0113s ]
SQL: SELECT * FROM `user` LIMIT 1   [ RunTime:0.0005s ]

[ 2019-11-20T22:52:06+08:00 ] 127.0.0.1 /index.php/Goods/ajaxAddCart.html
INFO: [ app_begin ] --START--
INFO: Run Behavior\ReadHtmlCacheBehavior [ RunTime:0.000404s ]
INFO: [ app_begin ] --END-- [ RunTime:0.000722s ]
SQL: SHOW COLUMNS FROM `cart` [ RunTime:0.0060s ]

[ 2019-11-20T22:52:28+08:00 ] 127.0.0.1 /index.php/Index/ajaxLogin.html
INFO: [ app_begin ] --START--
INFO: Run Behavior\ReadHtmlCacheBehavior [ RunTime:0.000666s ]
INFO: [ app_begin ] --END-- [ RunTime:0.001179s ]
SQL: SHOW COLUMNS FROM `user` [ RunTime:0.0253s ]
SQL: SELECT * FROM `user` LIMIT 1   [ RunTime:0.0010s ]

[ 2019-11-20T22:52:56+08:00 ] 127.0.0.1 /index.php/Goods/ajaxAddCart.html
INFO: [ app_begin ] --START--
INFO: Run Behavior\ReadHtmlCacheBehavior [ RunTime:0.000413s ]
INFO: [ app_begin ] --END-- [ RunTime:0.000735s ]
SQL: SHOW COLUMNS FROM `cart` [ RunTime:0.0458s ]

[ 2019-11-20T22:53:12+08:00 ] 127.0.0.1 /index.php/Index/ajaxLogin.html
INFO: [ app_begin ] --START--
INFO: Run Behavior\ReadHtmlCacheBehavior [ RunTime:0.000678s ]
INFO: [ app_begin ] --END-- [ RunTime:0.001200s ]
SQL: SHOW COLUMNS FROM `user` [ RunTime:0.4160s ]
SQL: SELECT * FROM `user` LIMIT 1   [ RunTime:0.0015s ]

[ 2019-11-20T23:12:18+08:00 ] 127.0.0.1 /index.php/Goods/ajaxAddCart.html
INFO: [ app_begin ] --START--
INFO: Run Behavior\ReadHtmlCacheBehavior [ RunTime:0.000548s ]
INFO: [ app_begin ] --END-- [ RunTime:0.000882s ]
SQL: SHOW COLUMNS FROM `cart` [ RunTime:0.0307s ]

[ 2019-11-20T23:12:35+08:00 ] 127.0.0.1 /index.php/Index/ajaxLogin.html
INFO: [ app_begin ] --START--
INFO: Run Behavior\ReadHtmlCacheBehavior [ RunTime:0.000649s ]
INFO: [ app_begin ] --END-- [ RunTime:0.001084s ]
SQL: SHOW COLUMNS FROM `user` [ RunTime:0.0286s ]
SQL: SELECT * FROM `user` LIMIT 1   [ RunTime:0.0007s ]

[ 2019-11-20T23:14:45+08:00 ] 127.0.0.1 /index.php/Goods/ajaxAddCart.html
INFO: [ app_begin ] --START--
INFO: Run Behavior\ReadHtmlCacheBehavior [ RunTime:0.001254s ]
INFO: [ app_begin ] --END-- [ RunTime:0.001860s ]
SQL: SHOW COLUMNS FROM `cart` [ RunTime:0.0301s ]

[ 2019-11-20T23:15:05+08:00 ] 127.0.0.1 /index.php/Index/ajaxLogin.html
INFO: [ app_begin ] --START--
INFO: Run Behavior\ReadHtmlCacheBehavior [ RunTime:0.000680s ]
INFO: [ app_begin ] --END-- [ RunTime:0.001232s ]
SQL: SHOW COLUMNS FROM `user` [ RunTime:0.0261s ]
SQL: SELECT * FROM `user` LIMIT 1   [ RunTime:0.0005s ]

[ 2019-11-20T23:17:14+08:00 ] 127.0.0.1 /index.php/Goods/ajaxAddCart.html
INFO: [ app_begin ] --START--
INFO: Run Behavior\ReadHtmlCacheBehavior [ RunTime:0.000549s ]
INFO: [ app_begin ] --END-- [ RunTime:0.003434s ]
SQL: SHOW COLUMNS FROM `cart` [ RunTime:0.0365s ]

[ 2019-11-20T23:17:26+08:00 ] 127.0.0.1 /index.php/Index/ajaxLogin.html
INFO: [ app_begin ] --START--
INFO: Run Behavior\ReadHtmlCacheBehavior [ RunTime:0.000670s ]
INFO: [ app_begin ] --END-- [ RunTime:0.001178s ]
SQL: SHOW COLUMNS FROM `user` [ RunTime:0.0301s ]
SQL: SELECT * FROM `user` LIMIT 1   [ RunTime:0.0011s ]

[ 2019-11-20T23:18:19+08:00 ] 127.0.0.1 /index.php/Goods/ajaxAddCart.html
INFO: [ app_begin ] --START--
INFO: Run Behavior\ReadHtmlCacheBehavior [ RunTime:0.000424s ]
INFO: [ app_begin ] --END-- [ RunTime:0.000762s ]
SQL: SHOW COLUMNS FROM `cart` [ RunTime:0.0062s ]

[ 2019-11-20T23:18:31+08:00 ] 127.0.0.1 /index.php/Index/ajaxLogin.html
INFO: [ app_begin ] --START--
INFO: Run Behavior\ReadHtmlCacheBehavior [ RunTime:0.000702s ]
INFO: [ app_begin ] --END-- [ RunTime:0.001398s ]
SQL: SHOW COLUMNS FROM `user` [ RunTime:0.0325s ]
SQL: SELECT * FROM `user` LIMIT 1   [ RunTime:0.0010s ]

[ 2019-11-20T23:35:09+08:00 ] 127.0.0.1 /index.php/Goods/ajaxAddCart.html
INFO: [ app_begin ] --START--
INFO: Run Behavior\ReadHtmlCacheBehavior [ RunTime:0.000424s ]
INFO: [ app_begin ] --END-- [ RunTime:0.000788s ]
SQL: SHOW COLUMNS FROM `cart` [ RunTime:0.0433s ]

[ 2019-11-20T23:35:22+08:00 ] 127.0.0.1 /index.php/Index/ajaxLogin.html
INFO: [ app_begin ] --START--
INFO: Run Behavior\ReadHtmlCacheBehavior [ RunTime:0.000567s ]
INFO: [ app_begin ] --END-- [ RunTime:0.001039s ]
SQL: SHOW COLUMNS FROM `user` [ RunTime:0.0111s ]
SQL: SELECT * FROM `user` LIMIT 1   [ RunTime:0.0004s ]

