[ 2019-11-11T11:29:30+08:00 ] 127.0.0.1 /
INFO: [ app_init ] --START--
INFO: Run Behavior\BuildLiteBehavior [ RunTime:0.000009s ]
INFO: [ app_init ] --END-- [ RunTime:0.025028s ]

[ 2019-11-11T11:29:32+08:00 ] 127.0.0.1 /favicon.ico
INFO: [ app_init ] --START--
INFO: Run Behavior\BuildLiteBehavior [ RunTime:0.000007s ]
INFO: [ app_init ] --END-- [ RunTime:0.000346s ]

[ 2019-11-11T11:30:06+08:00 ] 127.0.0.1 /Home/Index/db
INFO: [ app_init ] --START--
INFO: Run Behavior\BuildLiteBehavior [ RunTime:0.000009s ]
INFO: [ app_init ] --END-- [ RunTime:0.000394s ]

[ 2019-11-11T11:30:49+08:00 ] 127.0.0.1 /Home/Index/db
INFO: [ app_init ] --START--
INFO: Run Behavior\BuildLiteBehavior [ RunTime:0.000009s ]
INFO: [ app_init ] --END-- [ RunTime:0.000535s ]
ERR: 模板不存在:./Application/Home/View/Index/db.html

[ 2019-11-11T11:31:37+08:00 ] 127.0.0.1 /Home/Index/db
INFO: [ app_init ] --START--
INFO: Run Behavior\BuildLiteBehavior [ RunTime:0.000007s ]
INFO: [ app_init ] --END-- [ RunTime:0.000424s ]

[ 2019-11-11T11:36:30+08:00 ] 127.0.0.1 /Home/Index/db
INFO: [ app_init ] --START--
INFO: Run Behavior\BuildLiteBehavior [ RunTime:0.000008s ]
INFO: [ app_init ] --END-- [ RunTime:0.000389s ]
ERR: 模板不存在:./Application/Home/View/Array.html

[ 2019-11-11T12:15:26+08:00 ] 127.0.0.1 /Home/Index/db
INFO: [ app_init ] --START--
INFO: Run Behavior\BuildLiteBehavior [ RunTime:0.000015s ]
INFO: [ app_init ] --END-- [ RunTime:0.000459s ]
ERR: 模板不存在:./Application/Home/View/Array.html

[ 2019-11-11T12:18:52+08:00 ] 127.0.0.1 /Home/Index/db
INFO: [ app_init ] --START--
INFO: Run Behavior\BuildLiteBehavior [ RunTime:0.000006s ]
INFO: [ app_init ] --END-- [ RunTime:0.000344s ]
ERR: 模板不存在:./Application/Home/View/Array.html

[ 2019-11-11T12:18:55+08:00 ] 127.0.0.1 /Home/Index/db
INFO: [ app_init ] --START--
INFO: Run Behavior\BuildLiteBehavior [ RunTime:0.000006s ]
INFO: [ app_init ] --END-- [ RunTime:0.000273s ]
ERR: 模板不存在:./Application/Home/View/Array.html

[ 2019-11-11T12:19:01+08:00 ] 127.0.0.1 /Home/Index/db
INFO: [ app_init ] --START--
INFO: Run Behavior\BuildLiteBehavior [ RunTime:0.000006s ]
INFO: [ app_init ] --END-- [ RunTime:0.000267s ]
ERR: 模板不存在:./Application/Home/View/Array.html

[ 2019-11-11T13:10:57+08:00 ] 127.0.0.1 /Home/Index/db
INFO: [ app_init ] --START--
INFO: Run Behavior\BuildLiteBehavior [ RunTime:0.000006s ]
INFO: [ app_init ] --END-- [ RunTime:0.000398s ]
ERR: 模板不存在:./Application/Home/View/Array.html

[ 2019-11-11T13:50:05+08:00 ] 127.0.0.1 /Home/Index/db
INFO: [ app_init ] --START--
INFO: Run Behavior\BuildLiteBehavior [ RunTime:0.000006s ]
INFO: [ app_init ] --END-- [ RunTime:0.000370s ]

[ 2019-11-11T13:50:24+08:00 ] 127.0.0.1 /Home/Index/db
INFO: [ app_init ] --START--
INFO: Run Behavior\BuildLiteBehavior [ RunTime:0.000006s ]
INFO: [ app_init ] --END-- [ RunTime:0.000296s ]
ERR: 模板不存在:./Application/Home/View/Array.html

[ 2019-11-11T13:50:37+08:00 ] 127.0.0.1 /Home/Index/db
INFO: [ app_init ] --START--
INFO: Run Behavior\BuildLiteBehavior [ RunTime:0.000006s ]
INFO: [ app_init ] --END-- [ RunTime:0.000266s ]

[ 2019-11-11T17:19:47+08:00 ] 127.0.0.1 /Home/Index/db
INFO: [ app_init ] --START--
INFO: Run Behavior\BuildLiteBehavior [ RunTime:0.000009s ]
INFO: [ app_init ] --END-- [ RunTime:0.001821s ]

[ 2019-11-11T17:23:21+08:00 ] 127.0.0.1 /Home/Index/db
INFO: [ app_init ] --START--
INFO: Run Behavior\BuildLiteBehavior [ RunTime:0.000041s ]
INFO: [ app_init ] --END-- [ RunTime:0.001056s ]

[ 2019-11-11T17:24:00+08:00 ] 127.0.0.1 /Home/Index/db
INFO: [ app_init ] --START--
INFO: Run Behavior\BuildLiteBehavior [ RunTime:0.000009s ]
INFO: [ app_init ] --END-- [ RunTime:0.000384s ]

[ 2019-11-11T17:24:21+08:00 ] 127.0.0.1 /Home/Index/reg
INFO: [ app_init ] --START--
INFO: Run Behavior\BuildLiteBehavior [ RunTime:0.000007s ]
INFO: [ app_init ] --END-- [ RunTime:0.000300s ]

[ 2019-11-11T17:24:25+08:00 ] 127.0.0.1 /Home/Index/reg?code=11
INFO: [ app_init ] --START--
INFO: Run Behavior\BuildLiteBehavior [ RunTime:0.000015s ]
INFO: [ app_init ] --END-- [ RunTime:0.000520s ]

[ 2019-11-11T17:25:19+08:00 ] 127.0.0.1 /Home/Index/reg?code=11
INFO: [ app_init ] --START--
INFO: Run Behavior\BuildLiteBehavior [ RunTime:0.000006s ]
INFO: [ app_init ] --END-- [ RunTime:0.000275s ]

[ 2019-11-11T17:25:21+08:00 ] 127.0.0.1 /Home/Index/reg?code=11
INFO: [ app_init ] --START--
INFO: Run Behavior\BuildLiteBehavior [ RunTime:0.000006s ]
INFO: [ app_init ] --END-- [ RunTime:0.000360s ]

[ 2019-11-11T17:25:22+08:00 ] 127.0.0.1 /Home/Index/reg?code=11
INFO: [ app_init ] --START--
INFO: Run Behavior\BuildLiteBehavior [ RunTime:0.000010s ]
INFO: [ app_init ] --END-- [ RunTime:0.000675s ]

[ 2019-11-11T17:25:22+08:00 ] 127.0.0.1 /Home/Index/reg?code=11
INFO: [ app_init ] --START--
INFO: Run Behavior\BuildLiteBehavior [ RunTime:0.000013s ]
INFO: [ app_init ] --END-- [ RunTime:0.000300s ]

[ 2019-11-11T17:25:22+08:00 ] 127.0.0.1 /Home/Index/reg?code=11
INFO: [ app_init ] --START--
INFO: Run Behavior\BuildLiteBehavior [ RunTime:0.000006s ]
INFO: [ app_init ] --END-- [ RunTime:0.000271s ]

[ 2019-11-11T17:25:27+08:00 ] 127.0.0.1 /Home/Index/reg
INFO: [ app_init ] --START--
INFO: Run Behavior\BuildLiteBehavior [ RunTime:0.000007s ]
INFO: [ app_init ] --END-- [ RunTime:0.000280s ]

[ 2019-11-11T17:25:29+08:00 ] 127.0.0.1 /Home/Index/reg
INFO: [ app_init ] --START--
INFO: Run Behavior\BuildLiteBehavior [ RunTime:0.000007s ]
INFO: [ app_init ] --END-- [ RunTime:0.000363s ]

[ 2019-11-11T17:25:31+08:00 ] 127.0.0.1 /Home/Index/reg
INFO: [ app_init ] --START--
INFO: Run Behavior\BuildLiteBehavior [ RunTime:0.000007s ]
INFO: [ app_init ] --END-- [ RunTime:0.000338s ]

[ 2019-11-11T17:25:32+08:00 ] 127.0.0.1 /Home/Index/reg
INFO: [ app_init ] --START--
INFO: Run Behavior\BuildLiteBehavior [ RunTime:0.000014s ]
INFO: [ app_init ] --END-- [ RunTime:0.000506s ]

[ 2019-11-11T17:29:54+08:00 ] 127.0.0.1 /Home/Index/reg
INFO: [ app_init ] --START--
INFO: Run Behavior\BuildLiteBehavior [ RunTime:0.000007s ]
INFO: [ app_init ] --END-- [ RunTime:0.000378s ]

[ 2019-11-11T17:30:35+08:00 ] 127.0.0.1 /Home/Index/reg
INFO: [ app_init ] --START--
INFO: Run Behavior\BuildLiteBehavior [ RunTime:0.000006s ]
INFO: [ app_init ] --END-- [ RunTime:0.000294s ]

[ 2019-11-11T17:30:38+08:00 ] 127.0.0.1 /Index/regAction
INFO: [ app_init ] --START--
INFO: Run Behavior\BuildLiteBehavior [ RunTime:0.000006s ]
INFO: [ app_init ] --END-- [ RunTime:0.000288s ]

[ 2019-11-11T17:31:10+08:00 ] 127.0.0.1 /Home/Index/reg
INFO: [ app_init ] --START--
INFO: Run Behavior\BuildLiteBehavior [ RunTime:0.000007s ]
INFO: [ app_init ] --END-- [ RunTime:0.000319s ]

[ 2019-11-11T17:31:13+08:00 ] 127.0.0.1 /Home/Index/regAction
INFO: [ app_init ] --START--
INFO: Run Behavior\BuildLiteBehavior [ RunTime:0.000012s ]
INFO: [ app_init ] --END-- [ RunTime:0.000404s ]

[ 2019-11-11T17:31:30+08:00 ] 127.0.0.1 /Home/Index/reg
INFO: [ app_init ] --START--
INFO: Run Behavior\BuildLiteBehavior [ RunTime:0.000008s ]
INFO: [ app_init ] --END-- [ RunTime:0.000384s ]

[ 2019-11-11T17:31:36+08:00 ] 127.0.0.1 /Home/Index/regAction
INFO: [ app_init ] --START--
INFO: Run Behavior\BuildLiteBehavior [ RunTime:0.000010s ]
INFO: [ app_init ] --END-- [ RunTime:0.000487s ]

[ 2019-11-11T17:31:45+08:00 ] 127.0.0.1 /Home/Index/reg
INFO: [ app_init ] --START--
INFO: Run Behavior\BuildLiteBehavior [ RunTime:0.000005s ]
INFO: [ app_init ] --END-- [ RunTime:0.000287s ]

[ 2019-11-11T17:31:48+08:00 ] 127.0.0.1 /Index/regAction
INFO: [ app_init ] --START--
INFO: Run Behavior\BuildLiteBehavior [ RunTime:0.000009s ]
INFO: [ app_init ] --END-- [ RunTime:0.000701s ]

[ 2019-11-11T17:31:56+08:00 ] 127.0.0.1 /Home/Index/reg
INFO: [ app_init ] --START--
INFO: Run Behavior\BuildLiteBehavior [ RunTime:0.000006s ]
INFO: [ app_init ] --END-- [ RunTime:0.000370s ]

[ 2019-11-11T17:32:10+08:00 ] 127.0.0.1 /Index/reg
INFO: [ app_init ] --START--
INFO: Run Behavior\BuildLiteBehavior [ RunTime:0.000007s ]
INFO: [ app_init ] --END-- [ RunTime:0.000367s ]

[ 2019-11-11T17:55:04+08:00 ] 127.0.0.1 /Index/reg
INFO: [ app_init ] --START--
INFO: Run Behavior\BuildLiteBehavior [ RunTime:0.000008s ]
INFO: [ app_init ] --END-- [ RunTime:0.000490s ]

[ 2019-11-11T17:55:06+08:00 ] 127.0.0.1 /Index/%7BU('regAction')%7D
INFO: [ app_init ] --START--
INFO: Run Behavior\BuildLiteBehavior [ RunTime:0.000006s ]
INFO: [ app_init ] --END-- [ RunTime:0.000275s ]

[ 2019-11-11T17:55:48+08:00 ] 127.0.0.1 /Index/%7BU('regAction')%7D
INFO: [ app_init ] --START--
INFO: Run Behavior\BuildLiteBehavior [ RunTime:0.000006s ]
INFO: [ app_init ] --END-- [ RunTime:0.000263s ]

[ 2019-11-11T17:55:52+08:00 ] 127.0.0.1 /Index/reg
INFO: [ app_init ] --START--
INFO: Run Behavior\BuildLiteBehavior [ RunTime:0.000006s ]
INFO: [ app_init ] --END-- [ RunTime:0.000279s ]

[ 2019-11-11T17:56:01+08:00 ] 127.0.0.1 /Index/%7BU('regAction')%7D
INFO: [ app_init ] --START--
INFO: Run Behavior\BuildLiteBehavior [ RunTime:0.000007s ]
INFO: [ app_init ] --END-- [ RunTime:0.000308s ]

[ 2019-11-11T17:56:34+08:00 ] 127.0.0.1 /Index/reg
INFO: [ app_init ] --START--
INFO: Run Behavior\BuildLiteBehavior [ RunTime:0.000010s ]
INFO: [ app_init ] --END-- [ RunTime:0.000452s ]

[ 2019-11-11T17:57:06+08:00 ] 127.0.0.1 /Index/reg
INFO: [ app_init ] --START--
INFO: Run Behavior\BuildLiteBehavior [ RunTime:0.000009s ]
INFO: [ app_init ] --END-- [ RunTime:0.001460s ]

[ 2019-11-11T17:57:10+08:00 ] 127.0.0.1 /Index/reg
INFO: [ app_init ] --START--
INFO: Run Behavior\BuildLiteBehavior [ RunTime:0.000006s ]
INFO: [ app_init ] --END-- [ RunTime:0.000265s ]

[ 2019-11-11T17:57:12+08:00 ] 127.0.0.1 /index.php/Index/regAction.html
INFO: [ app_init ] --START--
INFO: Run Behavior\BuildLiteBehavior [ RunTime:0.000009s ]
INFO: [ app_init ] --END-- [ RunTime:0.000270s ]

[ 2019-11-11T18:00:12+08:00 ] 127.0.0.1 /index.php/Index/regAction.html
INFO: [ app_init ] --START--
INFO: Run Behavior\BuildLiteBehavior [ RunTime:0.000015s ]
INFO: [ app_init ] --END-- [ RunTime:0.000373s ]

[ 2019-11-11T18:00:14+08:00 ] 127.0.0.1 /Index/reg
INFO: [ app_init ] --START--
INFO: Run Behavior\BuildLiteBehavior [ RunTime:0.000007s ]
INFO: [ app_init ] --END-- [ RunTime:0.000334s ]

[ 2019-11-11T18:00:14+08:00 ] 127.0.0.1 /Index/__IMAGE__/1.jpg
INFO: [ app_init ] --START--
INFO: Run Behavior\BuildLiteBehavior [ RunTime:0.000005s ]
INFO: [ app_init ] --END-- [ RunTime:0.000263s ]

[ 2019-11-11T18:00:15+08:00 ] 127.0.0.1 /Index/reg
INFO: [ app_init ] --START--
INFO: Run Behavior\BuildLiteBehavior [ RunTime:0.000006s ]
INFO: [ app_init ] --END-- [ RunTime:0.000287s ]

[ 2019-11-11T18:00:15+08:00 ] 127.0.0.1 /Index/__IMAGE__/1.jpg
INFO: [ app_init ] --START--
INFO: Run Behavior\BuildLiteBehavior [ RunTime:0.000008s ]
INFO: [ app_init ] --END-- [ RunTime:0.000373s ]

[ 2019-11-11T18:00:16+08:00 ] 127.0.0.1 /index.php/Index/regAction.html
INFO: [ app_init ] --START--
INFO: Run Behavior\BuildLiteBehavior [ RunTime:0.000009s ]
INFO: [ app_init ] --END-- [ RunTime:0.000493s ]

[ 2019-11-11T18:00:19+08:00 ] 127.0.0.1 /index.php/Index/regAction.html
INFO: [ app_init ] --START--
INFO: Run Behavior\BuildLiteBehavior [ RunTime:0.000006s ]
INFO: [ app_init ] --END-- [ RunTime:0.000272s ]

[ 2019-11-11T18:00:21+08:00 ] 127.0.0.1 /Index/reg
INFO: [ app_init ] --START--
INFO: Run Behavior\BuildLiteBehavior [ RunTime:0.000018s ]
INFO: [ app_init ] --END-- [ RunTime:0.000414s ]

[ 2019-11-11T18:00:21+08:00 ] 127.0.0.1 /Index/__IMAGE__/1.jpg
INFO: [ app_init ] --START--
INFO: Run Behavior\BuildLiteBehavior [ RunTime:0.000007s ]
INFO: [ app_init ] --END-- [ RunTime:0.000416s ]

[ 2019-11-11T18:00:23+08:00 ] 127.0.0.1 /index.php/Index/regAction.html
INFO: [ app_init ] --START--
INFO: Run Behavior\BuildLiteBehavior [ RunTime:0.000005s ]
INFO: [ app_init ] --END-- [ RunTime:0.000265s ]

[ 2019-11-11T18:00:25+08:00 ] 127.0.0.1 /Index/reg
INFO: [ app_init ] --START--
INFO: Run Behavior\BuildLiteBehavior [ RunTime:0.000009s ]
INFO: [ app_init ] --END-- [ RunTime:0.000486s ]

[ 2019-11-11T18:00:25+08:00 ] 127.0.0.1 /Index/__IMAGE__/1.jpg
INFO: [ app_init ] --START--
INFO: Run Behavior\BuildLiteBehavior [ RunTime:0.000006s ]
INFO: [ app_init ] --END-- [ RunTime:0.000310s ]

[ 2019-11-11T18:00:45+08:00 ] 127.0.0.1 /Index/__IMAGE__/1.jpg
INFO: [ app_init ] --START--
INFO: Run Behavior\BuildLiteBehavior [ RunTime:0.000008s ]
INFO: [ app_init ] --END-- [ RunTime:0.000434s ]

[ 2019-11-11T18:01:52+08:00 ] 127.0.0.1 /Index/reg
INFO: [ app_init ] --START--
INFO: Run Behavior\BuildLiteBehavior [ RunTime:0.000009s ]
INFO: [ app_init ] --END-- [ RunTime:0.000548s ]

[ 2019-11-11T18:02:03+08:00 ] 127.0.0.1 /Index/reg
INFO: [ app_init ] --START--
INFO: Run Behavior\BuildLiteBehavior [ RunTime:0.000006s ]
INFO: [ app_init ] --END-- [ RunTime:0.000279s ]

[ 2019-11-11T18:02:05+08:00 ] 127.0.0.1 /index.php/Home/Index/regAction
INFO: [ app_init ] --START--
INFO: Run Behavior\BuildLiteBehavior [ RunTime:0.000007s ]
INFO: [ app_init ] --END-- [ RunTime:0.000295s ]

[ 2019-11-11T18:15:40+08:00 ] 127.0.0.1 /Index/reg
INFO: [ app_init ] --START--
INFO: Run Behavior\BuildLiteBehavior [ RunTime:0.000005s ]
INFO: [ app_init ] --END-- [ RunTime:0.000374s ]
ERR: syntax error, unexpected ''createVerify);?>" alt="">' (T_ENCAPSED_AND_WHITESPACE)

[ 2019-11-11T18:18:21+08:00 ] 127.0.0.1 /Index/reg
INFO: [ app_init ] --START--
INFO: Run Behavior\BuildLiteBehavior [ RunTime:0.000006s ]
INFO: [ app_init ] --END-- [ RunTime:0.000380s ]

[ 2019-11-11T18:18:21+08:00 ] 127.0.0.1 /index.php/Index/createVerify.html
INFO: [ app_init ] --START--
INFO: Run Behavior\BuildLiteBehavior [ RunTime:0.000008s ]
INFO: [ app_init ] --END-- [ RunTime:0.000322s ]
ERR: Class 'Home\Controller\Verify' not found

[ 2019-11-11T18:18:30+08:00 ] 127.0.0.1 /index.php/Index/regAction.html
INFO: [ app_init ] --START--
INFO: Run Behavior\BuildLiteBehavior [ RunTime:0.000006s ]
INFO: [ app_init ] --END-- [ RunTime:0.000338s ]

[ 2019-11-11T18:18:33+08:00 ] 127.0.0.1 /index.php/Index/regAction.html
INFO: [ app_init ] --START--
INFO: Run Behavior\BuildLiteBehavior [ RunTime:0.000008s ]
INFO: [ app_init ] --END-- [ RunTime:0.000507s ]

[ 2019-11-11T18:18:35+08:00 ] 127.0.0.1 /index.php/Index/createVerify.html
INFO: [ app_init ] --START--
INFO: Run Behavior\BuildLiteBehavior [ RunTime:0.000011s ]
INFO: [ app_init ] --END-- [ RunTime:0.000474s ]
ERR: Class 'Home\Controller\Verify' not found

[ 2019-11-11T18:18:36+08:00 ] 127.0.0.1 /Index/reg
INFO: [ app_init ] --START--
INFO: Run Behavior\BuildLiteBehavior [ RunTime:0.000007s ]
INFO: [ app_init ] --END-- [ RunTime:0.000323s ]

[ 2019-11-11T18:18:36+08:00 ] 127.0.0.1 /index.php/Index/createVerify.html
INFO: [ app_init ] --START--
INFO: Run Behavior\BuildLiteBehavior [ RunTime:0.000007s ]
INFO: [ app_init ] --END-- [ RunTime:0.000316s ]
ERR: Class 'Home\Controller\Verify' not found

[ 2019-11-11T18:18:44+08:00 ] 127.0.0.1 /index.php/Index/createVerify.html
INFO: [ app_init ] --START--
INFO: Run Behavior\BuildLiteBehavior [ RunTime:0.000007s ]
INFO: [ app_init ] --END-- [ RunTime:0.000308s ]
ERR: Class 'Home\Controller\Verify' not found

[ 2019-11-11T18:20:54+08:00 ] 127.0.0.1 /Index/reg
INFO: [ app_init ] --START--
INFO: Run Behavior\BuildLiteBehavior [ RunTime:0.000007s ]
INFO: [ app_init ] --END-- [ RunTime:0.000406s ]

[ 2019-11-11T18:20:54+08:00 ] 127.0.0.1 /index.php/Index/createVerify.html
INFO: [ app_init ] --START--
INFO: Run Behavior\BuildLiteBehavior [ RunTime:0.000006s ]
INFO: [ app_init ] --END-- [ RunTime:0.000282s ]

[ 2019-11-11T18:20:56+08:00 ] 127.0.0.1 /index.php/Index/createVerify.html?rand=0.3339866185844662
INFO: [ app_init ] --START--
INFO: Run Behavior\BuildLiteBehavior [ RunTime:0.000010s ]
INFO: [ app_init ] --END-- [ RunTime:0.000615s ]

[ 2019-11-11T18:20:56+08:00 ] 127.0.0.1 /index.php/Index/createVerify.html?rand=0.3339866185844662?rand=0.3888466037467253
INFO: [ app_init ] --START--
INFO: Run Behavior\BuildLiteBehavior [ RunTime:0.000007s ]
INFO: [ app_init ] --END-- [ RunTime:0.000320s ]

[ 2019-11-11T18:20:57+08:00 ] 127.0.0.1 /index.php/Index/createVerify.html?rand=0.3339866185844662?rand=0.3888466037467253?rand=0.5637831270566558
INFO: [ app_init ] --START--
INFO: Run Behavior\BuildLiteBehavior [ RunTime:0.000006s ]
INFO: [ app_init ] --END-- [ RunTime:0.000274s ]

[ 2019-11-11T18:21:00+08:00 ] 127.0.0.1 /index.php/Index/regAction.html
INFO: [ app_init ] --START--
INFO: Run Behavior\BuildLiteBehavior [ RunTime:0.000006s ]
INFO: [ app_init ] --END-- [ RunTime:0.000272s ]

[ 2019-11-11T18:21:03+08:00 ] 127.0.0.1 /index.php/Index/regAction.html
INFO: [ app_init ] --START--
INFO: Run Behavior\BuildLiteBehavior [ RunTime:0.000005s ]
INFO: [ app_init ] --END-- [ RunTime:0.000305s ]

[ 2019-11-11T18:21:05+08:00 ] 127.0.0.1 /index.php/Index/createVerify.html
INFO: [ app_init ] --START--
INFO: Run Behavior\BuildLiteBehavior [ RunTime:0.000008s ]
INFO: [ app_init ] --END-- [ RunTime:0.000391s ]

[ 2019-11-11T18:21:53+08:00 ] 127.0.0.1 /index.php/Index/regAction.html
INFO: [ app_init ] --START--
INFO: Run Behavior\BuildLiteBehavior [ RunTime:0.000007s ]
INFO: [ app_init ] --END-- [ RunTime:0.000469s ]

[ 2019-11-11T18:21:56+08:00 ] 127.0.0.1 /index.php/Index/regAction.html
INFO: [ app_init ] --START--
INFO: Run Behavior\BuildLiteBehavior [ RunTime:0.000006s ]
INFO: [ app_init ] --END-- [ RunTime:0.000287s ]

[ 2019-11-11T18:25:14+08:00 ] 127.0.0.1 /Index/reg
INFO: [ app_init ] --START--
INFO: Run Behavior\BuildLiteBehavior [ RunTime:0.000013s ]
INFO: [ app_init ] --END-- [ RunTime:0.000641s ]

[ 2019-11-11T18:25:14+08:00 ] 127.0.0.1 /index.php/Index/createVerify.html
INFO: [ app_init ] --START--
INFO: Run Behavior\BuildLiteBehavior [ RunTime:0.000009s ]
INFO: [ app_init ] --END-- [ RunTime:0.000460s ]

[ 2019-11-11T18:25:15+08:00 ] 127.0.0.1 /index.php/Index/createVerify.html?rand=0.47612707719482716
INFO: [ app_init ] --START--
INFO: Run Behavior\BuildLiteBehavior [ RunTime:0.000006s ]
INFO: [ app_init ] --END-- [ RunTime:0.000283s ]

[ 2019-11-11T18:25:16+08:00 ] 127.0.0.1 /index.php/Index/createVerify.html?rand=0.47612707719482716?rand=0.6490441836825462
INFO: [ app_init ] --START--
INFO: Run Behavior\BuildLiteBehavior [ RunTime:0.000005s ]
INFO: [ app_init ] --END-- [ RunTime:0.000281s ]

[ 2019-11-11T18:25:16+08:00 ] 127.0.0.1 /index.php/Index/createVerify.html?rand=0.47612707719482716?rand=0.6490441836825462?rand=0.7325444688555338
INFO: [ app_init ] --START--
INFO: Run Behavior\BuildLiteBehavior [ RunTime:0.000008s ]
INFO: [ app_init ] --END-- [ RunTime:0.000352s ]

[ 2019-11-11T18:25:17+08:00 ] 127.0.0.1 /index.php/Index/createVerify.html?rand=0.47612707719482716?rand=0.6490441836825462?rand=0.7325444688555338?rand=0.3666560949985236
INFO: [ app_init ] --START--
INFO: Run Behavior\BuildLiteBehavior [ RunTime:0.000006s ]
INFO: [ app_init ] --END-- [ RunTime:0.000272s ]

[ 2019-11-11T18:25:17+08:00 ] 127.0.0.1 /index.php/Index/createVerify.html?rand=0.47612707719482716?rand=0.6490441836825462?rand=0.7325444688555338?rand=0.3666560949985236?rand=0.5673535426235758
INFO: [ app_init ] --START--
INFO: Run Behavior\BuildLiteBehavior [ RunTime:0.000006s ]
INFO: [ app_init ] --END-- [ RunTime:0.000324s ]

[ 2019-11-11T18:25:20+08:00 ] 127.0.0.1 /index.php/Index/regAction.html
INFO: [ app_init ] --START--
INFO: Run Behavior\BuildLiteBehavior [ RunTime:0.000006s ]
INFO: [ app_init ] --END-- [ RunTime:0.000260s ]

[ 2019-11-11T18:25:23+08:00 ] 127.0.0.1 /Index/reg
INFO: [ app_init ] --START--
INFO: Run Behavior\BuildLiteBehavior [ RunTime:0.000007s ]
INFO: [ app_init ] --END-- [ RunTime:0.000378s ]

[ 2019-11-11T18:25:23+08:00 ] 127.0.0.1 /index.php/Index/createVerify.html
INFO: [ app_init ] --START--
INFO: Run Behavior\BuildLiteBehavior [ RunTime:0.000012s ]
INFO: [ app_init ] --END-- [ RunTime:0.000587s ]

[ 2019-11-11T18:30:53+08:00 ] 127.0.0.1 /Index/reg
INFO: [ app_init ] --START--
INFO: Run Behavior\BuildLiteBehavior [ RunTime:0.000016s ]
INFO: [ app_init ] --END-- [ RunTime:0.000395s ]

[ 2019-11-11T18:30:54+08:00 ] 127.0.0.1 /index.php/Index/createVerify.html
INFO: [ app_init ] --START--
INFO: Run Behavior\BuildLiteBehavior [ RunTime:0.000026s ]
INFO: [ app_init ] --END-- [ RunTime:0.000469s ]

[ 2019-11-11T18:31:05+08:00 ] 127.0.0.1 /index.php/Index/regAction.html
INFO: [ app_init ] --START--
INFO: Run Behavior\BuildLiteBehavior [ RunTime:0.000007s ]
INFO: [ app_init ] --END-- [ RunTime:0.007164s ]

[ 2019-11-11T18:31:59+08:00 ] 127.0.0.1 /index.php/Index/createVerify.html
INFO: [ app_init ] --START--
INFO: Run Behavior\BuildLiteBehavior [ RunTime:0.000011s ]
INFO: [ app_init ] --END-- [ RunTime:0.000417s ]

[ 2019-11-11T18:37:21+08:00 ] 127.0.0.1 /Index/reg
INFO: [ app_init ] --START--
INFO: Run Behavior\BuildLiteBehavior [ RunTime:0.000006s ]
INFO: [ app_init ] --END-- [ RunTime:0.000353s ]

[ 2019-11-11T18:37:21+08:00 ] 127.0.0.1 /index.php/Index/createVerify.html
INFO: [ app_init ] --START--
INFO: Run Behavior\BuildLiteBehavior [ RunTime:0.000006s ]
INFO: [ app_init ] --END-- [ RunTime:0.000411s ]

[ 2019-11-11T18:37:30+08:00 ] 127.0.0.1 /index.php/Index/regAction.html
INFO: [ app_init ] --START--
INFO: Run Behavior\BuildLiteBehavior [ RunTime:0.000008s ]
INFO: [ app_init ] --END-- [ RunTime:0.000323s ]

[ 2019-11-11T18:37:45+08:00 ] 127.0.0.1 /index.php/Index/createVerify.html
INFO: [ app_init ] --START--
INFO: Run Behavior\BuildLiteBehavior [ RunTime:0.000006s ]
INFO: [ app_init ] --END-- [ RunTime:0.000465s ]

[ 2019-11-11T18:37:48+08:00 ] 127.0.0.1 /Index/reg
INFO: [ app_init ] --START--
INFO: Run Behavior\BuildLiteBehavior [ RunTime:0.000007s ]
INFO: [ app_init ] --END-- [ RunTime:0.000313s ]

[ 2019-11-11T18:37:48+08:00 ] 127.0.0.1 /index.php/Index/createVerify.html
INFO: [ app_init ] --START--
INFO: Run Behavior\BuildLiteBehavior [ RunTime:0.000010s ]
INFO: [ app_init ] --END-- [ RunTime:0.000410s ]

[ 2019-11-11T18:37:51+08:00 ] 127.0.0.1 /index.php/Index/regAction.html
INFO: [ app_init ] --START--
INFO: Run Behavior\BuildLiteBehavior [ RunTime:0.000007s ]
INFO: [ app_init ] --END-- [ RunTime:0.000302s ]

[ 2019-11-11T18:39:34+08:00 ] 127.0.0.1 /index.php/Index/regAction.html
INFO: [ app_init ] --START--
INFO: Run Behavior\BuildLiteBehavior [ RunTime:0.000009s ]
INFO: [ app_init ] --END-- [ RunTime:0.000477s ]

[ 2019-11-11T18:39:35+08:00 ] 127.0.0.1 /index.php/Index/createVerify.html
INFO: [ app_init ] --START--
INFO: Run Behavior\BuildLiteBehavior [ RunTime:0.000007s ]
INFO: [ app_init ] --END-- [ RunTime:0.000396s ]

[ 2019-11-11T18:39:36+08:00 ] 127.0.0.1 /Index/reg
INFO: [ app_init ] --START--
INFO: Run Behavior\BuildLiteBehavior [ RunTime:0.000006s ]
INFO: [ app_init ] --END-- [ RunTime:0.000272s ]

[ 2019-11-11T18:39:36+08:00 ] 127.0.0.1 /index.php/Index/createVerify.html
INFO: [ app_init ] --START--
INFO: Run Behavior\BuildLiteBehavior [ RunTime:0.000006s ]
INFO: [ app_init ] --END-- [ RunTime:0.000317s ]

[ 2019-11-11T18:39:38+08:00 ] 127.0.0.1 /index.php/Index/regAction.html
INFO: [ app_init ] --START--
INFO: Run Behavior\BuildLiteBehavior [ RunTime:0.000006s ]
INFO: [ app_init ] --END-- [ RunTime:0.000310s ]

[ 2019-11-11T18:39:42+08:00 ] 127.0.0.1 /index.php/Index/createVerify.html?rand=0.306602073139441
INFO: [ app_init ] --START--
INFO: Run Behavior\BuildLiteBehavior [ RunTime:0.000005s ]
INFO: [ app_init ] --END-- [ RunTime:0.000325s ]

[ 2019-11-11T18:39:57+08:00 ] 127.0.0.1 /index.php/Index/regAction.html
INFO: [ app_init ] --START--
INFO: Run Behavior\BuildLiteBehavior [ RunTime:0.000005s ]
INFO: [ app_init ] --END-- [ RunTime:0.000266s ]

[ 2019-11-11T18:46:14+08:00 ] 127.0.0.1 /Home/Index/setSession
INFO: [ app_init ] --START--
INFO: Run Behavior\BuildLiteBehavior [ RunTime:0.000006s ]
INFO: [ app_init ] --END-- [ RunTime:0.000372s ]

[ 2019-11-11T18:46:26+08:00 ] 127.0.0.1 /Home/Index/getSession
INFO: [ app_init ] --START--
INFO: Run Behavior\BuildLiteBehavior [ RunTime:0.000011s ]
INFO: [ app_init ] --END-- [ RunTime:0.002778s ]

[ 2019-11-11T18:46:30+08:00 ] 127.0.0.1 /Home/Index/getSession
INFO: [ app_init ] --START--
INFO: Run Behavior\BuildLiteBehavior [ RunTime:0.000006s ]
INFO: [ app_init ] --END-- [ RunTime:0.000390s ]

[ 2019-11-11T18:46:32+08:00 ] 127.0.0.1 /Home/Index/getSession
INFO: [ app_init ] --START--
INFO: Run Behavior\BuildLiteBehavior [ RunTime:0.000011s ]
INFO: [ app_init ] --END-- [ RunTime:0.000514s ]

[ 2019-11-11T18:47:10+08:00 ] 127.0.0.1 /Home/Index/setSession
INFO: [ app_init ] --START--
INFO: Run Behavior\BuildLiteBehavior [ RunTime:0.000006s ]
INFO: [ app_init ] --END-- [ RunTime:0.000281s ]

[ 2019-11-11T18:47:30+08:00 ] 127.0.0.1 /Home/Index/getSession
INFO: [ app_init ] --START--
INFO: Run Behavior\BuildLiteBehavior [ RunTime:0.000008s ]
INFO: [ app_init ] --END-- [ RunTime:0.000302s ]

[ 2019-11-11T18:48:45+08:00 ] 127.0.0.1 /Home/Index/setSession
INFO: [ app_init ] --START--
INFO: Run Behavior\BuildLiteBehavior [ RunTime:0.000006s ]
INFO: [ app_init ] --END-- [ RunTime:0.000352s ]

[ 2019-11-11T18:48:52+08:00 ] 127.0.0.1 /Home/Index/getSession
INFO: [ app_init ] --START--
INFO: Run Behavior\BuildLiteBehavior [ RunTime:0.000006s ]
INFO: [ app_init ] --END-- [ RunTime:0.000274s ]

[ 2019-11-11T18:50:22+08:00 ] 127.0.0.1 /Home/Index/setSession
INFO: [ app_init ] --START--
INFO: Run Behavior\BuildLiteBehavior [ RunTime:0.000007s ]
INFO: [ app_init ] --END-- [ RunTime:0.000355s ]

[ 2019-11-11T18:50:31+08:00 ] 127.0.0.1 /Home/Index/getSession
INFO: [ app_init ] --START--
INFO: Run Behavior\BuildLiteBehavior [ RunTime:0.000005s ]
INFO: [ app_init ] --END-- [ RunTime:0.000262s ]

[ 2019-11-11T18:51:00+08:00 ] 127.0.0.1 /Home/Index/getSession
INFO: [ app_init ] --START--
INFO: Run Behavior\BuildLiteBehavior [ RunTime:0.000009s ]
INFO: [ app_init ] --END-- [ RunTime:0.001515s ]

[ 2019-11-11T18:51:16+08:00 ] 127.0.0.1 /Home/Index/getSession
INFO: [ app_init ] --START--
INFO: Run Behavior\BuildLiteBehavior [ RunTime:0.000005s ]
INFO: [ app_init ] --END-- [ RunTime:0.000263s ]

[ 2019-11-11T18:55:42+08:00 ] 127.0.0.1 /Home/Index/getSession
INFO: [ app_init ] --START--
INFO: Run Behavior\BuildLiteBehavior [ RunTime:0.000007s ]
INFO: [ app_init ] --END-- [ RunTime:0.000456s ]

[ 2019-11-11T18:55:46+08:00 ] 127.0.0.1 /Home/Index/getSession
INFO: [ app_init ] --START--
INFO: Run Behavior\BuildLiteBehavior [ RunTime:0.000009s ]
INFO: [ app_init ] --END-- [ RunTime:0.000574s ]

[ 2019-11-11T18:55:55+08:00 ] 127.0.0.1 /Home/Index/setSession
INFO: [ app_init ] --START--
INFO: Run Behavior\BuildLiteBehavior [ RunTime:0.000013s ]
INFO: [ app_init ] --END-- [ RunTime:0.000866s ]

[ 2019-11-11T18:56:05+08:00 ] 127.0.0.1 /Home/Index/getSession
INFO: [ app_init ] --START--
INFO: Run Behavior\BuildLiteBehavior [ RunTime:0.000006s ]
INFO: [ app_init ] --END-- [ RunTime:0.000287s ]

[ 2019-11-11T18:58:07+08:00 ] 127.0.0.1 /Home/Index/setSession
INFO: [ app_init ] --START--
INFO: Run Behavior\BuildLiteBehavior [ RunTime:0.000006s ]
INFO: [ app_init ] --END-- [ RunTime:0.000356s ]

[ 2019-11-11T18:58:12+08:00 ] 127.0.0.1 /Home/Index/getSession
INFO: [ app_init ] --START--
INFO: Run Behavior\BuildLiteBehavior [ RunTime:0.000008s ]
INFO: [ app_init ] --END-- [ RunTime:0.001484s ]

[ 2019-11-11T19:02:23+08:00 ] 127.0.0.1 /Home/Index/goodsList
INFO: [ app_init ] --START--
INFO: Run Behavior\BuildLiteBehavior [ RunTime:0.000013s ]
INFO: [ app_init ] --END-- [ RunTime:0.000644s ]

[ 2019-11-11T19:17:54+08:00 ] 127.0.0.1 /Home/Index/goodsList
INFO: [ app_init ] --START--
INFO: Run Behavior\BuildLiteBehavior [ RunTime:0.000005s ]
INFO: [ app_init ] --END-- [ RunTime:0.000395s ]
ERR: Call to a member function show() on null

[ 2019-11-11T19:19:20+08:00 ] 127.0.0.1 /Home/Index/goodsList
INFO: [ app_init ] --START--
INFO: Run Behavior\BuildLiteBehavior [ RunTime:0.000006s ]
INFO: [ app_init ] --END-- [ RunTime:0.000270s ]

[ 2019-11-11T19:25:35+08:00 ] 127.0.0.1 /Home/Index/goodsList
INFO: [ app_init ] --START--
INFO: Run Behavior\BuildLiteBehavior [ RunTime:0.000008s ]
INFO: [ app_init ] --END-- [ RunTime:0.000511s ]

[ 2019-11-11T19:26:42+08:00 ] 127.0.0.1 /Home/Index/goodsList
INFO: [ app_init ] --START--
INFO: Run Behavior\BuildLiteBehavior [ RunTime:0.000006s ]
INFO: [ app_init ] --END-- [ RunTime:0.000299s ]

[ 2019-11-11T19:38:21+08:00 ] 127.0.0.1 /Home/Index/goodsList
INFO: [ app_init ] --START--
INFO: Run Behavior\BuildLiteBehavior [ RunTime:0.000007s ]
INFO: [ app_init ] --END-- [ RunTime:0.000373s ]

[ 2019-11-11T19:38:29+08:00 ] 127.0.0.1 /index.php/Index/goodsList/p/2.html
INFO: [ app_init ] --START--
INFO: Run Behavior\BuildLiteBehavior [ RunTime:0.000006s ]
INFO: [ app_init ] --END-- [ RunTime:0.000272s ]

[ 2019-11-11T19:38:34+08:00 ] 127.0.0.1 /index.php/Index/goodsList/p/1.html
INFO: [ app_init ] --START--
INFO: Run Behavior\BuildLiteBehavior [ RunTime:0.000008s ]
INFO: [ app_init ] --END-- [ RunTime:0.000349s ]

[ 2019-11-11T19:38:41+08:00 ] 127.0.0.1 /index.php/Index/goodsList/p/8.html
INFO: [ app_init ] --START--
INFO: Run Behavior\BuildLiteBehavior [ RunTime:0.000009s ]
INFO: [ app_init ] --END-- [ RunTime:0.005304s ]

[ 2019-11-11T19:38:44+08:00 ] 127.0.0.1 /index.php/Index/goodsList/p/14.html
INFO: [ app_init ] --START--
INFO: Run Behavior\BuildLiteBehavior [ RunTime:0.000008s ]
INFO: [ app_init ] --END-- [ RunTime:0.000388s ]

[ 2019-11-11T19:38:47+08:00 ] 127.0.0.1 /index.php/Index/goodsList/p/4.html
INFO: [ app_init ] --START--
INFO: Run Behavior\BuildLiteBehavior [ RunTime:0.000007s ]
INFO: [ app_init ] --END-- [ RunTime:0.000296s ]

[ 2019-11-11T19:38:50+08:00 ] 127.0.0.1 /index.php/Index/goodsList/p/1.html
INFO: [ app_init ] --START--
INFO: Run Behavior\BuildLiteBehavior [ RunTime:0.000008s ]
INFO: [ app_init ] --END-- [ RunTime:0.000340s ]

[ 2019-11-11T19:40:31+08:00 ] 127.0.0.1 /index.php/Index/goodsList/p/1.html
INFO: [ app_init ] --START--
INFO: Run Behavior\BuildLiteBehavior [ RunTime:0.000006s ]
INFO: [ app_init ] --END-- [ RunTime:0.000357s ]

[ 2019-11-11T19:40:42+08:00 ] 127.0.0.1 /index.php/Index/goodsList/p/1.html
INFO: [ app_init ] --START--
INFO: Run Behavior\BuildLiteBehavior [ RunTime:0.000009s ]
INFO: [ app_init ] --END-- [ RunTime:0.000946s ]

[ 2019-11-11T19:40:45+08:00 ] 127.0.0.1 /index.php/Index/goodsList/p/8.html
INFO: [ app_init ] --START--
INFO: Run Behavior\BuildLiteBehavior [ RunTime:0.000006s ]
INFO: [ app_init ] --END-- [ RunTime:0.000269s ]

[ 2019-11-11T19:40:47+08:00 ] 127.0.0.1 /index.php/Index/goodsList/p/8.html
INFO: [ app_init ] --START--
INFO: Run Behavior\BuildLiteBehavior [ RunTime:0.000009s ]
INFO: [ app_init ] --END-- [ RunTime:0.000467s ]

[ 2019-11-11T19:41:15+08:00 ] 127.0.0.1 /index.php/Index/goodsList/p/8.html
INFO: [ app_init ] --START--
INFO: Run Behavior\BuildLiteBehavior [ RunTime:0.000006s ]
INFO: [ app_init ] --END-- [ RunTime:0.000268s ]

[ 2019-11-11T19:41:18+08:00 ] 127.0.0.1 /index.php/Index/goodsList/p/8.html
INFO: [ app_init ] --START--
INFO: Run Behavior\BuildLiteBehavior [ RunTime:0.000006s ]
INFO: [ app_init ] --END-- [ RunTime:0.000297s ]

[ 2019-11-11T19:43:11+08:00 ] 127.0.0.1 /index.php/Index/goodsList/p/8.html
INFO: [ app_init ] --START--
INFO: Run Behavior\BuildLiteBehavior [ RunTime:0.000096s ]
INFO: [ app_init ] --END-- [ RunTime:0.002190s ]

[ 2019-11-11T19:43:13+08:00 ] 127.0.0.1 /index.php/Index/goodsList/p/8.html
INFO: [ app_init ] --START--
INFO: Run Behavior\BuildLiteBehavior [ RunTime:0.000006s ]
INFO: [ app_init ] --END-- [ RunTime:0.000290s ]

[ 2019-11-11T19:43:24+08:00 ] 127.0.0.1 /Home/Index/goodsList
INFO: [ app_init ] --START--
INFO: Run Behavior\BuildLiteBehavior [ RunTime:0.000006s ]
INFO: [ app_init ] --END-- [ RunTime:0.000269s ]

[ 2019-11-11T19:43:29+08:00 ] 127.0.0.1 /Home/Index/goodsList
INFO: [ app_init ] --START--
INFO: Run Behavior\BuildLiteBehavior [ RunTime:0.000006s ]
INFO: [ app_init ] --END-- [ RunTime:0.000287s ]

[ 2019-11-11T19:43:32+08:00 ] 127.0.0.1 /index.php/Index/goodsList/p/7.html
INFO: [ app_init ] --START--
INFO: Run Behavior\BuildLiteBehavior [ RunTime:0.000006s ]
INFO: [ app_init ] --END-- [ RunTime:0.000285s ]

[ 2019-11-11T19:44:14+08:00 ] 127.0.0.1 /index.php/Index/goodsList
INFO: [ app_init ] --START--
INFO: Run Behavior\BuildLiteBehavior [ RunTime:0.000011s ]
INFO: [ app_init ] --END-- [ RunTime:0.003060s ]

[ 2019-11-11T19:44:18+08:00 ] 127.0.0.1 /index.php/Index/goodsList/p/2.html
INFO: [ app_init ] --START--
INFO: Run Behavior\BuildLiteBehavior [ RunTime:0.000009s ]
INFO: [ app_init ] --END-- [ RunTime:0.000434s ]

[ 2019-11-11T19:44:20+08:00 ] 127.0.0.1 /index.php/Index/goodsList/p/1.html
INFO: [ app_init ] --START--
INFO: Run Behavior\BuildLiteBehavior [ RunTime:0.000007s ]
INFO: [ app_init ] --END-- [ RunTime:0.000284s ]

[ 2019-11-11T19:44:52+08:00 ] 127.0.0.1 /index.php/Index/goodsList
INFO: [ app_init ] --START--
INFO: Run Behavior\BuildLiteBehavior [ RunTime:0.000006s ]
INFO: [ app_init ] --END-- [ RunTime:0.000266s ]

[ 2019-11-11T19:44:56+08:00 ] 127.0.0.1 /index.php/Index/goodsList
INFO: [ app_init ] --START--
INFO: Run Behavior\BuildLiteBehavior [ RunTime:0.000006s ]
INFO: [ app_init ] --END-- [ RunTime:0.000262s ]

[ 2019-11-11T19:44:59+08:00 ] 127.0.0.1 /index.php/Index/goodsList/p/8.html
INFO: [ app_init ] --START--
INFO: Run Behavior\BuildLiteBehavior [ RunTime:0.000008s ]
INFO: [ app_init ] --END-- [ RunTime:0.000417s ]

[ 2019-11-11T19:45:02+08:00 ] 127.0.0.1 /index.php/Index/goodsList/p/7.html
INFO: [ app_init ] --START--
INFO: Run Behavior\BuildLiteBehavior [ RunTime:0.000008s ]
INFO: [ app_init ] --END-- [ RunTime:0.000364s ]

[ 2019-11-11T19:45:04+08:00 ] 127.0.0.1 /index.php/Index/goodsList/p/14.html
INFO: [ app_init ] --START--
INFO: Run Behavior\BuildLiteBehavior [ RunTime:0.000006s ]
INFO: [ app_init ] --END-- [ RunTime:0.000275s ]

[ 2019-11-11T19:46:52+08:00 ] 127.0.0.1 /index.php/Index/goodsList
INFO: [ app_init ] --START--
INFO: Run Behavior\BuildLiteBehavior [ RunTime:0.000006s ]
INFO: [ app_init ] --END-- [ RunTime:0.000401s ]

[ 2019-11-11T19:46:57+08:00 ] 127.0.0.1 /index.php/Index/goodsList/p/10.html
INFO: [ app_init ] --START--
INFO: Run Behavior\BuildLiteBehavior [ RunTime:0.000010s ]
INFO: [ app_init ] --END-- [ RunTime:0.000468s ]

[ 2019-11-11T19:52:01+08:00 ] 127.0.0.1 /index.php/Index/up
INFO: [ app_init ] --START--
INFO: Run Behavior\BuildLiteBehavior [ RunTime:0.000006s ]
INFO: [ app_init ] --END-- [ RunTime:0.000365s ]

[ 2019-11-11T19:53:22+08:00 ] 127.0.0.1 /index.php/Home/Index/upload
INFO: [ app_init ] --START--
INFO: Run Behavior\BuildLiteBehavior [ RunTime:0.000006s ]
INFO: [ app_init ] --END-- [ RunTime:0.000285s ]

[ 2019-11-11T19:53:31+08:00 ] 127.0.0.1 /index.php/Index/up
INFO: [ app_init ] --START--
INFO: Run Behavior\BuildLiteBehavior [ RunTime:0.000005s ]
INFO: [ app_init ] --END-- [ RunTime:0.000260s ]

[ 2019-11-11T20:00:32+08:00 ] 127.0.0.1 /index.php/Index/up
INFO: [ app_init ] --START--
INFO: Run Behavior\BuildLiteBehavior [ RunTime:0.000012s ]
INFO: [ app_init ] --END-- [ RunTime:0.000569s ]

[ 2019-11-11T20:00:33+08:00 ] 127.0.0.1 /index.php/Index/up
INFO: [ app_init ] --START--
INFO: Run Behavior\BuildLiteBehavior [ RunTime:0.000006s ]
INFO: [ app_init ] --END-- [ RunTime:0.000274s ]

[ 2019-11-11T20:00:40+08:00 ] 127.0.0.1 /index.php/Home/Index/upload
INFO: [ app_init ] --START--
INFO: Run Behavior\BuildLiteBehavior [ RunTime:0.000007s ]
INFO: [ app_init ] --END-- [ RunTime:0.000293s ]

[ 2019-11-11T20:01:10+08:00 ] 127.0.0.1 /index.php/Index/up
INFO: [ app_init ] --START--
INFO: Run Behavior\BuildLiteBehavior [ RunTime:0.000007s ]
INFO: [ app_init ] --END-- [ RunTime:0.000288s ]

[ 2019-11-11T20:01:17+08:00 ] 127.0.0.1 /index.php/Home/Index/upload
INFO: [ app_init ] --START--
INFO: Run Behavior\BuildLiteBehavior [ RunTime:0.000006s ]
INFO: [ app_init ] --END-- [ RunTime:0.000284s ]

[ 2019-11-11T20:01:20+08:00 ] 127.0.0.1 /index.php/Home/Index/upload
INFO: [ app_init ] --START--
INFO: Run Behavior\BuildLiteBehavior [ RunTime:0.000006s ]
INFO: [ app_init ] --END-- [ RunTime:0.000426s ]

[ 2019-11-11T20:01:23+08:00 ] 127.0.0.1 /index.php/Index/up
INFO: [ app_init ] --START--
INFO: Run Behavior\BuildLiteBehavior [ RunTime:0.000006s ]
INFO: [ app_init ] --END-- [ RunTime:0.000289s ]

[ 2019-11-11T20:01:34+08:00 ] 127.0.0.1 /index.php/Index/up
INFO: [ app_init ] --START--
INFO: Run Behavior\BuildLiteBehavior [ RunTime:0.000007s ]
INFO: [ app_init ] --END-- [ RunTime:0.000273s ]

[ 2019-11-11T20:01:49+08:00 ] 127.0.0.1 /index.php/Home/Index/upload
INFO: [ app_init ] --START--
INFO: Run Behavior\BuildLiteBehavior [ RunTime:0.000018s ]
INFO: [ app_init ] --END-- [ RunTime:0.000325s ]

[ 2019-11-11T20:01:50+08:00 ] 127.0.0.1 /index.php/Index/up
INFO: [ app_init ] --START--
INFO: Run Behavior\BuildLiteBehavior [ RunTime:0.000008s ]
INFO: [ app_init ] --END-- [ RunTime:0.000336s ]

[ 2019-11-11T20:21:31+08:00 ] 127.0.0.1 /index.php/Index/up
INFO: [ app_init ] --START--
INFO: Run Behavior\BuildLiteBehavior [ RunTime:0.000006s ]
INFO: [ app_init ] --END-- [ RunTime:0.000391s ]

[ 2019-11-11T20:21:45+08:00 ] 127.0.0.1 /index.php/Home/Index/upload
INFO: [ app_init ] --START--
INFO: Run Behavior\BuildLiteBehavior [ RunTime:0.000006s ]
INFO: [ app_init ] --END-- [ RunTime:0.000266s ]

[ 2019-11-11T20:21:49+08:00 ] 127.0.0.1 /index.php/Index/up
INFO: [ app_init ] --START--
INFO: Run Behavior\BuildLiteBehavior [ RunTime:0.000012s ]
INFO: [ app_init ] --END-- [ RunTime:0.000607s ]

[ 2019-11-11T20:23:29+08:00 ] 127.0.0.1 /index.php/Index/up
INFO: [ app_init ] --START--
INFO: Run Behavior\BuildLiteBehavior [ RunTime:0.000006s ]
INFO: [ app_init ] --END-- [ RunTime:0.000282s ]

[ 2019-11-11T20:23:37+08:00 ] 127.0.0.1 /index.php/Home/Index/upload
INFO: [ app_init ] --START--
INFO: Run Behavior\BuildLiteBehavior [ RunTime:0.000007s ]
INFO: [ app_init ] --END-- [ RunTime:0.000307s ]

[ 2019-11-11T20:23:47+08:00 ] 127.0.0.1 /index.php/Index/up
INFO: [ app_init ] --START--
INFO: Run Behavior\BuildLiteBehavior [ RunTime:0.000006s ]
INFO: [ app_init ] --END-- [ RunTime:0.000294s ]

[ 2019-11-11T20:24:11+08:00 ] 127.0.0.1 /index.php/Index/up
INFO: [ app_init ] --START--
INFO: Run Behavior\BuildLiteBehavior [ RunTime:0.000013s ]
INFO: [ app_init ] --END-- [ RunTime:0.000592s ]

[ 2019-11-11T20:24:15+08:00 ] 127.0.0.1 /index.php/Index/up
INFO: [ app_init ] --START--
INFO: Run Behavior\BuildLiteBehavior [ RunTime:0.000011s ]
INFO: [ app_init ] --END-- [ RunTime:0.000423s ]

[ 2019-11-11T20:24:21+08:00 ] 127.0.0.1 /index.php/Home/Index/upload
INFO: [ app_init ] --START--
INFO: Run Behavior\BuildLiteBehavior [ RunTime:0.000007s ]
INFO: [ app_init ] --END-- [ RunTime:0.000293s ]

[ 2019-11-11T20:25:09+08:00 ] 127.0.0.1 /index.php/Index/up
INFO: [ app_init ] --START--
INFO: Run Behavior\BuildLiteBehavior [ RunTime:0.000012s ]
INFO: [ app_init ] --END-- [ RunTime:0.000585s ]

[ 2019-11-11T20:25:10+08:00 ] 127.0.0.1 /index.php/Index/up
INFO: [ app_init ] --START--
INFO: Run Behavior\BuildLiteBehavior [ RunTime:0.000006s ]
INFO: [ app_init ] --END-- [ RunTime:0.000328s ]

[ 2019-11-11T20:25:15+08:00 ] 127.0.0.1 /index.php/Home/Index/upload
INFO: [ app_init ] --START--
INFO: Run Behavior\BuildLiteBehavior [ RunTime:0.000013s ]
INFO: [ app_init ] --END-- [ RunTime:0.000529s ]

[ 2019-11-11T20:25:28+08:00 ] 127.0.0.1 /index.php/Index/up
INFO: [ app_init ] --START--
INFO: Run Behavior\BuildLiteBehavior [ RunTime:0.000006s ]
INFO: [ app_init ] --END-- [ RunTime:0.000290s ]

[ 2019-11-11T20:25:33+08:00 ] 127.0.0.1 /index.php/Home/Index/upload
INFO: [ app_init ] --START--
INFO: Run Behavior\BuildLiteBehavior [ RunTime:0.000006s ]
INFO: [ app_init ] --END-- [ RunTime:0.000269s ]

[ 2019-11-11T20:26:13+08:00 ] 127.0.0.1 /index.php/Index/up
INFO: [ app_init ] --START--
INFO: Run Behavior\BuildLiteBehavior [ RunTime:0.000013s ]
INFO: [ app_init ] --END-- [ RunTime:0.000556s ]

[ 2019-11-11T20:26:17+08:00 ] 127.0.0.1 /index.php/Home/Index/upload
INFO: [ app_init ] --START--
INFO: Run Behavior\BuildLiteBehavior [ RunTime:0.000009s ]
INFO: [ app_init ] --END-- [ RunTime:0.000519s ]

[ 2019-11-11T20:27:00+08:00 ] 127.0.0.1 /index.php/Index/up
INFO: [ app_init ] --START--
INFO: Run Behavior\BuildLiteBehavior [ RunTime:0.000008s ]
INFO: [ app_init ] --END-- [ RunTime:0.000391s ]

[ 2019-11-11T20:27:05+08:00 ] 127.0.0.1 /index.php/Home/Index/upload
INFO: [ app_init ] --START--
INFO: Run Behavior\BuildLiteBehavior [ RunTime:0.000048s ]
INFO: [ app_init ] --END-- [ RunTime:0.001302s ]

[ 2019-11-11T20:27:06+08:00 ] 127.0.0.1 /index.php/Index/up
INFO: [ app_init ] --START--
INFO: Run Behavior\BuildLiteBehavior [ RunTime:0.000047s ]
INFO: [ app_init ] --END-- [ RunTime:0.001988s ]

[ 2019-11-11T20:30:10+08:00 ] 127.0.0.1 /index.php/Index/up
INFO: [ app_init ] --START--
INFO: Run Behavior\BuildLiteBehavior [ RunTime:0.000007s ]
INFO: [ app_init ] --END-- [ RunTime:0.000419s ]

[ 2019-11-11T20:30:47+08:00 ] 127.0.0.1 /index.php/Index/up
INFO: [ app_init ] --START--
INFO: Run Behavior\BuildLiteBehavior [ RunTime:0.000037s ]
INFO: [ app_init ] --END-- [ RunTime:0.000870s ]

[ 2019-11-11T20:30:51+08:00 ] 127.0.0.1 /index.php/Home/Index/upload
INFO: [ app_init ] --START--
INFO: Run Behavior\BuildLiteBehavior [ RunTime:0.000007s ]
INFO: [ app_init ] --END-- [ RunTime:0.000295s ]

[ 2019-11-11T20:30:53+08:00 ] 127.0.0.1 /index.php/Index/up
INFO: [ app_init ] --START--
INFO: Run Behavior\BuildLiteBehavior [ RunTime:0.000006s ]
INFO: [ app_init ] --END-- [ RunTime:0.000381s ]

[ 2019-11-11T20:31:13+08:00 ] 127.0.0.1 /index.php/Index/up
INFO: [ app_init ] --START--
INFO: Run Behavior\BuildLiteBehavior [ RunTime:0.000006s ]
INFO: [ app_init ] --END-- [ RunTime:0.000279s ]

[ 2019-11-11T20:31:18+08:00 ] 127.0.0.1 /index.php/Home/Index/upload
INFO: [ app_init ] --START--
INFO: Run Behavior\BuildLiteBehavior [ RunTime:0.000009s ]
INFO: [ app_init ] --END-- [ RunTime:0.000466s ]

[ 2019-11-11T20:33:09+08:00 ] 127.0.0.1 /index.php/Index/up
INFO: [ app_init ] --START--
INFO: Run Behavior\BuildLiteBehavior [ RunTime:0.000008s ]
INFO: [ app_init ] --END-- [ RunTime:0.000444s ]

[ 2019-11-11T20:33:18+08:00 ] 127.0.0.1 /index.php/Home/Index/upload
INFO: [ app_init ] --START--
INFO: Run Behavior\BuildLiteBehavior [ RunTime:0.000007s ]
INFO: [ app_init ] --END-- [ RunTime:0.000316s ]

[ 2019-11-11T20:33:36+08:00 ] 127.0.0.1 /index.php/Home/Index/upload
INFO: [ app_init ] --START--
INFO: Run Behavior\BuildLiteBehavior [ RunTime:0.000006s ]
INFO: [ app_init ] --END-- [ RunTime:0.000270s ]

[ 2019-11-11T20:33:40+08:00 ] 127.0.0.1 /index.php/Index/up
INFO: [ app_init ] --START--
INFO: Run Behavior\BuildLiteBehavior [ RunTime:0.000008s ]
INFO: [ app_init ] --END-- [ RunTime:0.000334s ]

[ 2019-11-11T20:33:44+08:00 ] 127.0.0.1 /index.php/Home/Index/upload
INFO: [ app_init ] --START--
INFO: Run Behavior\BuildLiteBehavior [ RunTime:0.000006s ]
INFO: [ app_init ] --END-- [ RunTime:0.000320s ]

[ 2019-11-11T22:22:31+08:00 ] 127.0.0.1 /index.php/Home/Index/upload
INFO: [ app_init ] --START--
INFO: Run Behavior\BuildLiteBehavior [ RunTime:0.000014s ]
INFO: [ app_init ] --END-- [ RunTime:0.000968s ]

[ 2019-11-11T22:34:16+08:00 ] 127.0.0.1 /Home/User/reg
INFO: [ app_init ] --START--
INFO: Run Behavior\BuildLiteBehavior [ RunTime:0.000006s ]
INFO: [ app_init ] --END-- [ RunTime:0.000391s ]

[ 2019-11-11T22:36:09+08:00 ] 127.0.0.1 /Home/User/reg
INFO: [ app_init ] --START--
INFO: Run Behavior\BuildLiteBehavior [ RunTime:0.000008s ]
INFO: [ app_init ] --END-- [ RunTime:0.000313s ]

[ 2019-11-11T22:36:09+08:00 ] 127.0.0.1 /Home/User/css/font-awesome/css/font-awesome.css
INFO: [ app_init ] --START--
INFO: Run Behavior\BuildLiteBehavior [ RunTime:0.000013s ]
INFO: [ app_init ] --END-- [ RunTime:0.000587s ]

[ 2019-11-11T22:36:09+08:00 ] 127.0.0.1 /Home/User/images/user.png
INFO: [ app_init ] --START--
INFO: Run Behavior\BuildLiteBehavior [ RunTime:0.000006s ]
INFO: [ app_init ] --END-- [ RunTime:0.000271s ]

[ 2019-11-11T22:36:10+08:00 ] 127.0.0.1 /Home/User/images/left-user.jpg
INFO: [ app_init ] --START--
INFO: Run Behavior\BuildLiteBehavior [ RunTime:0.000010s ]
INFO: [ app_init ] --END-- [ RunTime:0.000458s ]

[ 2019-11-11T22:36:10+08:00 ] 127.0.0.1 /Home/User/images/left-head-all.png
INFO: [ app_init ] --START--
INFO: Run Behavior\BuildLiteBehavior [ RunTime:0.000006s ]
INFO: [ app_init ] --END-- [ RunTime:0.000258s ]

[ 2019-11-11T22:46:27+08:00 ] 127.0.0.1 /Home/User/reg
INFO: [ app_init ] --START--
INFO: Run Behavior\BuildLiteBehavior [ RunTime:0.000011s ]
INFO: [ app_init ] --END-- [ RunTime:0.000681s ]

[ 2019-11-11T22:46:28+08:00 ] 127.0.0.1 /Home/User/css/font-awesome/css/font-awesome.css
INFO: [ app_init ] --START--
INFO: Run Behavior\BuildLiteBehavior [ RunTime:0.000011s ]
INFO: [ app_init ] --END-- [ RunTime:0.000518s ]

[ 2019-11-11T22:46:28+08:00 ] 127.0.0.1 /Home/User/images/user.png
INFO: [ app_init ] --START--
INFO: Run Behavior\BuildLiteBehavior [ RunTime:0.000011s ]
INFO: [ app_init ] --END-- [ RunTime:0.000516s ]

[ 2019-11-11T22:46:29+08:00 ] 127.0.0.1 /Home/User/images/left-user.jpg
INFO: [ app_init ] --START--
INFO: Run Behavior\BuildLiteBehavior [ RunTime:0.000012s ]
INFO: [ app_init ] --END-- [ RunTime:0.000594s ]

[ 2019-11-11T22:46:29+08:00 ] 127.0.0.1 /Home/User/images/left-head-all.png
INFO: [ app_init ] --START--
INFO: Run Behavior\BuildLiteBehavior [ RunTime:0.000011s ]
INFO: [ app_init ] --END-- [ RunTime:0.000677s ]

[ 2019-11-11T22:46:46+08:00 ] 127.0.0.1 /Home/User/css/font-awesome/css/font-awesome.css
INFO: [ app_init ] --START--
INFO: Run Behavior\BuildLiteBehavior [ RunTime:0.000009s ]
INFO: [ app_init ] --END-- [ RunTime:0.000393s ]

[ 2019-11-11T22:49:59+08:00 ] 127.0.0.1 /Home/User/reg
INFO: [ app_init ] --START--
INFO: Run Behavior\BuildLiteBehavior [ RunTime:0.000008s ]
INFO: [ app_init ] --END-- [ RunTime:0.000442s ]

[ 2019-11-11T22:49:59+08:00 ] 127.0.0.1 /Home/User/images/left-user.jpg
INFO: [ app_init ] --START--
INFO: Run Behavior\BuildLiteBehavior [ RunTime:0.000012s ]
INFO: [ app_init ] --END-- [ RunTime:0.000660s ]

[ 2019-11-11T22:49:59+08:00 ] 127.0.0.1 /Home/User/css/font-awesome/css/font-awesome.css
INFO: [ app_init ] --START--
INFO: Run Behavior\BuildLiteBehavior [ RunTime:0.000008s ]
INFO: [ app_init ] --END-- [ RunTime:0.000376s ]

[ 2019-11-11T22:49:59+08:00 ] 127.0.0.1 /Home/User/images/user.png
INFO: [ app_init ] --START--
INFO: Run Behavior\BuildLiteBehavior [ RunTime:0.000012s ]
INFO: [ app_init ] --END-- [ RunTime:0.000580s ]

[ 2019-11-11T22:50:00+08:00 ] 127.0.0.1 /Home/User/images/left-head-all.png
INFO: [ app_init ] --START--
INFO: Run Behavior\BuildLiteBehavior [ RunTime:0.000011s ]
INFO: [ app_init ] --END-- [ RunTime:0.000529s ]

[ 2019-11-11T22:50:07+08:00 ] 127.0.0.1 /Home/User/css/font-awesome/css/font-awesome.css
INFO: [ app_init ] --START--
INFO: Run Behavior\BuildLiteBehavior [ RunTime:0.000009s ]
INFO: [ app_init ] --END-- [ RunTime:0.000404s ]

[ 2019-11-11T22:53:27+08:00 ] 127.0.0.1 /Home/User/reg
INFO: [ app_init ] --START--
INFO: Run Behavior\BuildLiteBehavior [ RunTime:0.000006s ]
INFO: [ app_init ] --END-- [ RunTime:0.000400s ]

[ 2019-11-11T22:53:27+08:00 ] 127.0.0.1 /Home/User/css/font-awesome/css/font-awesome.css
INFO: [ app_init ] --START--
INFO: Run Behavior\BuildLiteBehavior [ RunTime:0.000009s ]
INFO: [ app_init ] --END-- [ RunTime:0.000466s ]

[ 2019-11-11T22:53:27+08:00 ] 127.0.0.1 /Home/User/images/user.png
INFO: [ app_init ] --START--
INFO: Run Behavior\BuildLiteBehavior [ RunTime:0.000014s ]
INFO: [ app_init ] --END-- [ RunTime:0.000631s ]

[ 2019-11-11T22:53:28+08:00 ] 127.0.0.1 /Home/User/images/left-user.jpg
INFO: [ app_init ] --START--
INFO: Run Behavior\BuildLiteBehavior [ RunTime:0.000018s ]
INFO: [ app_init ] --END-- [ RunTime:0.001054s ]

[ 2019-11-11T22:53:28+08:00 ] 127.0.0.1 /Home/User/images/left-head-all.png
INFO: [ app_init ] --START--
INFO: Run Behavior\BuildLiteBehavior [ RunTime:0.000009s ]
INFO: [ app_init ] --END-- [ RunTime:0.001011s ]

[ 2019-11-11T22:53:34+08:00 ] 127.0.0.1 /Home/User/css/font-awesome/css/font-awesome.css
INFO: [ app_init ] --START--
INFO: Run Behavior\BuildLiteBehavior [ RunTime:0.000069s ]
INFO: [ app_init ] --END-- [ RunTime:0.002238s ]

