[ 2019-12-11T13:54:07+08:00 ] 127.0.0.1 /index.php/Goods/cart.html
INFO: [ app_init ] --START--
INFO: Run Behavior\BuildLiteBehavior [ RunTime:0.000011s ]
INFO: [ app_init ] --END-- [ RunTime:0.019817s ]
INFO: [ app_begin ] --START--
INFO: Run Behavior\ReadHtmlCacheBehavior [ RunTime:0.009311s ]
INFO: [ app_begin ] --END-- [ RunTime:0.009346s ]
SQL: SHOW COLUMNS FROM `cart` [ RunTime:0.1862s ]

[ 2019-12-11T13:54:08+08:00 ] 127.0.0.1 /index.php/Home/Index/login.html
INFO: [ app_init ] --START--
INFO: Run Behavior\BuildLiteBehavior [ RunTime:0.000006s ]
INFO: [ app_init ] --END-- [ RunTime:0.000263s ]
INFO: [ app_begin ] --START--
INFO: Run Behavior\ReadHtmlCacheBehavior [ RunTime:0.000338s ]
INFO: [ app_begin ] --END-- [ RunTime:0.000358s ]
INFO: [ view_parse ] --START--
INFO: [ template_filter ] --START--
INFO: Run Behavior\ContentReplaceBehavior [ RunTime:0.011013s ]
INFO: [ template_filter ] --END-- [ RunTime:0.011050s ]
INFO: Run Behavior\ParseTemplateBehavior [ RunTime:0.216882s ]
INFO: [ view_parse ] --END-- [ RunTime:0.216915s ]
INFO: [ view_filter ] --START--
INFO: Run Behavior\WriteHtmlCacheBehavior [ RunTime:0.013906s ]
INFO: [ view_filter ] --END-- [ RunTime:0.013935s ]
INFO: [ app_end ] --START--
INFO: Run Behavior\ShowPageTraceBehavior [ RunTime:0.062012s ]
INFO: [ app_end ] --END-- [ RunTime:0.062040s ]

[ 2019-12-11T13:54:15+08:00 ] 127.0.0.1 /favicon.ico
INFO: [ app_init ] --START--
INFO: Run Behavior\BuildLiteBehavior [ RunTime:0.000005s ]
INFO: [ app_init ] --END-- [ RunTime:0.000273s ]

