[ 2019-11-19T20:20:19+08:00 ] 127.0.0.1 /index.php/Goods/cartAddAction.html
INFO: [ app_begin ] --START--
INFO: Run Behavior\ReadHtmlCacheBehavior [ RunTime:0.000541s ]
INFO: [ app_begin ] --END-- [ RunTime:0.000933s ]

[ 2019-11-19T20:20:35+08:00 ] 127.0.0.1 /index.php/Goods/cartAddAction.html
INFO: [ app_begin ] --START--
INFO: Run Behavior\ReadHtmlCacheBehavior [ RunTime:0.000345s ]
INFO: [ app_begin ] --END-- [ RunTime:0.000615s ]

[ 2019-11-19T20:20:50+08:00 ] 127.0.0.1 /index.php/Goods/cartAddAction.html
INFO: [ app_begin ] --START--
INFO: Run Behavior\ReadHtmlCacheBehavior [ RunTime:0.000773s ]
INFO: [ app_begin ] --END-- [ RunTime:0.001296s ]

[ 2019-11-19T20:25:32+08:00 ] 127.0.0.1 /index.php/Goods/cartAddAction.html
INFO: [ app_begin ] --START--
INFO: Run Behavior\ReadHtmlCacheBehavior [ RunTime:0.000436s ]
INFO: [ app_begin ] --END-- [ RunTime:0.000778s ]

[ 2019-11-19T20:26:45+08:00 ] 127.0.0.1 /index.php/Goods/cartAddAction.html
INFO: [ app_begin ] --START--
INFO: Run Behavior\ReadHtmlCacheBehavior [ RunTime:0.000708s ]
INFO: [ app_begin ] --END-- [ RunTime:0.001217s ]

[ 2019-11-19T21:44:23+08:00 ] 127.0.0.1 /index.php/Goods/cartAddAction.html
INFO: [ app_begin ] --START--
INFO: Run Behavior\ReadHtmlCacheBehavior [ RunTime:0.000658s ]
INFO: [ app_begin ] --END-- [ RunTime:0.001177s ]
ERR: Class 'Home\Controller\Session' not found

[ 2019-11-19T21:45:01+08:00 ] 127.0.0.1 /index.php/Goods/cartAddAction.html
INFO: [ app_begin ] --START--
INFO: Run Behavior\ReadHtmlCacheBehavior [ RunTime:0.000901s ]
INFO: [ app_begin ] --END-- [ RunTime:0.001498s ]
ERR: Class 'Home\Controller\Session' not found

[ 2019-11-19T21:45:44+08:00 ] 127.0.0.1 /index.php/Goods/cartAddAction.html
INFO: [ app_begin ] --START--
INFO: Run Behavior\ReadHtmlCacheBehavior [ RunTime:0.000407s ]
INFO: [ app_begin ] --END-- [ RunTime:0.000724s ]
ERR: Class 'Home\Controller\Session' not found

[ 2019-11-19T21:46:08+08:00 ] 127.0.0.1 /index.php/Goods/cartAddAction.html
INFO: [ app_begin ] --START--
INFO: Run Behavior\ReadHtmlCacheBehavior [ RunTime:0.000428s ]
INFO: [ app_begin ] --END-- [ RunTime:0.000769s ]

[ 2019-11-19T21:50:03+08:00 ] 127.0.0.1 /index.php/Goods/cartAddAction.html
INFO: [ app_begin ] --START--
INFO: Run Behavior\ReadHtmlCacheBehavior [ RunTime:0.000407s ]
INFO: [ app_begin ] --END-- [ RunTime:0.000760s ]

[ 2019-11-19T21:50:52+08:00 ] 127.0.0.1 /index.php/Goods/cartAddAction.html
INFO: [ app_begin ] --START--
INFO: Run Behavior\ReadHtmlCacheBehavior [ RunTime:0.000418s ]
INFO: [ app_begin ] --END-- [ RunTime:0.000789s ]

[ 2019-11-19T21:50:55+08:00 ] 127.0.0.1 /index.php/Goods/cartAddAction.html
INFO: [ app_begin ] --START--
INFO: Run Behavior\ReadHtmlCacheBehavior [ RunTime:0.000410s ]
INFO: [ app_begin ] --END-- [ RunTime:0.000738s ]

[ 2019-11-19T21:50:55+08:00 ] 127.0.0.1 /index.php/Goods/cartAddAction.html
INFO: [ app_begin ] --START--
INFO: Run Behavior\ReadHtmlCacheBehavior [ RunTime:0.000408s ]
INFO: [ app_begin ] --END-- [ RunTime:0.000730s ]

[ 2019-11-19T21:50:55+08:00 ] 127.0.0.1 /index.php/Goods/cartAddAction.html
INFO: [ app_begin ] --START--
INFO: Run Behavior\ReadHtmlCacheBehavior [ RunTime:0.000453s ]
INFO: [ app_begin ] --END-- [ RunTime:0.000840s ]

[ 2019-11-19T21:50:56+08:00 ] 127.0.0.1 /index.php/Goods/cartAddAction.html
INFO: [ app_begin ] --START--
INFO: Run Behavior\ReadHtmlCacheBehavior [ RunTime:0.000696s ]
INFO: [ app_begin ] --END-- [ RunTime:0.001262s ]

[ 2019-11-19T21:50:56+08:00 ] 127.0.0.1 /index.php/Goods/cartAddAction.html
INFO: [ app_begin ] --START--
INFO: Run Behavior\ReadHtmlCacheBehavior [ RunTime:0.000596s ]
INFO: [ app_begin ] --END-- [ RunTime:0.001052s ]

[ 2019-11-19T21:51:11+08:00 ] 127.0.0.1 /index.php/Goods/cartAddAction.html
INFO: [ app_begin ] --START--
INFO: Run Behavior\ReadHtmlCacheBehavior [ RunTime:0.000411s ]
INFO: [ app_begin ] --END-- [ RunTime:0.000744s ]

[ 2019-11-19T21:51:12+08:00 ] 127.0.0.1 /index.php/Goods/cartAddAction.html
INFO: [ app_begin ] --START--
INFO: Run Behavior\ReadHtmlCacheBehavior [ RunTime:0.000421s ]
INFO: [ app_begin ] --END-- [ RunTime:0.000780s ]

[ 2019-11-19T21:51:21+08:00 ] 127.0.0.1 /index.php/Goods/cartAddAction.html
INFO: [ app_begin ] --START--
INFO: Run Behavior\ReadHtmlCacheBehavior [ RunTime:0.001694s ]
INFO: [ app_begin ] --END-- [ RunTime:0.003005s ]

[ 2019-11-19T21:51:23+08:00 ] 127.0.0.1 /index.php/Goods/cartAddAction.html
INFO: [ app_begin ] --START--
INFO: Run Behavior\ReadHtmlCacheBehavior [ RunTime:0.000335s ]
INFO: [ app_begin ] --END-- [ RunTime:0.000597s ]

[ 2019-11-19T21:51:24+08:00 ] 127.0.0.1 /index.php/Goods/cartAddAction.html
INFO: [ app_begin ] --START--
INFO: Run Behavior\ReadHtmlCacheBehavior [ RunTime:0.000422s ]
INFO: [ app_begin ] --END-- [ RunTime:0.000745s ]

[ 2019-11-19T21:51:24+08:00 ] 127.0.0.1 /index.php/Goods/cartAddAction.html
INFO: [ app_begin ] --START--
INFO: Run Behavior\ReadHtmlCacheBehavior [ RunTime:0.000520s ]
INFO: [ app_begin ] --END-- [ RunTime:0.000921s ]

[ 2019-11-19T21:51:24+08:00 ] 127.0.0.1 /index.php/Goods/cartAddAction.html
INFO: [ app_begin ] --START--
INFO: Run Behavior\ReadHtmlCacheBehavior [ RunTime:0.000711s ]
INFO: [ app_begin ] --END-- [ RunTime:0.001394s ]

[ 2019-11-19T21:51:24+08:00 ] 127.0.0.1 /index.php/Goods/cartAddAction.html
INFO: [ app_begin ] --START--
INFO: Run Behavior\ReadHtmlCacheBehavior [ RunTime:0.000336s ]
INFO: [ app_begin ] --END-- [ RunTime:0.000607s ]

[ 2019-11-19T21:51:24+08:00 ] 127.0.0.1 /index.php/Goods/cartAddAction.html
INFO: [ app_begin ] --START--
INFO: Run Behavior\ReadHtmlCacheBehavior [ RunTime:0.000430s ]
INFO: [ app_begin ] --END-- [ RunTime:0.000757s ]

[ 2019-11-19T21:51:25+08:00 ] 127.0.0.1 /index.php/Goods/cartAddAction.html
INFO: [ app_begin ] --START--
INFO: Run Behavior\ReadHtmlCacheBehavior [ RunTime:0.000592s ]
INFO: [ app_begin ] --END-- [ RunTime:0.000952s ]

[ 2019-11-19T21:51:25+08:00 ] 127.0.0.1 /index.php/Goods/cartAddAction.html
INFO: [ app_begin ] --START--
INFO: Run Behavior\ReadHtmlCacheBehavior [ RunTime:0.000437s ]
INFO: [ app_begin ] --END-- [ RunTime:0.000729s ]

[ 2019-11-19T21:51:30+08:00 ] 127.0.0.1 /index.php/Goods/cartAddAction.html
INFO: [ app_begin ] --START--
INFO: Run Behavior\ReadHtmlCacheBehavior [ RunTime:0.000414s ]
INFO: [ app_begin ] --END-- [ RunTime:0.000743s ]

[ 2019-11-19T21:51:31+08:00 ] 127.0.0.1 /index.php/Goods/cartAddAction.html
INFO: [ app_begin ] --START--
INFO: Run Behavior\ReadHtmlCacheBehavior [ RunTime:0.000407s ]
INFO: [ app_begin ] --END-- [ RunTime:0.000729s ]

[ 2019-11-19T21:51:31+08:00 ] 127.0.0.1 /index.php/Goods/cartAddAction.html
INFO: [ app_begin ] --START--
INFO: Run Behavior\ReadHtmlCacheBehavior [ RunTime:0.000419s ]
INFO: [ app_begin ] --END-- [ RunTime:0.000844s ]

[ 2019-11-19T21:51:31+08:00 ] 127.0.0.1 /index.php/Goods/cartAddAction.html
INFO: [ app_begin ] --START--
INFO: Run Behavior\ReadHtmlCacheBehavior [ RunTime:0.000417s ]
INFO: [ app_begin ] --END-- [ RunTime:0.000742s ]

[ 2019-11-19T21:51:32+08:00 ] 127.0.0.1 /index.php/Goods/cartAddAction.html
INFO: [ app_begin ] --START--
INFO: Run Behavior\ReadHtmlCacheBehavior [ RunTime:0.000418s ]
INFO: [ app_begin ] --END-- [ RunTime:0.000753s ]

[ 2019-11-19T21:51:32+08:00 ] 127.0.0.1 /index.php/Goods/cartAddAction.html
INFO: [ app_begin ] --START--
INFO: Run Behavior\ReadHtmlCacheBehavior [ RunTime:0.000411s ]
INFO: [ app_begin ] --END-- [ RunTime:0.000734s ]

[ 2019-11-19T21:51:33+08:00 ] 127.0.0.1 /index.php/Goods/cartAddAction.html
INFO: [ app_begin ] --START--
INFO: Run Behavior\ReadHtmlCacheBehavior [ RunTime:0.000342s ]
INFO: [ app_begin ] --END-- [ RunTime:0.000611s ]

[ 2019-11-19T21:51:34+08:00 ] 127.0.0.1 /index.php/Goods/cartAddAction.html
INFO: [ app_begin ] --START--
INFO: Run Behavior\ReadHtmlCacheBehavior [ RunTime:0.000438s ]
INFO: [ app_begin ] --END-- [ RunTime:0.000771s ]

[ 2019-11-19T21:57:08+08:00 ] 127.0.0.1 /index.php/Goods/cartAddAction.html?id=16
INFO: [ app_begin ] --START--
INFO: Run Behavior\ReadHtmlCacheBehavior [ RunTime:0.000431s ]
INFO: [ app_begin ] --END-- [ RunTime:0.000773s ]

[ 2019-11-19T21:57:10+08:00 ] 127.0.0.1 /index.php/Goods/cartAddAction.html?id=16
INFO: [ app_begin ] --START--
INFO: Run Behavior\ReadHtmlCacheBehavior [ RunTime:0.000410s ]
INFO: [ app_begin ] --END-- [ RunTime:0.000735s ]

[ 2019-11-19T21:57:10+08:00 ] 127.0.0.1 /index.php/Goods/cartAddAction.html?id=16
INFO: [ app_begin ] --START--
INFO: Run Behavior\ReadHtmlCacheBehavior [ RunTime:0.000413s ]
INFO: [ app_begin ] --END-- [ RunTime:0.000735s ]

[ 2019-11-19T21:57:11+08:00 ] 127.0.0.1 /index.php/Goods/cartAddAction.html?id=16
INFO: [ app_begin ] --START--
INFO: Run Behavior\ReadHtmlCacheBehavior [ RunTime:0.000409s ]
INFO: [ app_begin ] --END-- [ RunTime:0.000728s ]

[ 2019-11-19T21:57:11+08:00 ] 127.0.0.1 /index.php/Goods/cartAddAction.html?id=16
INFO: [ app_begin ] --START--
INFO: Run Behavior\ReadHtmlCacheBehavior [ RunTime:0.000597s ]
INFO: [ app_begin ] --END-- [ RunTime:0.001080s ]

[ 2019-11-19T21:57:11+08:00 ] 127.0.0.1 /index.php/Goods/cartAddAction.html?id=16
INFO: [ app_begin ] --START--
INFO: Run Behavior\ReadHtmlCacheBehavior [ RunTime:0.000415s ]
INFO: [ app_begin ] --END-- [ RunTime:0.000739s ]

[ 2019-11-19T21:57:15+08:00 ] 127.0.0.1 /index.php/Goods/cartAddAction.html?id=16
INFO: [ app_begin ] --START--
INFO: Run Behavior\ReadHtmlCacheBehavior [ RunTime:0.000473s ]
INFO: [ app_begin ] --END-- [ RunTime:0.000909s ]

[ 2019-11-19T21:57:16+08:00 ] 127.0.0.1 /index.php/Goods/cartAddAction.html?id=16
INFO: [ app_begin ] --START--
INFO: Run Behavior\ReadHtmlCacheBehavior [ RunTime:0.000449s ]
INFO: [ app_begin ] --END-- [ RunTime:0.000777s ]

[ 2019-11-19T21:57:16+08:00 ] 127.0.0.1 /index.php/Goods/cartAddAction.html?id=16
INFO: [ app_begin ] --START--
INFO: Run Behavior\ReadHtmlCacheBehavior [ RunTime:0.000424s ]
INFO: [ app_begin ] --END-- [ RunTime:0.000773s ]

[ 2019-11-19T21:57:16+08:00 ] 127.0.0.1 /index.php/Goods/cartAddAction.html?id=16
INFO: [ app_begin ] --START--
INFO: Run Behavior\ReadHtmlCacheBehavior [ RunTime:0.000636s ]
INFO: [ app_begin ] --END-- [ RunTime:0.001178s ]

[ 2019-11-19T21:57:16+08:00 ] 127.0.0.1 /index.php/Goods/cartAddAction.html?id=16
INFO: [ app_begin ] --START--
INFO: Run Behavior\ReadHtmlCacheBehavior [ RunTime:0.000445s ]
INFO: [ app_begin ] --END-- [ RunTime:0.000779s ]

[ 2019-11-19T21:57:17+08:00 ] 127.0.0.1 /index.php/Goods/cartAddAction.html?id=16
INFO: [ app_begin ] --START--
INFO: Run Behavior\ReadHtmlCacheBehavior [ RunTime:0.000638s ]
INFO: [ app_begin ] --END-- [ RunTime:0.001153s ]

[ 2019-11-19T21:57:17+08:00 ] 127.0.0.1 /index.php/Goods/cartAddAction.html?id=16
INFO: [ app_begin ] --START--
INFO: Run Behavior\ReadHtmlCacheBehavior [ RunTime:0.000418s ]
INFO: [ app_begin ] --END-- [ RunTime:0.000748s ]

[ 2019-11-19T21:57:29+08:00 ] 127.0.0.1 /
ERR: 1146:Table 'shop1.user' doesn't exist
 [ SQL语句 ] : SHOW COLUMNS FROM `user`

[ 2019-11-19T21:58:46+08:00 ] 127.0.0.1 /index.php/Goods/cartAddAction.html?id=16
INFO: [ app_begin ] --START--
INFO: Run Behavior\ReadHtmlCacheBehavior [ RunTime:0.000454s ]
INFO: [ app_begin ] --END-- [ RunTime:0.000804s ]

[ 2019-11-19T21:58:50+08:00 ] 127.0.0.1 /index.php/Goods/cartAddAction.html?id=16
INFO: [ app_begin ] --START--
INFO: Run Behavior\ReadHtmlCacheBehavior [ RunTime:0.000536s ]
INFO: [ app_begin ] --END-- [ RunTime:0.000895s ]

[ 2019-11-19T21:58:57+08:00 ] 127.0.0.1 /index.php/Goods/cartAddAction.html?id=16
INFO: [ app_begin ] --START--
INFO: Run Behavior\ReadHtmlCacheBehavior [ RunTime:0.000360s ]
INFO: [ app_begin ] --END-- [ RunTime:0.000642s ]

[ 2019-11-19T21:58:57+08:00 ] 127.0.0.1 /index.php/Goods/cartAddAction.html?id=16
INFO: [ app_begin ] --START--
INFO: Run Behavior\ReadHtmlCacheBehavior [ RunTime:0.000666s ]
INFO: [ app_begin ] --END-- [ RunTime:0.001188s ]

[ 2019-11-19T21:58:57+08:00 ] 127.0.0.1 /index.php/Goods/cartAddAction.html?id=16
INFO: [ app_begin ] --START--
INFO: Run Behavior\ReadHtmlCacheBehavior [ RunTime:0.000492s ]
INFO: [ app_begin ] --END-- [ RunTime:0.000814s ]

[ 2019-11-19T21:59:21+08:00 ] 127.0.0.1 /index.php/Goods/cartAddAction.html?id=16
INFO: [ app_begin ] --START--
INFO: Run Behavior\ReadHtmlCacheBehavior [ RunTime:0.000701s ]
INFO: [ app_begin ] --END-- [ RunTime:0.001139s ]

[ 2019-11-19T21:59:23+08:00 ] 127.0.0.1 /index.php/Goods/cartAddAction.html?id=16
INFO: [ app_begin ] --START--
INFO: Run Behavior\ReadHtmlCacheBehavior [ RunTime:0.000657s ]
INFO: [ app_begin ] --END-- [ RunTime:0.001152s ]

[ 2019-11-19T21:59:25+08:00 ] 127.0.0.1 /index.php/Goods/cartAddAction.html?id=16
INFO: [ app_begin ] --START--
INFO: Run Behavior\ReadHtmlCacheBehavior [ RunTime:0.000653s ]
INFO: [ app_begin ] --END-- [ RunTime:0.001133s ]

[ 2019-11-19T22:02:11+08:00 ] 127.0.0.1 /index.php/Goods/cartAddAction.html?id=16
INFO: [ app_begin ] --START--
INFO: Run Behavior\ReadHtmlCacheBehavior [ RunTime:0.000438s ]
INFO: [ app_begin ] --END-- [ RunTime:0.000763s ]

[ 2019-11-19T22:02:14+08:00 ] 127.0.0.1 /index.php/Goods/cartAddAction.html?id=16
INFO: [ app_begin ] --START--
INFO: Run Behavior\ReadHtmlCacheBehavior [ RunTime:0.000424s ]
INFO: [ app_begin ] --END-- [ RunTime:0.000770s ]

[ 2019-11-19T22:02:14+08:00 ] 127.0.0.1 /index.php/Goods/cartAddAction.html?id=16
INFO: [ app_begin ] --START--
INFO: Run Behavior\ReadHtmlCacheBehavior [ RunTime:0.000622s ]
INFO: [ app_begin ] --END-- [ RunTime:0.001030s ]

[ 2019-11-19T22:02:15+08:00 ] 127.0.0.1 /index.php/Goods/cartAddAction.html?id=16
INFO: [ app_begin ] --START--
INFO: Run Behavior\ReadHtmlCacheBehavior [ RunTime:0.000573s ]
INFO: [ app_begin ] --END-- [ RunTime:0.001074s ]

[ 2019-11-19T22:02:16+08:00 ] 127.0.0.1 /index.php/Goods/cartAddAction.html?id=16
INFO: [ app_begin ] --START--
INFO: Run Behavior\ReadHtmlCacheBehavior [ RunTime:0.000407s ]
INFO: [ app_begin ] --END-- [ RunTime:0.000737s ]

[ 2019-11-19T22:02:17+08:00 ] 127.0.0.1 /index.php/Goods/cartAddAction.html?id=16
INFO: [ app_begin ] --START--
INFO: Run Behavior\ReadHtmlCacheBehavior [ RunTime:0.000424s ]
INFO: [ app_begin ] --END-- [ RunTime:0.000745s ]

[ 2019-11-19T22:02:17+08:00 ] 127.0.0.1 /index.php/Goods/cartAddAction.html?id=16
INFO: [ app_begin ] --START--
INFO: Run Behavior\ReadHtmlCacheBehavior [ RunTime:0.000458s ]
INFO: [ app_begin ] --END-- [ RunTime:0.000781s ]

[ 2019-11-19T22:02:17+08:00 ] 127.0.0.1 /index.php/Goods/cartAddAction.html?id=16
INFO: [ app_begin ] --START--
INFO: Run Behavior\ReadHtmlCacheBehavior [ RunTime:0.000471s ]
INFO: [ app_begin ] --END-- [ RunTime:0.000851s ]

[ 2019-11-19T22:02:17+08:00 ] 127.0.0.1 /index.php/Goods/cartAddAction.html?id=16
INFO: [ app_begin ] --START--
INFO: Run Behavior\ReadHtmlCacheBehavior [ RunTime:0.000657s ]
INFO: [ app_begin ] --END-- [ RunTime:0.001150s ]

[ 2019-11-19T22:02:17+08:00 ] 127.0.0.1 /index.php/Goods/cartAddAction.html?id=16
INFO: [ app_begin ] --START--
INFO: Run Behavior\ReadHtmlCacheBehavior [ RunTime:0.000512s ]
INFO: [ app_begin ] --END-- [ RunTime:0.000906s ]

[ 2019-11-19T22:02:26+08:00 ] 127.0.0.1 /index.php/Goods/cartAddAction.html?id=16
INFO: [ app_begin ] --START--
INFO: Run Behavior\ReadHtmlCacheBehavior [ RunTime:0.000610s ]
INFO: [ app_begin ] --END-- [ RunTime:0.001098s ]

[ 2019-11-19T22:02:26+08:00 ] 127.0.0.1 /index.php/Goods/cartAddAction.html?id=16
INFO: [ app_begin ] --START--
INFO: Run Behavior\ReadHtmlCacheBehavior [ RunTime:0.000678s ]
INFO: [ app_begin ] --END-- [ RunTime:0.001204s ]

[ 2019-11-19T22:02:26+08:00 ] 127.0.0.1 /index.php/Goods/cartAddAction.html?id=16
INFO: [ app_begin ] --START--
INFO: Run Behavior\ReadHtmlCacheBehavior [ RunTime:0.000555s ]
INFO: [ app_begin ] --END-- [ RunTime:0.000909s ]

[ 2019-11-19T22:03:47+08:00 ] 127.0.0.1 /index.php/Goods/cartAddAction.html?id=16
INFO: [ app_begin ] --START--
INFO: Run Behavior\ReadHtmlCacheBehavior [ RunTime:0.000531s ]
INFO: [ app_begin ] --END-- [ RunTime:0.000945s ]

[ 2019-11-19T22:03:48+08:00 ] 127.0.0.1 /index.php/Goods/cartAddAction.html?id=16
INFO: [ app_begin ] --START--
INFO: Run Behavior\ReadHtmlCacheBehavior [ RunTime:0.000414s ]
INFO: [ app_begin ] --END-- [ RunTime:0.000742s ]

[ 2019-11-19T22:03:48+08:00 ] 127.0.0.1 /index.php/Goods/cartAddAction.html?id=16
INFO: [ app_begin ] --START--
INFO: Run Behavior\ReadHtmlCacheBehavior [ RunTime:0.000405s ]
INFO: [ app_begin ] --END-- [ RunTime:0.000720s ]

[ 2019-11-19T22:04:22+08:00 ] 127.0.0.1 /index.php/Goods/cartAddAction.html?id=16
INFO: [ app_begin ] --START--
INFO: Run Behavior\ReadHtmlCacheBehavior [ RunTime:0.000458s ]
INFO: [ app_begin ] --END-- [ RunTime:0.000851s ]

[ 2019-11-19T22:04:50+08:00 ] 127.0.0.1 /index.php/Goods/cartAddAction.html?id=16
INFO: [ app_begin ] --START--
INFO: Run Behavior\ReadHtmlCacheBehavior [ RunTime:0.000435s ]
INFO: [ app_begin ] --END-- [ RunTime:0.000787s ]

[ 2019-11-19T22:05:27+08:00 ] 127.0.0.1 /index.php/Goods/cartAddAction.html?id=16
INFO: [ app_begin ] --START--
INFO: Run Behavior\ReadHtmlCacheBehavior [ RunTime:0.000454s ]
INFO: [ app_begin ] --END-- [ RunTime:0.000780s ]
INFO: [ view_parse ] --START--
INFO: [ template_filter ] --START--
INFO: Run Behavior\ContentReplaceBehavior [ RunTime:0.000017s ]
INFO: [ template_filter ] --END-- [ RunTime:0.000041s ]
INFO: Run Behavior\ParseTemplateBehavior [ RunTime:0.003980s ]
INFO: [ view_parse ] --END-- [ RunTime:0.004011s ]
INFO: [ view_filter ] --START--
INFO: Run Behavior\WriteHtmlCacheBehavior [ RunTime:0.000363s ]
INFO: [ view_filter ] --END-- [ RunTime:0.000383s ]
INFO: [ app_end ] --START--
INFO: Run Behavior\ShowPageTraceBehavior [ RunTime:0.000490s ]
INFO: [ app_end ] --END-- [ RunTime:0.000520s ]

[ 2019-11-19T22:05:30+08:00 ] 127.0.0.1 /index.php/Goods/cartAddAction.html?id=16
INFO: [ app_begin ] --START--
INFO: Run Behavior\ReadHtmlCacheBehavior [ RunTime:0.000385s ]
INFO: [ app_begin ] --END-- [ RunTime:0.000682s ]
INFO: [ view_parse ] --START--
INFO: [ template_filter ] --START--
INFO: Run Behavior\ContentReplaceBehavior [ RunTime:0.000017s ]
INFO: [ template_filter ] --END-- [ RunTime:0.000043s ]
INFO: Run Behavior\ParseTemplateBehavior [ RunTime:0.003715s ]
INFO: [ view_parse ] --END-- [ RunTime:0.003746s ]
INFO: [ view_filter ] --START--
INFO: Run Behavior\WriteHtmlCacheBehavior [ RunTime:0.000314s ]
INFO: [ view_filter ] --END-- [ RunTime:0.000336s ]
INFO: [ app_end ] --START--
INFO: Run Behavior\ShowPageTraceBehavior [ RunTime:0.000455s ]
INFO: [ app_end ] --END-- [ RunTime:0.000482s ]

[ 2019-11-19T22:06:27+08:00 ] 127.0.0.1 /index.php/Home/Goods/cartAddAction.html?id=16
INFO: [ app_begin ] --START--
INFO: Run Behavior\ReadHtmlCacheBehavior [ RunTime:0.000458s ]
INFO: [ app_begin ] --END-- [ RunTime:0.000857s ]

[ 2019-11-19T22:09:49+08:00 ] 127.0.0.1 /index.php/Home/Goods/cartAddAction.html?id=16
INFO: [ app_begin ] --START--
INFO: Run Behavior\ReadHtmlCacheBehavior [ RunTime:0.002001s ]
INFO: [ app_begin ] --END-- [ RunTime:0.002334s ]

[ 2019-11-19T22:10:03+08:00 ] 127.0.0.1 /index.php/Home/Goods/cartAddAction.html?id=16
INFO: [ app_begin ] --START--
INFO: Run Behavior\ReadHtmlCacheBehavior [ RunTime:0.000417s ]
INFO: [ app_begin ] --END-- [ RunTime:0.000779s ]

[ 2019-11-19T22:33:26+08:00 ] 127.0.0.1 /index.php/Home/Goods/cartAddAction.html?id=16
INFO: [ app_begin ] --START--
INFO: Run Behavior\ReadHtmlCacheBehavior [ RunTime:0.000423s ]
INFO: [ app_begin ] --END-- [ RunTime:0.000752s ]
SQL: SHOW COLUMNS FROM `cart` [ RunTime:0.0223s ]

[ 2019-11-19T22:33:40+08:00 ] 127.0.0.1 /index.php/Index/ajaxLogin.html
INFO: [ app_begin ] --START--
INFO: Run Behavior\ReadHtmlCacheBehavior [ RunTime:0.000668s ]
INFO: [ app_begin ] --END-- [ RunTime:0.001060s ]
SQL: SHOW COLUMNS FROM `user` [ RunTime:0.0075s ]
SQL: SELECT * FROM `user` LIMIT 1   [ RunTime:0.0003s ]

[ 2019-11-19T22:34:12+08:00 ] 127.0.0.1 /index.php/Index/ajaxLogin.html
INFO: [ app_begin ] --START--
INFO: Run Behavior\ReadHtmlCacheBehavior [ RunTime:0.000719s ]
INFO: [ app_begin ] --END-- [ RunTime:0.001285s ]
SQL: SHOW COLUMNS FROM `user` [ RunTime:0.1317s ]
SQL: SELECT * FROM `user` LIMIT 1   [ RunTime:0.0011s ]

[ 2019-11-19T22:34:54+08:00 ] 127.0.0.1 /index.php/Home/Goods/cartAddAction.html?id=24
INFO: [ app_begin ] --START--
INFO: Run Behavior\ReadHtmlCacheBehavior [ RunTime:0.000451s ]
INFO: [ app_begin ] --END-- [ RunTime:0.000794s ]
SQL: SHOW COLUMNS FROM `cart` [ RunTime:0.0439s ]
SQL: SELECT * FROM `cart` WHERE `gid` = 0 AND `uid` = 38 LIMIT 1   [ RunTime:0.0010s ]

[ 2019-11-19T23:02:59+08:00 ] 127.0.0.1 /index.php/Home/Goods/cartAddAction.html?id=24
INFO: [ app_begin ] --START--
INFO: Run Behavior\ReadHtmlCacheBehavior [ RunTime:0.000566s ]
INFO: [ app_begin ] --END-- [ RunTime:0.000898s ]
SQL: SHOW COLUMNS FROM `cart` [ RunTime:0.1224s ]
SQL: SELECT * FROM `cart` WHERE `gid` = 0 AND `uid` = 38 LIMIT 1   [ RunTime:0.0012s ]
ERR: Class 'Home\Controller\DB' not found

[ 2019-11-19T23:03:04+08:00 ] 127.0.0.1 /index.php/Home/Goods/cartAddAction.html?id=24
INFO: [ app_begin ] --START--
INFO: Run Behavior\ReadHtmlCacheBehavior [ RunTime:0.000422s ]
INFO: [ app_begin ] --END-- [ RunTime:0.000741s ]
SQL: SHOW COLUMNS FROM `cart` [ RunTime:0.1048s ]
SQL: SELECT * FROM `cart` WHERE `gid` = 0 AND `uid` = 38 LIMIT 1   [ RunTime:0.0003s ]
ERR: Class 'Home\Controller\DB' not found

[ 2019-11-19T23:03:05+08:00 ] 127.0.0.1 /index.php/Home/Goods/cartAddAction.html?id=24
INFO: [ app_begin ] --START--
INFO: Run Behavior\ReadHtmlCacheBehavior [ RunTime:0.000435s ]
INFO: [ app_begin ] --END-- [ RunTime:0.000764s ]
SQL: SHOW COLUMNS FROM `cart` [ RunTime:0.0240s ]
SQL: SELECT * FROM `cart` WHERE `gid` = 0 AND `uid` = 38 LIMIT 1   [ RunTime:0.0009s ]
ERR: Class 'Home\Controller\DB' not found

[ 2019-11-19T23:03:06+08:00 ] 127.0.0.1 /index.php/Home/Goods/cartAddAction.html?id=24
INFO: [ app_begin ] --START--
INFO: Run Behavior\ReadHtmlCacheBehavior [ RunTime:0.000410s ]
INFO: [ app_begin ] --END-- [ RunTime:0.000728s ]
SQL: SHOW COLUMNS FROM `cart` [ RunTime:0.0241s ]
SQL: SELECT * FROM `cart` WHERE `gid` = 0 AND `uid` = 38 LIMIT 1   [ RunTime:0.0008s ]
ERR: Class 'Home\Controller\DB' not found

[ 2019-11-19T23:03:08+08:00 ] 127.0.0.1 /index.php/Home/Goods/cartAddAction.html?id=24
INFO: [ app_begin ] --START--
INFO: Run Behavior\ReadHtmlCacheBehavior [ RunTime:0.000365s ]
INFO: [ app_begin ] --END-- [ RunTime:0.000682s ]
SQL: SHOW COLUMNS FROM `cart` [ RunTime:0.0066s ]
SQL: SELECT * FROM `cart` WHERE `gid` = 0 AND `uid` = 38 LIMIT 1   [ RunTime:0.0002s ]
ERR: Class 'Home\Controller\DB' not found

[ 2019-11-19T23:13:59+08:00 ] 127.0.0.1 /index.php/Home/Goods/cartAddAction.html?id=24
INFO: [ app_begin ] --START--
INFO: Run Behavior\ReadHtmlCacheBehavior [ RunTime:0.000404s ]
INFO: [ app_begin ] --END-- [ RunTime:0.000756s ]
SQL: SHOW COLUMNS FROM `cart` [ RunTime:0.0396s ]
SQL: SELECT * FROM `cart` WHERE `gid` = 0 AND `uid` = 38 LIMIT 1   [ RunTime:0.0003s ]
ERR: Class 'Home\Controller\DB' not found

[ 2019-11-19T23:14:02+08:00 ] 127.0.0.1 /index.php/Home/Goods/cartAddAction.html?id=24
INFO: [ app_begin ] --START--
INFO: Run Behavior\ReadHtmlCacheBehavior [ RunTime:0.000418s ]
INFO: [ app_begin ] --END-- [ RunTime:0.000755s ]
SQL: SHOW COLUMNS FROM `cart` [ RunTime:0.0305s ]
SQL: SELECT * FROM `cart` WHERE `gid` = 0 AND `uid` = 38 LIMIT 1   [ RunTime:0.0011s ]
ERR: Class 'Home\Controller\DB' not found

[ 2019-11-19T23:14:05+08:00 ] 127.0.0.1 /index.php/Home/Goods/cartAddAction.html?id=24
INFO: [ app_begin ] --START--
INFO: Run Behavior\ReadHtmlCacheBehavior [ RunTime:0.000446s ]
INFO: [ app_begin ] --END-- [ RunTime:0.000789s ]
SQL: SHOW COLUMNS FROM `cart` [ RunTime:0.0065s ]
SQL: SELECT * FROM `cart` WHERE `gid` = 0 AND `uid` = 38 LIMIT 1   [ RunTime:0.0003s ]
ERR: Class 'Home\Controller\DB' not found

[ 2019-11-19T23:14:06+08:00 ] 127.0.0.1 /index.php/Home/Goods/cartAddAction.html?id=24
INFO: [ app_begin ] --START--
INFO: Run Behavior\ReadHtmlCacheBehavior [ RunTime:0.000441s ]
INFO: [ app_begin ] --END-- [ RunTime:0.000788s ]
SQL: SHOW COLUMNS FROM `cart` [ RunTime:0.0196s ]
SQL: SELECT * FROM `cart` WHERE `gid` = 0 AND `uid` = 38 LIMIT 1   [ RunTime:0.0007s ]
ERR: Class 'Home\Controller\DB' not found

[ 2019-11-19T23:14:07+08:00 ] 127.0.0.1 /index.php/Home/Goods/cartAddAction.html?id=24
INFO: [ app_begin ] --START--
INFO: Run Behavior\ReadHtmlCacheBehavior [ RunTime:0.000357s ]
INFO: [ app_begin ] --END-- [ RunTime:0.000638s ]
SQL: SHOW COLUMNS FROM `cart` [ RunTime:0.0168s ]
SQL: SELECT * FROM `cart` WHERE `gid` = 0 AND `uid` = 38 LIMIT 1   [ RunTime:0.0007s ]
ERR: Class 'Home\Controller\DB' not found

[ 2019-11-19T23:26:59+08:00 ] 127.0.0.1 /index.php/Goods/goodsDetail.html?id=24
ERR: syntax error, unexpected '>'

[ 2019-11-19T23:28:26+08:00 ] 127.0.0.1 /index.php/Goods/goodsDetail.html?id=24
ERR: syntax error, unexpected '>'

[ 2019-11-19T23:28:50+08:00 ] 127.0.0.1 /index.php/Home/Goods/ajaxAddCart.html
INFO: [ app_begin ] --START--
INFO: Run Behavior\ReadHtmlCacheBehavior [ RunTime:0.000739s ]
INFO: [ app_begin ] --END-- [ RunTime:0.001180s ]
INFO: [ view_parse ] --START--
INFO: [ template_filter ] --START--
INFO: Run Behavior\ContentReplaceBehavior [ RunTime:0.000019s ]
INFO: [ template_filter ] --END-- [ RunTime:0.000045s ]
INFO: Run Behavior\ParseTemplateBehavior [ RunTime:0.004548s ]
INFO: [ view_parse ] --END-- [ RunTime:0.004581s ]
INFO: [ view_filter ] --START--
INFO: Run Behavior\WriteHtmlCacheBehavior [ RunTime:0.000387s ]
INFO: [ view_filter ] --END-- [ RunTime:0.000406s ]
INFO: [ app_end ] --START--
INFO: Run Behavior\ShowPageTraceBehavior [ RunTime:0.000532s ]
INFO: [ app_end ] --END-- [ RunTime:0.000556s ]

[ 2019-11-19T23:29:22+08:00 ] 127.0.0.1 /index.php/Index/ajaxLogin.html
INFO: [ app_begin ] --START--
INFO: Run Behavior\ReadHtmlCacheBehavior [ RunTime:0.000541s ]
INFO: [ app_begin ] --END-- [ RunTime:0.000996s ]
SQL: SHOW COLUMNS FROM `user` [ RunTime:0.0119s ]
SQL: SELECT * FROM `user` LIMIT 1   [ RunTime:0.0005s ]

[ 2019-11-19T23:29:44+08:00 ] 127.0.0.1 /index.php/Home/Goods/ajaxAddCart.html
INFO: [ app_begin ] --START--
INFO: Run Behavior\ReadHtmlCacheBehavior [ RunTime:0.000434s ]
INFO: [ app_begin ] --END-- [ RunTime:0.000756s ]
INFO: [ view_parse ] --START--
INFO: [ template_filter ] --START--
INFO: Run Behavior\ContentReplaceBehavior [ RunTime:0.000017s ]
INFO: [ template_filter ] --END-- [ RunTime:0.000039s ]
INFO: Run Behavior\ParseTemplateBehavior [ RunTime:0.003577s ]
INFO: [ view_parse ] --END-- [ RunTime:0.003612s ]
INFO: [ view_filter ] --START--
INFO: Run Behavior\WriteHtmlCacheBehavior [ RunTime:0.000378s ]
INFO: [ view_filter ] --END-- [ RunTime:0.000397s ]
INFO: [ app_end ] --START--
INFO: Run Behavior\ShowPageTraceBehavior [ RunTime:0.000435s ]
INFO: [ app_end ] --END-- [ RunTime:0.000454s ]

