[ 2019-11-30T16:07:08+08:00 ] 127.0.0.1 /index.php/Index/ajaxLogin.html
INFO: [ app_begin ] --START--
INFO: Run Behavior\ReadHtmlCacheBehavior [ RunTime:0.000726s ]
INFO: [ app_begin ] --END-- [ RunTime:0.001266s ]
SQL: SHOW COLUMNS FROM `user` [ RunTime:0.0141s ]
SQL: SELECT * FROM `user` LIMIT 1   [ RunTime:0.1569s ]

[ 2019-11-30T16:07:54+08:00 ] 127.0.0.1 /index.php/Order/order.html
INFO: [ app_begin ] --START--
INFO: Run Behavior\ReadHtmlCacheBehavior [ RunTime:0.000342s ]
INFO: [ app_begin ] --END-- [ RunTime:0.000624s ]
SQL: SHOW COLUMNS FROM `goods` [ RunTime:0.0214s ]
SQL: SELECT * FROM `goods` WHERE `id` = 24 LIMIT 1   [ RunTime:0.0004s ]
SQL: SELECT * FROM `goods` WHERE `id` = 23 LIMIT 1   [ RunTime:0.0004s ]
SQL: SELECT * FROM `goods` WHERE `id` = 20 LIMIT 1   [ RunTime:0.0003s ]
SQL: SELECT * FROM `goods` WHERE `id` = 10 LIMIT 1   [ RunTime:0.0004s ]

[ 2019-11-30T16:14:15+08:00 ] 127.0.0.1 /index.php/Order/order.html
INFO: [ app_begin ] --START--
INFO: Run Behavior\ReadHtmlCacheBehavior [ RunTime:0.001366s ]
INFO: [ app_begin ] --END-- [ RunTime:0.001749s ]
SQL: SHOW COLUMNS FROM `goods` [ RunTime:0.0176s ]
SQL: SELECT * FROM `goods` WHERE `id` = 24 LIMIT 1   [ RunTime:0.0004s ]
SQL: SELECT * FROM `goods` WHERE `id` = 23 LIMIT 1   [ RunTime:0.0003s ]
SQL: SELECT * FROM `goods` WHERE `id` = 20 LIMIT 1   [ RunTime:0.0003s ]
SQL: SELECT * FROM `goods` WHERE `id` = 10 LIMIT 1   [ RunTime:0.0003s ]

[ 2019-11-30T16:49:12+08:00 ] 127.0.0.1 /index.php/Order/order.html
INFO: [ app_begin ] --START--
INFO: Run Behavior\ReadHtmlCacheBehavior [ RunTime:0.000578s ]
INFO: [ app_begin ] --END-- [ RunTime:0.001074s ]
SQL: SHOW COLUMNS FROM `goods` [ RunTime:0.0073s ]
SQL: SELECT * FROM `goods` WHERE `id` = 24 LIMIT 1   [ RunTime:0.0004s ]
SQL: SELECT * FROM `goods` WHERE `id` = 23 LIMIT 1   [ RunTime:0.0004s ]
SQL: SELECT * FROM `goods` WHERE `id` = 20 LIMIT 1   [ RunTime:0.0004s ]
SQL: SELECT * FROM `goods` WHERE `id` = 10 LIMIT 1   [ RunTime:0.0003s ]
NOTIC: [2] strtoupper() expects parameter 1 to be string, array given D:\myTp\mytp\ThinkPHP\Library\Think\Controller.class.php 第 212 行.
INFO: [ app_end ] --START--
INFO: Run Behavior\ShowPageTraceBehavior [ RunTime:0.000614s ]
INFO: [ app_end ] --END-- [ RunTime:0.000638s ]

[ 2019-11-30T16:49:17+08:00 ] 127.0.0.1 /index.php/Order/order.html
INFO: [ app_begin ] --START--
INFO: Run Behavior\ReadHtmlCacheBehavior [ RunTime:0.000397s ]
INFO: [ app_begin ] --END-- [ RunTime:0.000668s ]
SQL: SHOW COLUMNS FROM `goods` [ RunTime:0.0088s ]
SQL: SELECT * FROM `goods` WHERE `id` = 24 LIMIT 1   [ RunTime:0.0003s ]
SQL: SELECT * FROM `goods` WHERE `id` = 23 LIMIT 1   [ RunTime:0.0003s ]
SQL: SELECT * FROM `goods` WHERE `id` = 20 LIMIT 1   [ RunTime:0.0002s ]
SQL: SELECT * FROM `goods` WHERE `id` = 10 LIMIT 1   [ RunTime:0.0003s ]
NOTIC: [2] strtoupper() expects parameter 1 to be string, array given D:\myTp\mytp\ThinkPHP\Library\Think\Controller.class.php 第 212 行.
INFO: [ app_end ] --START--
INFO: Run Behavior\ShowPageTraceBehavior [ RunTime:0.001430s ]
INFO: [ app_end ] --END-- [ RunTime:0.001451s ]

[ 2019-11-30T16:57:56+08:00 ] 127.0.0.1 /index.php/Order/order.html
INFO: [ app_begin ] --START--
INFO: Run Behavior\ReadHtmlCacheBehavior [ RunTime:0.000359s ]
INFO: [ app_begin ] --END-- [ RunTime:0.000625s ]
SQL: SHOW COLUMNS FROM `goods` [ RunTime:0.0077s ]
SQL: SELECT * FROM `goods` WHERE `id` = 24 LIMIT 1   [ RunTime:0.0003s ]
SQL: SELECT * FROM `goods` WHERE `id` = 23 LIMIT 1   [ RunTime:0.0002s ]
SQL: SELECT * FROM `goods` WHERE `id` = 20 LIMIT 1   [ RunTime:0.0002s ]
SQL: SELECT * FROM `goods` WHERE `id` = 10 LIMIT 1   [ RunTime:0.0002s ]

[ 2019-11-30T16:59:16+08:00 ] 127.0.0.1 /index.php/Order/order.html
INFO: [ app_begin ] --START--
INFO: Run Behavior\ReadHtmlCacheBehavior [ RunTime:0.000503s ]
INFO: [ app_begin ] --END-- [ RunTime:0.000917s ]
SQL: SHOW COLUMNS FROM `goods` [ RunTime:0.0220s ]
SQL: SELECT * FROM `goods` WHERE `id` = 24 LIMIT 1   [ RunTime:0.0004s ]

[ 2019-11-30T17:00:04+08:00 ] 127.0.0.1 /index.php/Order/order.html
INFO: [ app_begin ] --START--
INFO: Run Behavior\ReadHtmlCacheBehavior [ RunTime:0.000527s ]
INFO: [ app_begin ] --END-- [ RunTime:0.000929s ]
SQL: SHOW COLUMNS FROM `goods` [ RunTime:0.0138s ]
SQL: SELECT * FROM `goods` WHERE `id` = 24 LIMIT 1   [ RunTime:0.0003s ]
SQL: SELECT * FROM `goods` WHERE `id` = 23 LIMIT 1   [ RunTime:0.0004s ]
SQL: SELECT * FROM `goods` WHERE `id` = 20 LIMIT 1   [ RunTime:0.0003s ]
SQL: SELECT * FROM `goods` WHERE `id` = 10 LIMIT 1   [ RunTime:0.0003s ]

[ 2019-11-30T17:32:58+08:00 ] 127.0.0.1 /index.php/Order/order.html
INFO: [ app_begin ] --START--
INFO: Run Behavior\ReadHtmlCacheBehavior [ RunTime:0.000335s ]
INFO: [ app_begin ] --END-- [ RunTime:0.000591s ]
SQL: SHOW COLUMNS FROM `goods` [ RunTime:0.0081s ]
SQL: SELECT * FROM `goods` WHERE `id` = 0 LIMIT 1   [ RunTime:0.0003s ]
SQL: SELECT * FROM `goods` WHERE `id` = 0 LIMIT 1   [ RunTime:0.0002s ]
SQL: SELECT * FROM `goods` WHERE `id` = 0 LIMIT 1   [ RunTime:0.0002s ]
SQL: SELECT * FROM `goods` WHERE `id` = 0 LIMIT 1   [ RunTime:0.0002s ]

[ 2019-11-30T17:33:14+08:00 ] 127.0.0.1 /index.php/Order/order.html
INFO: [ app_begin ] --START--
INFO: Run Behavior\ReadHtmlCacheBehavior [ RunTime:0.000468s ]
INFO: [ app_begin ] --END-- [ RunTime:0.000823s ]
SQL: SHOW COLUMNS FROM `goods` [ RunTime:0.0219s ]
SQL: SELECT * FROM `goods` WHERE `id` = 0 LIMIT 1   [ RunTime:0.0003s ]
SQL: SELECT * FROM `goods` WHERE `id` = 0 LIMIT 1   [ RunTime:0.0002s ]
SQL: SELECT * FROM `goods` WHERE `id` = 0 LIMIT 1   [ RunTime:0.0002s ]
SQL: SELECT * FROM `goods` WHERE `id` = 0 LIMIT 1   [ RunTime:0.0002s ]

[ 2019-11-30T17:34:30+08:00 ] 127.0.0.1 /index.php/Order/order.html
INFO: [ app_begin ] --START--
INFO: Run Behavior\ReadHtmlCacheBehavior [ RunTime:0.000341s ]
INFO: [ app_begin ] --END-- [ RunTime:0.000606s ]
SQL: SHOW COLUMNS FROM `goods` [ RunTime:0.0192s ]
SQL: SELECT * FROM `goods` WHERE `id` = 0 LIMIT 1   [ RunTime:0.0004s ]
SQL: SELECT * FROM `goods` WHERE `id` = 0 LIMIT 1   [ RunTime:0.0004s ]
SQL: SELECT * FROM `goods` WHERE `id` = 0 LIMIT 1   [ RunTime:0.0003s ]
SQL: SELECT * FROM `goods` WHERE `id` = 0 LIMIT 1   [ RunTime:0.0003s ]

[ 2019-11-30T17:34:45+08:00 ] 127.0.0.1 /index.php/Order/order.html
INFO: [ app_begin ] --START--
INFO: Run Behavior\ReadHtmlCacheBehavior [ RunTime:0.000481s ]
INFO: [ app_begin ] --END-- [ RunTime:0.000880s ]
SQL: SHOW COLUMNS FROM `goods` [ RunTime:0.0082s ]
SQL: SELECT * FROM `goods` WHERE `id` = 0 LIMIT 1   [ RunTime:0.0017s ]
SQL: SELECT * FROM `goods` WHERE `id` = 0 LIMIT 1   [ RunTime:0.0003s ]
SQL: SELECT * FROM `goods` WHERE `id` = 0 LIMIT 1   [ RunTime:0.0002s ]
SQL: SELECT * FROM `goods` WHERE `id` = 0 LIMIT 1   [ RunTime:0.0002s ]

[ 2019-11-30T17:34:46+08:00 ] 127.0.0.1 /index.php/Order/order.html
INFO: [ app_begin ] --START--
INFO: Run Behavior\ReadHtmlCacheBehavior [ RunTime:0.000916s ]
INFO: [ app_begin ] --END-- [ RunTime:0.001477s ]
SQL: SHOW COLUMNS FROM `goods` [ RunTime:0.0129s ]
SQL: SELECT * FROM `goods` WHERE `id` = 0 LIMIT 1   [ RunTime:0.0006s ]
SQL: SELECT * FROM `goods` WHERE `id` = 0 LIMIT 1   [ RunTime:0.0003s ]
SQL: SELECT * FROM `goods` WHERE `id` = 0 LIMIT 1   [ RunTime:0.0003s ]
SQL: SELECT * FROM `goods` WHERE `id` = 0 LIMIT 1   [ RunTime:0.0002s ]

[ 2019-11-30T17:35:39+08:00 ] 127.0.0.1 /index.php/Order/order.html
INFO: [ app_begin ] --START--
INFO: Run Behavior\ReadHtmlCacheBehavior [ RunTime:0.000503s ]
INFO: [ app_begin ] --END-- [ RunTime:0.001045s ]
SQL: SHOW COLUMNS FROM `goods` [ RunTime:0.0137s ]
SQL: SELECT * FROM `goods` WHERE `id` = 0  [ RunTime:0.0004s ]
SQL: SELECT * FROM `goods` WHERE `id` = 0  [ RunTime:0.0002s ]
SQL: SELECT * FROM `goods` WHERE `id` = 0  [ RunTime:0.0003s ]
SQL: SELECT * FROM `goods` WHERE `id` = 0  [ RunTime:0.0002s ]

[ 2019-11-30T17:36:35+08:00 ] 127.0.0.1 /index.php/Order/order.html
INFO: [ app_begin ] --START--
INFO: Run Behavior\ReadHtmlCacheBehavior [ RunTime:0.000401s ]
INFO: [ app_begin ] --END-- [ RunTime:0.000712s ]
SQL: SHOW COLUMNS FROM `goods` [ RunTime:0.0077s ]
SQL: SELECT * FROM `goods` WHERE `id` = 0 LIMIT 1   [ RunTime:0.0003s ]
SQL: SELECT * FROM `goods` WHERE `id` = 0 LIMIT 1   [ RunTime:0.0002s ]
SQL: SELECT * FROM `goods` WHERE `id` = 0 LIMIT 1   [ RunTime:0.0002s ]
SQL: SELECT * FROM `goods` WHERE `id` = 0 LIMIT 1   [ RunTime:0.0002s ]

[ 2019-11-30T17:43:28+08:00 ] 127.0.0.1 /index.php/Order/order.html
INFO: [ app_begin ] --START--
INFO: Run Behavior\ReadHtmlCacheBehavior [ RunTime:0.000387s ]
INFO: [ app_begin ] --END-- [ RunTime:0.000696s ]
SQL: SHOW COLUMNS FROM `goods` [ RunTime:0.0102s ]

[ 2019-11-30T17:43:55+08:00 ] 127.0.0.1 /index.php/Order/order.html
INFO: [ app_begin ] --START--
INFO: Run Behavior\ReadHtmlCacheBehavior [ RunTime:0.000621s ]
INFO: [ app_begin ] --END-- [ RunTime:0.000973s ]
SQL: SHOW COLUMNS FROM `goods` [ RunTime:0.0138s ]
ERR: 1054:Unknown column 'good_name' in 'field list'
 [ SQL语句 ] : SELECT `good_name` FROM `goods` WHERE `id` = 24 LIMIT 1  
ERR: 1054:Unknown column 'good_name' in 'field list'
 [ SQL语句 ] : SELECT `good_name` FROM `goods` WHERE `id` = 24 LIMIT 1  

[ 2019-11-30T17:44:57+08:00 ] 127.0.0.1 /index.php/Order/order.html
INFO: [ app_begin ] --START--
INFO: Run Behavior\ReadHtmlCacheBehavior [ RunTime:0.000410s ]
INFO: [ app_begin ] --END-- [ RunTime:0.000728s ]
SQL: SHOW COLUMNS FROM `goods` [ RunTime:0.0097s ]
ERR: 1054:Unknown column 'good_name' in 'field list'
 [ SQL语句 ] : SELECT `good_name` FROM `goods` WHERE `id` = 24 
ERR: 1054:Unknown column 'good_name' in 'field list'
 [ SQL语句 ] : SELECT `good_name` FROM `goods` WHERE `id` = 24 

[ 2019-11-30T17:48:19+08:00 ] 127.0.0.1 /index.php/Order/order.html
INFO: [ app_begin ] --START--
INFO: Run Behavior\ReadHtmlCacheBehavior [ RunTime:0.000356s ]
INFO: [ app_begin ] --END-- [ RunTime:0.000636s ]
SQL: SHOW COLUMNS FROM `goods` [ RunTime:0.0277s ]
SQL: SELECT * FROM `goods` WHERE `id` = 24 LIMIT 1   [ RunTime:0.0003s ]
SQL: SELECT * FROM `goods` WHERE `id` = 23 LIMIT 1   [ RunTime:0.0005s ]
SQL: SELECT * FROM `goods` WHERE `id` = 20 LIMIT 1   [ RunTime:0.0005s ]
SQL: SELECT * FROM `goods` WHERE `id` = 10 LIMIT 1   [ RunTime:0.0004s ]

[ 2019-11-30T19:54:05+08:00 ] 127.0.0.1 /index.php/Order/order.html
INFO: [ app_begin ] --START--
INFO: Run Behavior\ReadHtmlCacheBehavior [ RunTime:0.001185s ]
INFO: [ app_begin ] --END-- [ RunTime:0.001612s ]
SQL: SHOW COLUMNS FROM `goods` [ RunTime:0.0153s ]
SQL: SELECT * FROM `goods` WHERE `id` = 24 LIMIT 1   [ RunTime:0.0004s ]
SQL: SELECT * FROM `goods` WHERE `id` = 23 LIMIT 1   [ RunTime:0.0006s ]
SQL: SELECT * FROM `goods` WHERE `id` = 20 LIMIT 1   [ RunTime:0.0008s ]
SQL: SELECT * FROM `goods` WHERE `id` = 10 LIMIT 1   [ RunTime:0.0012s ]

[ 2019-11-30T20:06:07+08:00 ] 127.0.0.1 /index.php/Order/order.html
INFO: [ app_begin ] --START--
INFO: Run Behavior\ReadHtmlCacheBehavior [ RunTime:0.000453s ]
INFO: [ app_begin ] --END-- [ RunTime:0.000845s ]
SQL: SHOW COLUMNS FROM `goods` [ RunTime:0.0144s ]
ERR: 1054:Unknown column 'pnum' in 'field list'
 [ SQL语句 ] : SELECT `pnum`,`pname`,`price` FROM `goods` WHERE `id` = 23 LIMIT 1  
ERR: 1054:Unknown column 'pnum' in 'field list'
 [ SQL语句 ] : SELECT `pnum`,`pname`,`price` FROM `goods` WHERE `id` = 23 LIMIT 1  

[ 2019-11-30T20:07:04+08:00 ] 127.0.0.1 /index.php/Order/order.html
INFO: [ app_begin ] --START--
INFO: Run Behavior\ReadHtmlCacheBehavior [ RunTime:0.000353s ]
INFO: [ app_begin ] --END-- [ RunTime:0.000625s ]
SQL: SHOW COLUMNS FROM `goods` [ RunTime:0.0432s ]
ERR: 1054:Unknown column 'pname' in 'field list'
 [ SQL语句 ] : SELECT `pname`,`price` FROM `goods` WHERE `id` = 23 LIMIT 1  
ERR: 1054:Unknown column 'pname' in 'field list'
 [ SQL语句 ] : SELECT `pname`,`price` FROM `goods` WHERE `id` = 23 LIMIT 1  

[ 2019-11-30T20:10:21+08:00 ] 127.0.0.1 /index.php/Order/order.html
INFO: [ app_begin ] --START--
INFO: Run Behavior\ReadHtmlCacheBehavior [ RunTime:0.000645s ]
INFO: [ app_begin ] --END-- [ RunTime:0.001125s ]
SQL: SHOW COLUMNS FROM `goods` [ RunTime:0.0142s ]
SQL: SELECT `goods_name`,`goods_price` FROM `goods` WHERE `id` = 23 LIMIT 1   [ RunTime:0.0004s ]
SQL: SELECT `goods_name`,`goods_price` FROM `goods` WHERE `id` = 20 LIMIT 1   [ RunTime:0.0003s ]

[ 2019-11-30T20:22:12+08:00 ] 127.0.0.1 /index.php/Order/order.html
INFO: [ app_begin ] --START--
INFO: Run Behavior\ReadHtmlCacheBehavior [ RunTime:0.000422s ]
INFO: [ app_begin ] --END-- [ RunTime:0.000751s ]
SQL: SHOW COLUMNS FROM `goods` [ RunTime:0.0098s ]
SQL: SELECT `goods_name`,`goods_price` FROM `goods` WHERE `id` = 23 LIMIT 1   [ RunTime:0.0007s ]
SQL: SELECT `goods_name`,`goods_price` FROM `goods` WHERE `id` = 20 LIMIT 1   [ RunTime:0.0017s ]

[ 2019-11-30T20:27:14+08:00 ] 127.0.0.1 /index.php/Order/order.html
INFO: [ app_begin ] --START--
INFO: Run Behavior\ReadHtmlCacheBehavior [ RunTime:0.000369s ]
INFO: [ app_begin ] --END-- [ RunTime:0.000660s ]
SQL: SHOW COLUMNS FROM `goods` [ RunTime:0.0123s ]
SQL: SELECT `goods_name`,`goods_price` FROM `goods` WHERE `id` = 23 LIMIT 1   [ RunTime:0.0003s ]
SQL: SELECT `goods_name`,`goods_price` FROM `goods` WHERE `id` = 20 LIMIT 1   [ RunTime:0.0014s ]

[ 2019-11-30T20:32:32+08:00 ] 127.0.0.1 /index.php/Order/order.html
INFO: [ app_begin ] --START--
INFO: Run Behavior\ReadHtmlCacheBehavior [ RunTime:0.000405s ]
INFO: [ app_begin ] --END-- [ RunTime:0.000722s ]
SQL: SHOW COLUMNS FROM `goods` [ RunTime:0.0270s ]
SQL: SELECT `goods_name`,`goods_price` FROM `goods` WHERE `id` = 23 LIMIT 1   [ RunTime:0.0005s ]
SQL: SELECT `goods_name`,`goods_price` FROM `goods` WHERE `id` = 20 LIMIT 1   [ RunTime:0.0004s ]

[ 2019-11-30T20:33:03+08:00 ] 127.0.0.1 /index.php/Order/order.html
INFO: [ app_begin ] --START--
INFO: Run Behavior\ReadHtmlCacheBehavior [ RunTime:0.000584s ]
INFO: [ app_begin ] --END-- [ RunTime:0.001030s ]
SQL: SHOW COLUMNS FROM `goods` [ RunTime:0.0263s ]
SQL: SELECT `goods_name`,`goods_price` FROM `goods` WHERE `id` = 23 LIMIT 1   [ RunTime:0.0009s ]
SQL: SELECT `goods_name`,`goods_price` FROM `goods` WHERE `id` = 20 LIMIT 1   [ RunTime:0.0008s ]

[ 2019-11-30T20:33:08+08:00 ] 127.0.0.1 /index.php/Order/order.html
INFO: [ app_begin ] --START--
INFO: Run Behavior\ReadHtmlCacheBehavior [ RunTime:0.000406s ]
INFO: [ app_begin ] --END-- [ RunTime:0.000720s ]
SQL: SHOW COLUMNS FROM `goods` [ RunTime:0.0149s ]
SQL: SELECT `goods_name`,`goods_price` FROM `goods` WHERE `id` = 23 LIMIT 1   [ RunTime:0.0004s ]
SQL: SELECT `goods_name`,`goods_price` FROM `goods` WHERE `id` = 20 LIMIT 1   [ RunTime:0.0003s ]

[ 2019-11-30T20:35:53+08:00 ] 127.0.0.1 /index.php/Order/order.html
INFO: [ app_begin ] --START--
INFO: Run Behavior\ReadHtmlCacheBehavior [ RunTime:0.000420s ]
INFO: [ app_begin ] --END-- [ RunTime:0.000747s ]
SQL: SHOW COLUMNS FROM `goods` [ RunTime:0.0713s ]
SQL: SELECT `goods_name`,`goods_price` FROM `goods` WHERE `id` = 23 LIMIT 1   [ RunTime:0.0004s ]
SQL: SELECT `goods_name`,`goods_price` FROM `goods` WHERE `id` = 20 LIMIT 1   [ RunTime:0.0004s ]

[ 2019-11-30T20:36:41+08:00 ] 127.0.0.1 /index.php/Order/order.html
INFO: [ app_begin ] --START--
INFO: Run Behavior\ReadHtmlCacheBehavior [ RunTime:0.000398s ]
INFO: [ app_begin ] --END-- [ RunTime:0.000662s ]
SQL: SHOW COLUMNS FROM `goods` [ RunTime:0.0285s ]
SQL: SELECT `goods_name`,`goods_price` FROM `goods` WHERE `id` = 23 LIMIT 1   [ RunTime:0.0010s ]
SQL: SELECT `goods_name`,`goods_price` FROM `goods` WHERE `id` = 20 LIMIT 1   [ RunTime:0.0008s ]

[ 2019-11-30T20:39:44+08:00 ] 127.0.0.1 /index.php/Order/order.html
INFO: [ app_begin ] --START--
INFO: Run Behavior\ReadHtmlCacheBehavior [ RunTime:0.000359s ]
INFO: [ app_begin ] --END-- [ RunTime:0.000654s ]
SQL: SHOW COLUMNS FROM `goods` [ RunTime:0.0267s ]
SQL: SELECT `goods_name`,`goods_price` FROM `goods` WHERE `id` = 23 LIMIT 1   [ RunTime:0.0009s ]
SQL: SELECT `goods_name`,`goods_price` FROM `goods` WHERE `id` = 20 LIMIT 1   [ RunTime:0.0009s ]

[ 2019-11-30T20:42:34+08:00 ] 127.0.0.1 /index.php/Order/order.html
INFO: [ app_begin ] --START--
INFO: Run Behavior\ReadHtmlCacheBehavior [ RunTime:0.000410s ]
INFO: [ app_begin ] --END-- [ RunTime:0.000730s ]
SQL: SHOW COLUMNS FROM `goods` [ RunTime:0.0347s ]
SQL: SELECT `goods_name`,`goods_price` FROM `goods` WHERE `id` = 23 LIMIT 1   [ RunTime:0.0009s ]
SQL: SELECT `goods_name`,`goods_price` FROM `goods` WHERE `id` = 20 LIMIT 1   [ RunTime:0.0009s ]

[ 2019-11-30T20:42:40+08:00 ] 127.0.0.1 /index.php/Order/order.html
INFO: [ app_begin ] --START--
INFO: Run Behavior\ReadHtmlCacheBehavior [ RunTime:0.000413s ]
INFO: [ app_begin ] --END-- [ RunTime:0.000737s ]
SQL: SHOW COLUMNS FROM `goods` [ RunTime:0.0240s ]
SQL: SELECT `goods_name`,`goods_price` FROM `goods` WHERE `id` = 23 LIMIT 1   [ RunTime:0.0006s ]
SQL: SELECT `goods_name`,`goods_price` FROM `goods` WHERE `id` = 20 LIMIT 1   [ RunTime:0.0007s ]

[ 2019-11-30T20:42:50+08:00 ] 127.0.0.1 /index.php/Order/order.html
INFO: [ app_begin ] --START--
INFO: Run Behavior\ReadHtmlCacheBehavior [ RunTime:0.000414s ]
INFO: [ app_begin ] --END-- [ RunTime:0.000732s ]
SQL: SHOW COLUMNS FROM `goods` [ RunTime:0.0140s ]
SQL: SELECT `goods_name`,`goods_price` FROM `goods` WHERE `id` = 23 LIMIT 1   [ RunTime:0.0005s ]
SQL: SELECT `goods_name`,`goods_price` FROM `goods` WHERE `id` = 20 LIMIT 1   [ RunTime:0.0004s ]

[ 2019-11-30T20:42:59+08:00 ] 127.0.0.1 /index.php/Order/order.html
INFO: [ app_begin ] --START--
INFO: Run Behavior\ReadHtmlCacheBehavior [ RunTime:0.000411s ]
INFO: [ app_begin ] --END-- [ RunTime:0.000743s ]
SQL: SHOW COLUMNS FROM `goods` [ RunTime:0.0243s ]
SQL: SELECT `goods_name`,`goods_price` FROM `goods` WHERE `id` = 23 LIMIT 1   [ RunTime:0.0006s ]
SQL: SELECT `goods_name`,`goods_price` FROM `goods` WHERE `id` = 20 LIMIT 1   [ RunTime:0.0005s ]

[ 2019-11-30T20:43:00+08:00 ] 127.0.0.1 /index.php/Order/order.html
INFO: [ app_begin ] --START--
INFO: Run Behavior\ReadHtmlCacheBehavior [ RunTime:0.000569s ]
INFO: [ app_begin ] --END-- [ RunTime:0.001013s ]
SQL: SHOW COLUMNS FROM `goods` [ RunTime:0.0241s ]
SQL: SELECT `goods_name`,`goods_price` FROM `goods` WHERE `id` = 23 LIMIT 1   [ RunTime:0.0008s ]
SQL: SELECT `goods_name`,`goods_price` FROM `goods` WHERE `id` = 20 LIMIT 1   [ RunTime:0.0006s ]

[ 2019-11-30T20:43:38+08:00 ] 127.0.0.1 /index.php/Order/order.html
INFO: [ app_begin ] --START--
INFO: Run Behavior\ReadHtmlCacheBehavior [ RunTime:0.000411s ]
INFO: [ app_begin ] --END-- [ RunTime:0.000730s ]
SQL: SHOW COLUMNS FROM `goods` [ RunTime:0.0127s ]
SQL: SELECT `goods_name`,`goods_price` FROM `goods` WHERE `id` = 23 LIMIT 1   [ RunTime:0.0003s ]
SQL: SELECT `goods_name`,`goods_price` FROM `goods` WHERE `id` = 20 LIMIT 1   [ RunTime:0.0002s ]

[ 2019-11-30T20:43:39+08:00 ] 127.0.0.1 /index.php/Order/order.html
INFO: [ app_begin ] --START--
INFO: Run Behavior\ReadHtmlCacheBehavior [ RunTime:0.000400s ]
INFO: [ app_begin ] --END-- [ RunTime:0.000716s ]
SQL: SHOW COLUMNS FROM `goods` [ RunTime:0.0245s ]
SQL: SELECT `goods_name`,`goods_price` FROM `goods` WHERE `id` = 23 LIMIT 1   [ RunTime:0.0006s ]
SQL: SELECT `goods_name`,`goods_price` FROM `goods` WHERE `id` = 20 LIMIT 1   [ RunTime:0.0005s ]

[ 2019-11-30T20:43:40+08:00 ] 127.0.0.1 /index.php/Order/order.html
INFO: [ app_begin ] --START--
INFO: Run Behavior\ReadHtmlCacheBehavior [ RunTime:0.000442s ]
INFO: [ app_begin ] --END-- [ RunTime:0.000797s ]
SQL: SHOW COLUMNS FROM `goods` [ RunTime:0.0217s ]
SQL: SELECT `goods_name`,`goods_price` FROM `goods` WHERE `id` = 23 LIMIT 1   [ RunTime:0.0004s ]
SQL: SELECT `goods_name`,`goods_price` FROM `goods` WHERE `id` = 20 LIMIT 1   [ RunTime:0.0004s ]

[ 2019-11-30T20:43:41+08:00 ] 127.0.0.1 /index.php/Order/order.html
INFO: [ app_begin ] --START--
INFO: Run Behavior\ReadHtmlCacheBehavior [ RunTime:0.000446s ]
INFO: [ app_begin ] --END-- [ RunTime:0.000813s ]
SQL: SHOW COLUMNS FROM `goods` [ RunTime:0.0248s ]
SQL: SELECT `goods_name`,`goods_price` FROM `goods` WHERE `id` = 23 LIMIT 1   [ RunTime:0.0005s ]
SQL: SELECT `goods_name`,`goods_price` FROM `goods` WHERE `id` = 20 LIMIT 1   [ RunTime:0.0004s ]

[ 2019-11-30T20:43:42+08:00 ] 127.0.0.1 /index.php/Order/order.html
INFO: [ app_begin ] --START--
INFO: Run Behavior\ReadHtmlCacheBehavior [ RunTime:0.000415s ]
INFO: [ app_begin ] --END-- [ RunTime:0.000688s ]
SQL: SHOW COLUMNS FROM `goods` [ RunTime:0.0278s ]
SQL: SELECT `goods_name`,`goods_price` FROM `goods` WHERE `id` = 23 LIMIT 1   [ RunTime:0.0008s ]
SQL: SELECT `goods_name`,`goods_price` FROM `goods` WHERE `id` = 20 LIMIT 1   [ RunTime:0.0006s ]

[ 2019-11-30T20:43:43+08:00 ] 127.0.0.1 /index.php/Order/order.html
INFO: [ app_begin ] --START--
INFO: Run Behavior\ReadHtmlCacheBehavior [ RunTime:0.000405s ]
INFO: [ app_begin ] --END-- [ RunTime:0.000725s ]
SQL: SHOW COLUMNS FROM `goods` [ RunTime:0.0246s ]
SQL: SELECT `goods_name`,`goods_price` FROM `goods` WHERE `id` = 23 LIMIT 1   [ RunTime:0.0008s ]
SQL: SELECT `goods_name`,`goods_price` FROM `goods` WHERE `id` = 20 LIMIT 1   [ RunTime:0.0007s ]

[ 2019-11-30T20:43:44+08:00 ] 127.0.0.1 /index.php/Order/order.html
INFO: [ app_begin ] --START--
INFO: Run Behavior\ReadHtmlCacheBehavior [ RunTime:0.000409s ]
INFO: [ app_begin ] --END-- [ RunTime:0.000762s ]
SQL: SHOW COLUMNS FROM `goods` [ RunTime:0.0077s ]
SQL: SELECT `goods_name`,`goods_price` FROM `goods` WHERE `id` = 23 LIMIT 1   [ RunTime:0.0002s ]
SQL: SELECT `goods_name`,`goods_price` FROM `goods` WHERE `id` = 20 LIMIT 1   [ RunTime:0.0002s ]

[ 2019-11-30T20:43:45+08:00 ] 127.0.0.1 /index.php/Order/order.html
INFO: [ app_begin ] --START--
INFO: Run Behavior\ReadHtmlCacheBehavior [ RunTime:0.000707s ]
INFO: [ app_begin ] --END-- [ RunTime:0.001337s ]
SQL: SHOW COLUMNS FROM `goods` [ RunTime:0.0376s ]
SQL: SELECT `goods_name`,`goods_price` FROM `goods` WHERE `id` = 23 LIMIT 1   [ RunTime:0.0013s ]
SQL: SELECT `goods_name`,`goods_price` FROM `goods` WHERE `id` = 20 LIMIT 1   [ RunTime:0.0013s ]

[ 2019-11-30T20:43:47+08:00 ] 127.0.0.1 /index.php/Order/order.html
INFO: [ app_begin ] --START--
INFO: Run Behavior\ReadHtmlCacheBehavior [ RunTime:0.000438s ]
INFO: [ app_begin ] --END-- [ RunTime:0.000787s ]
SQL: SHOW COLUMNS FROM `goods` [ RunTime:0.0308s ]
SQL: SELECT `goods_name`,`goods_price` FROM `goods` WHERE `id` = 23 LIMIT 1   [ RunTime:0.0011s ]
SQL: SELECT `goods_name`,`goods_price` FROM `goods` WHERE `id` = 20 LIMIT 1   [ RunTime:0.0010s ]

[ 2019-11-30T20:43:55+08:00 ] 127.0.0.1 /index.php/Order/order.html
INFO: [ app_begin ] --START--
INFO: Run Behavior\ReadHtmlCacheBehavior [ RunTime:0.000338s ]
INFO: [ app_begin ] --END-- [ RunTime:0.000592s ]
SQL: SHOW COLUMNS FROM `goods` [ RunTime:0.0086s ]
SQL: SELECT `goods_name`,`goods_price` FROM `goods` WHERE `id` = 23 LIMIT 1   [ RunTime:0.0003s ]
SQL: SELECT `goods_name`,`goods_price` FROM `goods` WHERE `id` = 20 LIMIT 1   [ RunTime:0.0002s ]

[ 2019-11-30T20:43:56+08:00 ] 127.0.0.1 /index.php/Order/order.html
INFO: [ app_begin ] --START--
INFO: Run Behavior\ReadHtmlCacheBehavior [ RunTime:0.000359s ]
INFO: [ app_begin ] --END-- [ RunTime:0.000649s ]
SQL: SHOW COLUMNS FROM `goods` [ RunTime:0.0274s ]
SQL: SELECT `goods_name`,`goods_price` FROM `goods` WHERE `id` = 23 LIMIT 1   [ RunTime:0.0009s ]
SQL: SELECT `goods_name`,`goods_price` FROM `goods` WHERE `id` = 20 LIMIT 1   [ RunTime:0.0009s ]

[ 2019-11-30T20:43:57+08:00 ] 127.0.0.1 /index.php/Order/order.html
INFO: [ app_begin ] --START--
INFO: Run Behavior\ReadHtmlCacheBehavior [ RunTime:0.000460s ]
INFO: [ app_begin ] --END-- [ RunTime:0.000805s ]
SQL: SHOW COLUMNS FROM `goods` [ RunTime:0.0240s ]
SQL: SELECT `goods_name`,`goods_price` FROM `goods` WHERE `id` = 23 LIMIT 1   [ RunTime:0.0008s ]
SQL: SELECT `goods_name`,`goods_price` FROM `goods` WHERE `id` = 20 LIMIT 1   [ RunTime:0.0007s ]

[ 2019-11-30T20:43:58+08:00 ] 127.0.0.1 /index.php/Order/order.html
INFO: [ app_begin ] --START--
INFO: Run Behavior\ReadHtmlCacheBehavior [ RunTime:0.000413s ]
INFO: [ app_begin ] --END-- [ RunTime:0.000763s ]
SQL: SHOW COLUMNS FROM `goods` [ RunTime:0.3038s ]
SQL: SELECT `goods_name`,`goods_price` FROM `goods` WHERE `id` = 23 LIMIT 1   [ RunTime:0.0002s ]
SQL: SELECT `goods_name`,`goods_price` FROM `goods` WHERE `id` = 20 LIMIT 1   [ RunTime:0.0001s ]

[ 2019-11-30T20:43:59+08:00 ] 127.0.0.1 /index.php/Order/order.html
INFO: [ app_begin ] --START--
INFO: Run Behavior\ReadHtmlCacheBehavior [ RunTime:0.000348s ]
INFO: [ app_begin ] --END-- [ RunTime:0.000614s ]
SQL: SHOW COLUMNS FROM `goods` [ RunTime:0.0270s ]
SQL: SELECT `goods_name`,`goods_price` FROM `goods` WHERE `id` = 23 LIMIT 1   [ RunTime:0.0007s ]
SQL: SELECT `goods_name`,`goods_price` FROM `goods` WHERE `id` = 20 LIMIT 1   [ RunTime:0.0004s ]

[ 2019-11-30T20:44:01+08:00 ] 127.0.0.1 /index.php/Order/order.html
INFO: [ app_begin ] --START--
INFO: Run Behavior\ReadHtmlCacheBehavior [ RunTime:0.000476s ]
INFO: [ app_begin ] --END-- [ RunTime:0.000855s ]
SQL: SHOW COLUMNS FROM `goods` [ RunTime:0.0156s ]
SQL: SELECT `goods_name`,`goods_price` FROM `goods` WHERE `id` = 23 LIMIT 1   [ RunTime:0.0004s ]
SQL: SELECT `goods_name`,`goods_price` FROM `goods` WHERE `id` = 20 LIMIT 1   [ RunTime:0.0003s ]

[ 2019-11-30T20:44:02+08:00 ] 127.0.0.1 /index.php/Order/order.html
INFO: [ app_begin ] --START--
INFO: Run Behavior\ReadHtmlCacheBehavior [ RunTime:0.000394s ]
INFO: [ app_begin ] --END-- [ RunTime:0.000704s ]
SQL: SHOW COLUMNS FROM `goods` [ RunTime:0.0076s ]
SQL: SELECT `goods_name`,`goods_price` FROM `goods` WHERE `id` = 23 LIMIT 1   [ RunTime:0.0002s ]
SQL: SELECT `goods_name`,`goods_price` FROM `goods` WHERE `id` = 20 LIMIT 1   [ RunTime:0.0001s ]

[ 2019-11-30T20:44:03+08:00 ] 127.0.0.1 /index.php/Order/order.html
INFO: [ app_begin ] --START--
INFO: Run Behavior\ReadHtmlCacheBehavior [ RunTime:0.000709s ]
INFO: [ app_begin ] --END-- [ RunTime:0.001298s ]
SQL: SHOW COLUMNS FROM `goods` [ RunTime:0.0059s ]
SQL: SELECT `goods_name`,`goods_price` FROM `goods` WHERE `id` = 23 LIMIT 1   [ RunTime:0.0002s ]
SQL: SELECT `goods_name`,`goods_price` FROM `goods` WHERE `id` = 20 LIMIT 1   [ RunTime:0.0001s ]

[ 2019-11-30T20:44:04+08:00 ] 127.0.0.1 /index.php/Order/order.html
INFO: [ app_begin ] --START--
INFO: Run Behavior\ReadHtmlCacheBehavior [ RunTime:0.000438s ]
INFO: [ app_begin ] --END-- [ RunTime:0.000785s ]
SQL: SHOW COLUMNS FROM `goods` [ RunTime:0.0544s ]
SQL: SELECT `goods_name`,`goods_price` FROM `goods` WHERE `id` = 23 LIMIT 1   [ RunTime:0.0005s ]
SQL: SELECT `goods_name`,`goods_price` FROM `goods` WHERE `id` = 20 LIMIT 1   [ RunTime:0.0004s ]

[ 2019-11-30T20:44:12+08:00 ] 127.0.0.1 /index.php/Order/order.html
INFO: [ app_begin ] --START--
INFO: Run Behavior\ReadHtmlCacheBehavior [ RunTime:0.000346s ]
INFO: [ app_begin ] --END-- [ RunTime:0.000626s ]
SQL: SHOW COLUMNS FROM `goods` [ RunTime:0.0075s ]
SQL: SELECT `goods_name`,`goods_price` FROM `goods` WHERE `id` = 23 LIMIT 1   [ RunTime:0.0003s ]
SQL: SELECT `goods_name`,`goods_price` FROM `goods` WHERE `id` = 20 LIMIT 1   [ RunTime:0.0002s ]

[ 2019-11-30T20:46:49+08:00 ] 127.0.0.1 /index.php/Order/order.html
INFO: [ app_begin ] --START--
INFO: Run Behavior\ReadHtmlCacheBehavior [ RunTime:0.000720s ]
INFO: [ app_begin ] --END-- [ RunTime:0.001166s ]
SQL: SHOW COLUMNS FROM `goods` [ RunTime:0.0297s ]
SQL: SELECT `goods_name`,`goods_price` FROM `goods` WHERE `id` = 23 LIMIT 1   [ RunTime:0.0006s ]
SQL: SELECT `goods_name`,`goods_price` FROM `goods` WHERE `id` = 20 LIMIT 1   [ RunTime:0.0004s ]

