[ 2019-11-26T13:15:52+08:00 ] 127.0.0.1 /index.php/Index/ajaxLogin.html
INFO: [ app_begin ] --START--
INFO: Run Behavior\ReadHtmlCacheBehavior [ RunTime:0.000336s ]
INFO: [ app_begin ] --END-- [ RunTime:0.000603s ]
SQL: SHOW COLUMNS FROM `user` [ RunTime:0.0063s ]
SQL: SELECT * FROM `user` LIMIT 1   [ RunTime:0.0404s ]

[ 2019-11-26T13:17:03+08:00 ] 127.0.0.1 /index.php/Order/order.html
INFO: [ app_begin ] --START--
INFO: Run Behavior\ReadHtmlCacheBehavior [ RunTime:0.000325s ]
INFO: [ app_begin ] --END-- [ RunTime:0.000586s ]
SQL: SHOW COLUMNS FROM `goods` [ RunTime:0.0156s ]
SQL: SHOW COLUMNS FROM `cart` [ RunTime:0.0122s ]
SQL: SELECT * FROM `goods` WHERE `id` = 24  [ RunTime:0.0004s ]
SQL: SELECT * FROM `goods` WHERE `id` = 23  [ RunTime:0.0004s ]

[ 2019-11-26T19:35:58+08:00 ] 127.0.0.1 /index.php/Goods/ajaxAddCart.html
INFO: [ app_begin ] --START--
INFO: Run Behavior\ReadHtmlCacheBehavior [ RunTime:0.000428s ]
INFO: [ app_begin ] --END-- [ RunTime:0.000793s ]
SQL: SHOW COLUMNS FROM `cart` [ RunTime:0.0176s ]

[ 2019-11-26T19:36:19+08:00 ] 127.0.0.1 /index.php/Goods/ajaxAddCart.html
INFO: [ app_begin ] --START--
INFO: Run Behavior\ReadHtmlCacheBehavior [ RunTime:0.000433s ]
INFO: [ app_begin ] --END-- [ RunTime:0.000803s ]
SQL: SHOW COLUMNS FROM `cart` [ RunTime:0.0056s ]

[ 2019-11-26T19:36:47+08:00 ] 127.0.0.1 /index.php/Goods/goodsDetail.html?id=11
ERR: SQLSTATE[HY000] [2002] 由于目标计算机积极拒绝，无法连接。


[ 2019-11-26T19:37:33+08:00 ] 127.0.0.1 /index.php/Goods/ajaxAddCart.html
INFO: [ app_begin ] --START--
INFO: Run Behavior\ReadHtmlCacheBehavior [ RunTime:0.000514s ]
INFO: [ app_begin ] --END-- [ RunTime:0.000902s ]
SQL: SHOW COLUMNS FROM `cart` [ RunTime:0.0059s ]

[ 2019-11-26T21:21:47+08:00 ] 127.0.0.1 /
ERR: SQLSTATE[HY000] [2002] 由于目标计算机积极拒绝，无法连接。


[ 2019-11-26T21:54:31+08:00 ] 127.0.0.1 /index.php/Goods/ajaxAddCart.html
INFO: [ app_begin ] --START--
INFO: Run Behavior\ReadHtmlCacheBehavior [ RunTime:0.000447s ]
INFO: [ app_begin ] --END-- [ RunTime:0.000793s ]
SQL: SHOW COLUMNS FROM `cart` [ RunTime:0.0200s ]

[ 2019-11-26T22:00:04+08:00 ] 127.0.0.1 /index.php/Goods/ajaxAddCart.html
INFO: [ app_begin ] --START--
INFO: Run Behavior\ReadHtmlCacheBehavior [ RunTime:0.000439s ]
INFO: [ app_begin ] --END-- [ RunTime:0.000812s ]
SQL: SHOW COLUMNS FROM `cart` [ RunTime:0.0242s ]

[ 2019-11-26T22:45:05+08:00 ] 127.0.0.1 /index.php/Index/ajaxLogin.html
INFO: [ app_begin ] --START--
INFO: Run Behavior\ReadHtmlCacheBehavior [ RunTime:0.000516s ]
INFO: [ app_begin ] --END-- [ RunTime:0.001011s ]
SQL: SHOW COLUMNS FROM `user` [ RunTime:0.0069s ]
SQL: SELECT * FROM `user` LIMIT 1   [ RunTime:0.0003s ]

[ 2019-11-26T22:45:07+08:00 ] 127.0.0.1 /index.php/Index/ajaxLogin.html
INFO: [ app_begin ] --START--
INFO: Run Behavior\ReadHtmlCacheBehavior [ RunTime:0.000443s ]
INFO: [ app_begin ] --END-- [ RunTime:0.000831s ]
SQL: SHOW COLUMNS FROM `user` [ RunTime:0.0094s ]
SQL: SELECT * FROM `user` LIMIT 1   [ RunTime:0.0003s ]

[ 2019-11-26T22:45:18+08:00 ] 127.0.0.1 /index.php/Index/ajaxLogin.html
INFO: [ app_begin ] --START--
INFO: Run Behavior\ReadHtmlCacheBehavior [ RunTime:0.000429s ]
INFO: [ app_begin ] --END-- [ RunTime:0.000781s ]
SQL: SHOW COLUMNS FROM `user` [ RunTime:0.0243s ]
SQL: SELECT * FROM `user` LIMIT 1   [ RunTime:0.0008s ]

[ 2019-11-26T22:45:20+08:00 ] 127.0.0.1 /index.php/Index/ajaxLogin.html
INFO: [ app_begin ] --START--
INFO: Run Behavior\ReadHtmlCacheBehavior [ RunTime:0.000445s ]
INFO: [ app_begin ] --END-- [ RunTime:0.000812s ]
SQL: SHOW COLUMNS FROM `user` [ RunTime:0.0222s ]
SQL: SELECT * FROM `user` LIMIT 1   [ RunTime:0.0008s ]

[ 2019-11-26T22:45:46+08:00 ] 127.0.0.1 /index.php/Index/ajaxLogin.html
INFO: [ app_begin ] --START--
INFO: Run Behavior\ReadHtmlCacheBehavior [ RunTime:0.000487s ]
INFO: [ app_begin ] --END-- [ RunTime:0.000863s ]
SQL: SHOW COLUMNS FROM `user` [ RunTime:0.0074s ]
SQL: SELECT * FROM `user` LIMIT 1   [ RunTime:0.0003s ]

[ 2019-11-26T22:47:05+08:00 ] 127.0.0.1 /index.php/Index/ajaxLogin.html
INFO: [ app_begin ] --START--
INFO: Run Behavior\ReadHtmlCacheBehavior [ RunTime:0.000609s ]
INFO: [ app_begin ] --END-- [ RunTime:0.001088s ]
SQL: SHOW COLUMNS FROM `user` [ RunTime:0.0104s ]
SQL: SELECT * FROM `user` LIMIT 1   [ RunTime:0.0003s ]

[ 2019-11-26T22:59:34+08:00 ] 127.0.0.1 /index.php/Index/ajaxLogin.html
INFO: [ app_begin ] --START--
INFO: Run Behavior\ReadHtmlCacheBehavior [ RunTime:0.000530s ]
INFO: [ app_begin ] --END-- [ RunTime:0.000891s ]
SQL: SHOW COLUMNS FROM `user` [ RunTime:0.0255s ]
SQL: SELECT * FROM `user` LIMIT 1   [ RunTime:0.0009s ]

[ 2019-11-26T22:59:37+08:00 ] 127.0.0.1 /index.php/Index/ajaxLogin.html
INFO: [ app_begin ] --START--
INFO: Run Behavior\ReadHtmlCacheBehavior [ RunTime:0.000456s ]
INFO: [ app_begin ] --END-- [ RunTime:0.000833s ]
SQL: SHOW COLUMNS FROM `user` [ RunTime:0.0236s ]
SQL: SELECT * FROM `user` LIMIT 1   [ RunTime:0.0008s ]

[ 2019-11-26T23:17:56+08:00 ] 127.0.0.1 /index.php/Index/ajaxLogin.html
INFO: [ app_begin ] --START--
INFO: Run Behavior\ReadHtmlCacheBehavior [ RunTime:0.000555s ]
INFO: [ app_begin ] --END-- [ RunTime:0.000997s ]
SQL: SHOW COLUMNS FROM `user` [ RunTime:0.0069s ]
SQL: SELECT * FROM `user` LIMIT 1   [ RunTime:0.0003s ]

[ 2019-11-26T23:20:36+08:00 ] 127.0.0.1 /index.php/Index/ajaxLogin.html
INFO: [ app_begin ] --START--
INFO: Run Behavior\ReadHtmlCacheBehavior [ RunTime:0.000452s ]
INFO: [ app_begin ] --END-- [ RunTime:0.000810s ]
SQL: SHOW COLUMNS FROM `user` [ RunTime:0.0263s ]
SQL: SELECT * FROM `user` LIMIT 1   [ RunTime:0.0013s ]

[ 2019-11-26T23:28:53+08:00 ] 127.0.0.1 /index.php/Goods/ajaxAddCart.html
INFO: [ app_begin ] --START--
INFO: Run Behavior\ReadHtmlCacheBehavior [ RunTime:0.000440s ]
INFO: [ app_begin ] --END-- [ RunTime:0.000797s ]
SQL: SHOW COLUMNS FROM `cart` [ RunTime:0.0911s ]

