[ 2019-11-15T09:42:39+08:00 ] 127.0.0.1 /index.php/Admin/Cate/cateDel.html
INFO: [ app_begin ] --START--
INFO: Run Behavior\ReadHtmlCacheBehavior [ RunTime:0.000708s ]
INFO: [ app_begin ] --END-- [ RunTime:0.001273s ]
SQL: SHOW COLUMNS FROM `category` [ RunTime:0.0173s ]
SQL: SHOW COLUMNS FROM `goods` [ RunTime:0.0092s ]
SQL: SELECT * FROM `category` WHERE `pid` = 36  [ RunTime:0.0003s ]
SQL: SELECT * FROM `goods` WHERE `cate_id` = 36 LIMIT 1   [ RunTime:0.0124s ]
SQL: DELETE FROM `category` WHERE `id` = 36 [ RunTime:0.0247s ]

[ 2019-11-15T09:44:01+08:00 ] 127.0.0.1 /index.php/Admin/Cate/cateDel.html
INFO: [ app_begin ] --START--
INFO: Run Behavior\ReadHtmlCacheBehavior [ RunTime:0.000386s ]
INFO: [ app_begin ] --END-- [ RunTime:0.000701s ]
SQL: SHOW COLUMNS FROM `category` [ RunTime:0.0163s ]
SQL: SHOW COLUMNS FROM `goods` [ RunTime:0.0107s ]
SQL: SELECT * FROM `category` WHERE `pid` = 37  [ RunTime:0.0003s ]
SQL: SELECT * FROM `category` WHERE `pid` = 38  [ RunTime:0.0003s ]

[ 2019-11-15T09:44:10+08:00 ] 127.0.0.1 /index.php/Admin/Cate/cateDel.html
INFO: [ app_begin ] --START--
INFO: Run Behavior\ReadHtmlCacheBehavior [ RunTime:0.000347s ]
INFO: [ app_begin ] --END-- [ RunTime:0.000603s ]
SQL: SHOW COLUMNS FROM `category` [ RunTime:0.0090s ]
SQL: SHOW COLUMNS FROM `goods` [ RunTime:0.0092s ]
SQL: SELECT * FROM `category` WHERE `pid` = 38  [ RunTime:0.0004s ]
SQL: SELECT * FROM `goods` WHERE `cate_id` = 38 LIMIT 1   [ RunTime:0.0005s ]
SQL: DELETE FROM `category` WHERE `id` = 38 [ RunTime:0.0003s ]

[ 2019-11-15T09:44:15+08:00 ] 127.0.0.1 /index.php/Admin/Cate/cateDel.html
INFO: [ app_begin ] --START--
INFO: Run Behavior\ReadHtmlCacheBehavior [ RunTime:0.000425s ]
INFO: [ app_begin ] --END-- [ RunTime:0.000783s ]
SQL: SHOW COLUMNS FROM `category` [ RunTime:0.0103s ]
SQL: SHOW COLUMNS FROM `goods` [ RunTime:0.0090s ]
SQL: SELECT * FROM `category` WHERE `pid` = 37  [ RunTime:0.0003s ]
SQL: SELECT * FROM `goods` WHERE `cate_id` = 37 LIMIT 1   [ RunTime:0.0003s ]
SQL: DELETE FROM `category` WHERE `id` = 37 [ RunTime:0.0003s ]

[ 2019-11-15T09:52:00+08:00 ] 127.0.0.1 /index.php/Admin/Goods/goodsList.html
ERR: 模板不存在:./Application/Admin/View/Goods/goodsList.html

[ 2019-11-15T10:27:19+08:00 ] 127.0.0.1 /index.php/Admin/Goods/goodsList.html
ERR: 模板不存在:./Application/Admin/View/Goods/goodsList.html

[ 2019-11-15T10:27:21+08:00 ] 127.0.0.1 /index.php/Admin/Goods/goodsList.html
ERR: 模板不存在:./Application/Admin/View/Goods/goodsList.html

[ 2019-11-15T10:27:28+08:00 ] 127.0.0.1 /index.php/Admin/Goods/goodsList.html
ERR: 模板不存在:./Application/Admin/View/Goods/goodsList.html

[ 2019-11-15T10:29:38+08:00 ] 127.0.0.1 /index.php/Admin/Goods/goodsList.html
ERR: Call to a member function total() on null

[ 2019-11-15T11:04:32+08:00 ] 127.0.0.1 /index.php/Admin/Goods/goodsList.html
ERR: Call to a member function total() on array

[ 2019-11-15T15:10:44+08:00 ] 127.0.0.1 /index.php/Admin/Goods/goodsList.html
ERR: Call to a member function leftJoin() on array

[ 2019-11-15T15:15:00+08:00 ] 127.0.0.1 /index.php/Admin/Goods/goodsList.html
ERR: Method name must be a string

[ 2019-11-15T15:22:37+08:00 ] 127.0.0.1 /index.php/Admin/Goods/goodsList.html
ERR: Think\Model:total方法不存在！

[ 2019-11-15T15:35:07+08:00 ] 127.0.0.1 /index.php/Admin/Goods/goodsList.html
ERR: 1064:You have an error in your SQL syntax; check the manual that corresponds to your MySQL server version for the right syntax to use near '.id JOIN category  ORDER BY add_time desc' at line 1
 [ SQL语句 ] : SELECT `id`,`cate_id`,`addr`,`goods_name`,`goods_price`,`goods_num`,`goods_pic`,`goods_detail`,`add_time`,`is_hot`,`sort`,`hit`,`is_del` FROM `goods` category.id JOIN category  ORDER BY add_time desc 

[ 2019-11-15T15:43:22+08:00 ] 127.0.0.1 /index.php/Admin/Goods/goodsList.html
ERR: 1064:You have an error in your SQL syntax; check the manual that corresponds to your MySQL server version for the right syntax to use near '.id JOIN category  ORDER BY add_time desc' at line 1
 [ SQL语句 ] : SELECT `id`,`cate_id`,`addr`,`goods_name`,`goods_price`,`goods_num`,`goods_pic`,`goods_detail`,`add_time`,`is_hot`,`sort`,`hit`,`is_del` FROM `goods` category.id JOIN category  ORDER BY add_time desc 

[ 2019-11-15T15:43:33+08:00 ] 127.0.0.1 /index.php/Admin/Goods/goodsList.html
ERR: 1064:You have an error in your SQL syntax; check the manual that corresponds to your MySQL server version for the right syntax to use near '.id JOIN category  ORDER BY add_time desc' at line 1
 [ SQL语句 ] : SELECT `id`,`cate_id`,`addr`,`goods_name`,`goods_price`,`goods_num`,`goods_pic`,`goods_detail`,`add_time`,`is_hot`,`sort`,`hit`,`is_del` FROM `goods` category.id JOIN category  ORDER BY add_time desc 

[ 2019-11-15T15:47:32+08:00 ] 127.0.0.1 /index.php/Admin/Goods/goodsList.html
ERR: syntax error, unexpected ','

[ 2019-11-15T15:48:13+08:00 ] 127.0.0.1 /index.php/Admin/Goods/goodsList.html
ERR: 1052:Column 'id' in field list is ambiguous
 [ SQL语句 ] : SELECT `id`,`cate_id`,`addr`,`goods_name`,`goods_price`,`goods_num`,`goods_pic`,`goods_detail`,`add_time`,`is_hot`,`sort`,`hit`,`is_del` FROM `goods` INNER JOIN category on category.id = goods.cate_id  ORDER BY add_time desc 

[ 2019-11-15T15:50:49+08:00 ] 127.0.0.1 /index.php/Admin/Goods/goodsList.html
ERR: 1052:Column 'id' in field list is ambiguous
 [ SQL语句 ] : SELECT `id`,`cate_id`,`addr`,`goods_name`,`goods_price`,`goods_num`,`goods_pic`,`goods_detail`,`add_time`,`is_hot`,`sort`,`hit`,`is_del` FROM `goods` INNER JOIN category on category.id = goods.cate_id  ORDER BY add_time desc 

[ 2019-11-15T17:06:28+08:00 ] 127.0.0.1 /index.php/Admin/Goods/goodsList.html
ERR: Call to a member function total() on array

[ 2019-11-15T17:48:34+08:00 ] 127.0.0.1 /index.php/Admin/Goods/goodsList.html
ERR: syntax error, unexpected '<'

[ 2019-11-15T17:51:38+08:00 ] 127.0.0.1 /index.php/Admin/Goods/goodsList.html
ERR: syntax error, unexpected ')', expecting variable (T_VARIABLE) or '{' or '$'

[ 2019-11-15T17:51:39+08:00 ] 127.0.0.1 /index.php/Admin/Goods/goodsList.html
ERR: syntax error, unexpected ')', expecting variable (T_VARIABLE) or '{' or '$'

[ 2019-11-15T17:56:18+08:00 ] 127.0.0.1 /index.php/Admin/Goods/goodsList.html
ERR: syntax error, unexpected ')', expecting variable (T_VARIABLE) or '{' or '$'

[ 2019-11-15T17:57:17+08:00 ] 127.0.0.1 /index.php/Admin/Goods/goodsList.html
ERR: syntax error, unexpected ')', expecting variable (T_VARIABLE) or '{' or '$'

[ 2019-11-15T17:59:01+08:00 ] 127.0.0.1 /index.php/Admin/Goods/goodsList.html
ERR: syntax error, unexpected ')', expecting variable (T_VARIABLE) or '{' or '$'

[ 2019-11-15T18:00:49+08:00 ] 127.0.0.1 /index.php/Admin/Goods/goodsList.html
ERR: syntax error, unexpected ')', expecting variable (T_VARIABLE) or '{' or '$'

[ 2019-11-15T18:01:55+08:00 ] 127.0.0.1 /index.php/Admin/Goods/goodsList.html
ERR: syntax error, unexpected ')', expecting variable (T_VARIABLE) or '{' or '$'

[ 2019-11-15T18:04:13+08:00 ] 127.0.0.1 /index.php/Admin/Goods/goodsList.html
ERR: syntax error, unexpected ')', expecting ']'

[ 2019-11-15T18:12:36+08:00 ] 127.0.0.1 /index.php/Admin/Goods/goodsList.html
ERR: syntax error, unexpected '!', expecting ',' or ';'

[ 2019-11-15T20:42:34+08:00 ] 127.0.0.1 /index.php/Admin/Index/ajax_verify.html
INFO: [ app_begin ] --START--
INFO: Run Behavior\ReadHtmlCacheBehavior [ RunTime:0.000334s ]
INFO: [ app_begin ] --END-- [ RunTime:0.000598s ]

[ 2019-11-15T20:42:34+08:00 ] 127.0.0.1 /index.php/Admin/Index/login.html
INFO: [ app_begin ] --START--
INFO: Run Behavior\ReadHtmlCacheBehavior [ RunTime:0.000350s ]
INFO: [ app_begin ] --END-- [ RunTime:0.000602s ]
INFO: [ view_parse ] --START--
INFO: [ template_filter ] --START--
INFO: Run Behavior\ContentReplaceBehavior [ RunTime:0.000026s ]
INFO: [ template_filter ] --END-- [ RunTime:0.000044s ]
INFO: Run Behavior\ParseTemplateBehavior [ RunTime:0.003519s ]
INFO: [ view_parse ] --END-- [ RunTime:0.003551s ]
INFO: [ view_filter ] --START--
INFO: Run Behavior\WriteHtmlCacheBehavior [ RunTime:0.000348s ]
INFO: [ view_filter ] --END-- [ RunTime:0.000366s ]
INFO: [ app_end ] --START--
INFO: Run Behavior\ShowPageTraceBehavior [ RunTime:0.001947s ]
INFO: [ app_end ] --END-- [ RunTime:0.001986s ]

[ 2019-11-15T20:42:36+08:00 ] 127.0.0.1 /index.php/Admin/Index/ajax_verify.html
INFO: [ app_begin ] --START--
INFO: Run Behavior\ReadHtmlCacheBehavior [ RunTime:0.000340s ]
INFO: [ app_begin ] --END-- [ RunTime:0.000611s ]

[ 2019-11-15T20:42:36+08:00 ] 127.0.0.1 /index.php/Admin/Index/login.html
INFO: [ app_begin ] --START--
INFO: Run Behavior\ReadHtmlCacheBehavior [ RunTime:0.000341s ]
INFO: [ app_begin ] --END-- [ RunTime:0.000606s ]
INFO: [ view_parse ] --START--
INFO: [ template_filter ] --START--
INFO: Run Behavior\ContentReplaceBehavior [ RunTime:0.000024s ]
INFO: [ template_filter ] --END-- [ RunTime:0.000041s ]
INFO: Run Behavior\ParseTemplateBehavior [ RunTime:0.003188s ]
INFO: [ view_parse ] --END-- [ RunTime:0.003209s ]
INFO: [ view_filter ] --START--
INFO: Run Behavior\WriteHtmlCacheBehavior [ RunTime:0.000218s ]
INFO: [ view_filter ] --END-- [ RunTime:0.000230s ]
INFO: [ app_end ] --START--
INFO: Run Behavior\ShowPageTraceBehavior [ RunTime:0.000369s ]
INFO: [ app_end ] --END-- [ RunTime:0.000386s ]

[ 2019-11-15T20:42:38+08:00 ] 127.0.0.1 /index.php/Admin/Index/ajax_verify.html
INFO: [ app_begin ] --START--
INFO: Run Behavior\ReadHtmlCacheBehavior [ RunTime:0.000335s ]
INFO: [ app_begin ] --END-- [ RunTime:0.000600s ]

[ 2019-11-15T20:42:38+08:00 ] 127.0.0.1 /index.php/Admin/Index/login.html
INFO: [ app_begin ] --START--
INFO: Run Behavior\ReadHtmlCacheBehavior [ RunTime:0.000341s ]
INFO: [ app_begin ] --END-- [ RunTime:0.000607s ]
INFO: [ view_parse ] --START--
INFO: [ template_filter ] --START--
INFO: Run Behavior\ContentReplaceBehavior [ RunTime:0.000025s ]
INFO: [ template_filter ] --END-- [ RunTime:0.000043s ]
INFO: Run Behavior\ParseTemplateBehavior [ RunTime:0.003264s ]
INFO: [ view_parse ] --END-- [ RunTime:0.003286s ]
INFO: [ view_filter ] --START--
INFO: Run Behavior\WriteHtmlCacheBehavior [ RunTime:0.000239s ]
INFO: [ view_filter ] --END-- [ RunTime:0.000254s ]
INFO: [ app_end ] --START--
INFO: Run Behavior\ShowPageTraceBehavior [ RunTime:0.000405s ]
INFO: [ app_end ] --END-- [ RunTime:0.000424s ]

[ 2019-11-15T20:42:39+08:00 ] 127.0.0.1 /index.php/Admin/Index/ajax_verify.html
INFO: [ app_begin ] --START--
INFO: Run Behavior\ReadHtmlCacheBehavior [ RunTime:0.000335s ]
INFO: [ app_begin ] --END-- [ RunTime:0.000603s ]

[ 2019-11-15T20:42:39+08:00 ] 127.0.0.1 /index.php/Admin/Index/login.html
INFO: [ app_begin ] --START--
INFO: Run Behavior\ReadHtmlCacheBehavior [ RunTime:0.000401s ]
INFO: [ app_begin ] --END-- [ RunTime:0.000669s ]
INFO: [ view_parse ] --START--
INFO: [ template_filter ] --START--
INFO: Run Behavior\ContentReplaceBehavior [ RunTime:0.000025s ]
INFO: [ template_filter ] --END-- [ RunTime:0.000042s ]
INFO: Run Behavior\ParseTemplateBehavior [ RunTime:0.003231s ]
INFO: [ view_parse ] --END-- [ RunTime:0.003251s ]
INFO: [ view_filter ] --START--
INFO: Run Behavior\WriteHtmlCacheBehavior [ RunTime:0.000215s ]
INFO: [ view_filter ] --END-- [ RunTime:0.000228s ]
INFO: [ app_end ] --START--
INFO: Run Behavior\ShowPageTraceBehavior [ RunTime:0.000414s ]
INFO: [ app_end ] --END-- [ RunTime:0.000436s ]

[ 2019-11-15T20:42:41+08:00 ] 127.0.0.1 /index.php/Admin/Index/ajax_verify.html
INFO: [ app_begin ] --START--
INFO: Run Behavior\ReadHtmlCacheBehavior [ RunTime:0.000438s ]
INFO: [ app_begin ] --END-- [ RunTime:0.000841s ]

[ 2019-11-15T20:42:41+08:00 ] 127.0.0.1 /index.php/Admin/Index/login.html
INFO: [ app_begin ] --START--
INFO: Run Behavior\ReadHtmlCacheBehavior [ RunTime:0.000345s ]
INFO: [ app_begin ] --END-- [ RunTime:0.000607s ]
INFO: [ view_parse ] --START--
INFO: [ template_filter ] --START--
INFO: Run Behavior\ContentReplaceBehavior [ RunTime:0.000026s ]
INFO: [ template_filter ] --END-- [ RunTime:0.000046s ]
INFO: Run Behavior\ParseTemplateBehavior [ RunTime:0.003938s ]
INFO: [ view_parse ] --END-- [ RunTime:0.003968s ]
INFO: [ view_filter ] --START--
INFO: Run Behavior\WriteHtmlCacheBehavior [ RunTime:0.000254s ]
INFO: [ view_filter ] --END-- [ RunTime:0.000274s ]
INFO: [ app_end ] --START--
INFO: Run Behavior\ShowPageTraceBehavior [ RunTime:0.000374s ]
INFO: [ app_end ] --END-- [ RunTime:0.000391s ]

[ 2019-11-15T20:42:42+08:00 ] 127.0.0.1 /index.php/Admin/Index/ajax_verify.html
INFO: [ app_begin ] --START--
INFO: Run Behavior\ReadHtmlCacheBehavior [ RunTime:0.000352s ]
INFO: [ app_begin ] --END-- [ RunTime:0.000629s ]

[ 2019-11-15T20:42:42+08:00 ] 127.0.0.1 /index.php/Admin/Index/login.html
INFO: [ app_begin ] --START--
INFO: Run Behavior\ReadHtmlCacheBehavior [ RunTime:0.000427s ]
INFO: [ app_begin ] --END-- [ RunTime:0.000697s ]
INFO: [ view_parse ] --START--
INFO: [ template_filter ] --START--
INFO: Run Behavior\ContentReplaceBehavior [ RunTime:0.000025s ]
INFO: [ template_filter ] --END-- [ RunTime:0.000044s ]
INFO: Run Behavior\ParseTemplateBehavior [ RunTime:0.003918s ]
INFO: [ view_parse ] --END-- [ RunTime:0.003966s ]
INFO: [ view_filter ] --START--
INFO: Run Behavior\WriteHtmlCacheBehavior [ RunTime:0.000238s ]
INFO: [ view_filter ] --END-- [ RunTime:0.000251s ]
INFO: [ app_end ] --START--
INFO: Run Behavior\ShowPageTraceBehavior [ RunTime:0.000374s ]
INFO: [ app_end ] --END-- [ RunTime:0.000391s ]

[ 2019-11-15T20:42:43+08:00 ] 127.0.0.1 /index.php/Admin/Index/ajax_verify.html
INFO: [ app_begin ] --START--
INFO: Run Behavior\ReadHtmlCacheBehavior [ RunTime:0.000335s ]
INFO: [ app_begin ] --END-- [ RunTime:0.000608s ]

[ 2019-11-15T20:42:43+08:00 ] 127.0.0.1 /index.php/Admin/Index/login.html
INFO: [ app_begin ] --START--
INFO: Run Behavior\ReadHtmlCacheBehavior [ RunTime:0.000518s ]
INFO: [ app_begin ] --END-- [ RunTime:0.001011s ]
INFO: [ view_parse ] --START--
INFO: [ template_filter ] --START--
INFO: Run Behavior\ContentReplaceBehavior [ RunTime:0.000025s ]
INFO: [ template_filter ] --END-- [ RunTime:0.000043s ]
INFO: Run Behavior\ParseTemplateBehavior [ RunTime:0.004744s ]
INFO: [ view_parse ] --END-- [ RunTime:0.004767s ]
INFO: [ view_filter ] --START--
INFO: Run Behavior\WriteHtmlCacheBehavior [ RunTime:0.000225s ]
INFO: [ view_filter ] --END-- [ RunTime:0.000238s ]
INFO: [ app_end ] --START--
INFO: Run Behavior\ShowPageTraceBehavior [ RunTime:0.000375s ]
INFO: [ app_end ] --END-- [ RunTime:0.000393s ]

[ 2019-11-15T20:42:44+08:00 ] 127.0.0.1 /index.php/Admin/Index/ajax_verify.html
INFO: [ app_begin ] --START--
INFO: Run Behavior\ReadHtmlCacheBehavior [ RunTime:0.000488s ]
INFO: [ app_begin ] --END-- [ RunTime:0.000897s ]

[ 2019-11-15T20:42:44+08:00 ] 127.0.0.1 /index.php/Admin/Index/login.html
INFO: [ app_begin ] --START--
INFO: Run Behavior\ReadHtmlCacheBehavior [ RunTime:0.000334s ]
INFO: [ app_begin ] --END-- [ RunTime:0.000591s ]
INFO: [ view_parse ] --START--
INFO: [ template_filter ] --START--
INFO: Run Behavior\ContentReplaceBehavior [ RunTime:0.000026s ]
INFO: [ template_filter ] --END-- [ RunTime:0.000049s ]
INFO: Run Behavior\ParseTemplateBehavior [ RunTime:0.003440s ]
INFO: [ view_parse ] --END-- [ RunTime:0.003462s ]
INFO: [ view_filter ] --START--
INFO: Run Behavior\WriteHtmlCacheBehavior [ RunTime:0.000222s ]
INFO: [ view_filter ] --END-- [ RunTime:0.000237s ]
INFO: [ app_end ] --START--
INFO: Run Behavior\ShowPageTraceBehavior [ RunTime:0.000377s ]
INFO: [ app_end ] --END-- [ RunTime:0.000395s ]

[ 2019-11-15T20:42:50+08:00 ] 127.0.0.1 /index.php/Admin/Index/ajax_verify.html
INFO: [ app_begin ] --START--
INFO: Run Behavior\ReadHtmlCacheBehavior [ RunTime:0.000517s ]
INFO: [ app_begin ] --END-- [ RunTime:0.001072s ]

[ 2019-11-15T20:42:50+08:00 ] 127.0.0.1 /index.php/Admin/Index/login.html
INFO: [ app_begin ] --START--
INFO: Run Behavior\ReadHtmlCacheBehavior [ RunTime:0.000337s ]
INFO: [ app_begin ] --END-- [ RunTime:0.000609s ]
INFO: [ view_parse ] --START--
INFO: [ template_filter ] --START--
INFO: Run Behavior\ContentReplaceBehavior [ RunTime:0.000026s ]
INFO: [ template_filter ] --END-- [ RunTime:0.000045s ]
INFO: Run Behavior\ParseTemplateBehavior [ RunTime:0.003479s ]
INFO: [ view_parse ] --END-- [ RunTime:0.003501s ]
INFO: [ view_filter ] --START--
INFO: Run Behavior\WriteHtmlCacheBehavior [ RunTime:0.000253s ]
INFO: [ view_filter ] --END-- [ RunTime:0.000266s ]
INFO: [ app_end ] --START--
INFO: Run Behavior\ShowPageTraceBehavior [ RunTime:0.000368s ]
INFO: [ app_end ] --END-- [ RunTime:0.000385s ]

[ 2019-11-15T20:50:36+08:00 ] 127.0.0.1 /index.php/Admin/Index/ajax_verify.html
INFO: [ app_begin ] --START--
INFO: Run Behavior\ReadHtmlCacheBehavior [ RunTime:0.000393s ]
INFO: [ app_begin ] --END-- [ RunTime:0.000678s ]

[ 2019-11-15T20:50:36+08:00 ] 127.0.0.1 /index.php/Admin/Index/login.html
INFO: [ app_begin ] --START--
INFO: Run Behavior\ReadHtmlCacheBehavior [ RunTime:0.000355s ]
INFO: [ app_begin ] --END-- [ RunTime:0.000708s ]
INFO: [ view_parse ] --START--
INFO: [ template_filter ] --START--
INFO: Run Behavior\ContentReplaceBehavior [ RunTime:0.000025s ]
INFO: [ template_filter ] --END-- [ RunTime:0.000046s ]
INFO: Run Behavior\ParseTemplateBehavior [ RunTime:0.003736s ]
INFO: [ view_parse ] --END-- [ RunTime:0.003774s ]
INFO: [ view_filter ] --START--
INFO: Run Behavior\WriteHtmlCacheBehavior [ RunTime:0.000346s ]
INFO: [ view_filter ] --END-- [ RunTime:0.000369s ]
INFO: [ app_end ] --START--
INFO: Run Behavior\ShowPageTraceBehavior [ RunTime:0.000423s ]
INFO: [ app_end ] --END-- [ RunTime:0.000442s ]

[ 2019-11-15T20:50:38+08:00 ] 127.0.0.1 /index.php/Admin/Index/ajax_verify.html
INFO: [ app_begin ] --START--
INFO: Run Behavior\ReadHtmlCacheBehavior [ RunTime:0.000493s ]
INFO: [ app_begin ] --END-- [ RunTime:0.000890s ]

[ 2019-11-15T20:50:38+08:00 ] 127.0.0.1 /index.php/Admin/Index/login.html
INFO: [ app_begin ] --START--
INFO: Run Behavior\ReadHtmlCacheBehavior [ RunTime:0.000367s ]
INFO: [ app_begin ] --END-- [ RunTime:0.000646s ]
INFO: [ view_parse ] --START--
INFO: [ template_filter ] --START--
INFO: Run Behavior\ContentReplaceBehavior [ RunTime:0.000026s ]
INFO: [ template_filter ] --END-- [ RunTime:0.000055s ]
INFO: Run Behavior\ParseTemplateBehavior [ RunTime:0.003600s ]
INFO: [ view_parse ] --END-- [ RunTime:0.003680s ]
INFO: [ view_filter ] --START--
INFO: Run Behavior\WriteHtmlCacheBehavior [ RunTime:0.001309s ]
INFO: [ view_filter ] --END-- [ RunTime:0.001377s ]
INFO: [ app_end ] --START--
INFO: Run Behavior\ShowPageTraceBehavior [ RunTime:0.000538s ]
INFO: [ app_end ] --END-- [ RunTime:0.000566s ]

[ 2019-11-15T20:54:54+08:00 ] 127.0.0.1 /index.php/Admin/Index/ajax_verify.html
INFO: [ app_begin ] --START--
INFO: Run Behavior\ReadHtmlCacheBehavior [ RunTime:0.000354s ]
INFO: [ app_begin ] --END-- [ RunTime:0.000627s ]

[ 2019-11-15T20:55:14+08:00 ] 127.0.0.1 /index.php/Admin/Index/ajax_verify.html
INFO: [ app_begin ] --START--
INFO: Run Behavior\ReadHtmlCacheBehavior [ RunTime:0.000604s ]
INFO: [ app_begin ] --END-- [ RunTime:0.001113s ]

[ 2019-11-15T20:55:17+08:00 ] 127.0.0.1 /index.php/Admin/Index/ajax_verify.html
INFO: [ app_begin ] --START--
INFO: Run Behavior\ReadHtmlCacheBehavior [ RunTime:0.000345s ]
INFO: [ app_begin ] --END-- [ RunTime:0.000634s ]

[ 2019-11-15T20:55:20+08:00 ] 127.0.0.1 /index.php/Admin/Index/ajax_verify.html
INFO: [ app_begin ] --START--
INFO: Run Behavior\ReadHtmlCacheBehavior [ RunTime:0.000357s ]
INFO: [ app_begin ] --END-- [ RunTime:0.000690s ]

[ 2019-11-15T20:55:22+08:00 ] 127.0.0.1 /index.php/Admin/Index/ajax_verify.html
INFO: [ app_begin ] --START--
INFO: Run Behavior\ReadHtmlCacheBehavior [ RunTime:0.000354s ]
INFO: [ app_begin ] --END-- [ RunTime:0.000638s ]

[ 2019-11-15T20:55:24+08:00 ] 127.0.0.1 /index.php/Admin/Index/ajax_verify.html
INFO: [ app_begin ] --START--
INFO: Run Behavior\ReadHtmlCacheBehavior [ RunTime:0.000354s ]
INFO: [ app_begin ] --END-- [ RunTime:0.000643s ]

[ 2019-11-15T20:55:34+08:00 ] 127.0.0.1 /index.php/Admin/Index/ajax_verify.html
INFO: [ app_begin ] --START--
INFO: Run Behavior\ReadHtmlCacheBehavior [ RunTime:0.000638s ]
INFO: [ app_begin ] --END-- [ RunTime:0.001088s ]

[ 2019-11-15T20:55:37+08:00 ] 127.0.0.1 /index.php/Admin/Index/ajax_verify.html
INFO: [ app_begin ] --START--
INFO: Run Behavior\ReadHtmlCacheBehavior [ RunTime:0.000336s ]
INFO: [ app_begin ] --END-- [ RunTime:0.000602s ]

[ 2019-11-15T21:06:50+08:00 ] 127.0.0.1 /index.php/Admin/Goods/goodsList.html
ERR: syntax error, unexpected '{'

[ 2019-11-15T21:07:15+08:00 ] 127.0.0.1 /index.php/Admin/Goods/goodsList.html
ERR: syntax error, unexpected '{'

[ 2019-11-15T21:07:53+08:00 ] 127.0.0.1 /index.php/Admin/Goods/goodsList.html
ERR: syntax error, unexpected '{'

[ 2019-11-15T21:08:00+08:00 ] 127.0.0.1 /index.php/Admin/Goods/goodsList.html
ERR: syntax error, unexpected '{'

[ 2019-11-15T21:08:01+08:00 ] 127.0.0.1 /index.php/Admin/Goods/goodsList.html
ERR: syntax error, unexpected '{'

[ 2019-11-15T21:08:02+08:00 ] 127.0.0.1 /index.php/Admin/Goods/goodsList.html
ERR: syntax error, unexpected '{'

[ 2019-11-15T21:48:01+08:00 ] 127.0.0.1 /index.php/Admin/Goods/goodsEdit.html?gid=36
ERR: syntax error, unexpected '<'

