[ 2019-11-14T15:43:23+08:00 ] 127.0.0.1 /index.php/Admin/Cate/cateList.html
ERR: syntax error, unexpected '(', expecting identifier (T_STRING) or variable (T_VARIABLE) or '{' or '$'

[ 2019-11-14T15:44:19+08:00 ] 127.0.0.1 /index.php/Admin/Cate/cateDel.html%7D
INFO: [ app_begin ] --START--
INFO: Run Behavior\ReadHtmlCacheBehavior [ RunTime:0.000615s ]
INFO: [ app_begin ] --END-- [ RunTime:0.001105s ]
INFO: [ view_parse ] --START--
INFO: [ template_filter ] --START--
INFO: Run Behavior\ContentReplaceBehavior [ RunTime:0.000016s ]
INFO: [ template_filter ] --END-- [ RunTime:0.000037s ]
INFO: Run Behavior\ParseTemplateBehavior [ RunTime:0.003600s ]
INFO: [ view_parse ] --END-- [ RunTime:0.003631s ]
INFO: [ view_filter ] --START--
INFO: Run Behavior\WriteHtmlCacheBehavior [ RunTime:0.000283s ]
INFO: [ view_filter ] --END-- [ RunTime:0.000297s ]
INFO: [ app_end ] --START--
INFO: Run Behavior\ShowPageTraceBehavior [ RunTime:0.000413s ]
INFO: [ app_end ] --END-- [ RunTime:0.000430s ]

[ 2019-11-14T15:44:25+08:00 ] 127.0.0.1 /index.php/Admin/Cate/cateDel.html%7D
INFO: [ app_begin ] --START--
INFO: Run Behavior\ReadHtmlCacheBehavior [ RunTime:0.000344s ]
INFO: [ app_begin ] --END-- [ RunTime:0.000603s ]
INFO: [ view_parse ] --START--
INFO: [ template_filter ] --START--
INFO: Run Behavior\ContentReplaceBehavior [ RunTime:0.000025s ]
INFO: [ template_filter ] --END-- [ RunTime:0.000105s ]
INFO: Run Behavior\ParseTemplateBehavior [ RunTime:0.006712s ]
INFO: [ view_parse ] --END-- [ RunTime:0.006756s ]
INFO: [ view_filter ] --START--
INFO: Run Behavior\WriteHtmlCacheBehavior [ RunTime:0.000581s ]
INFO: [ view_filter ] --END-- [ RunTime:0.000621s ]
INFO: [ app_end ] --START--
INFO: Run Behavior\ShowPageTraceBehavior [ RunTime:0.000653s ]
INFO: [ app_end ] --END-- [ RunTime:0.000689s ]

[ 2019-11-14T15:44:28+08:00 ] 127.0.0.1 /index.php/Admin/Cate/cateDel.html%7D
INFO: [ app_begin ] --START--
INFO: Run Behavior\ReadHtmlCacheBehavior [ RunTime:0.000761s ]
INFO: [ app_begin ] --END-- [ RunTime:0.001437s ]
INFO: [ view_parse ] --START--
INFO: [ template_filter ] --START--
INFO: Run Behavior\ContentReplaceBehavior [ RunTime:0.000014s ]
INFO: [ template_filter ] --END-- [ RunTime:0.000034s ]
INFO: Run Behavior\ParseTemplateBehavior [ RunTime:0.003024s ]
INFO: [ view_parse ] --END-- [ RunTime:0.003049s ]
INFO: [ view_filter ] --START--
INFO: Run Behavior\WriteHtmlCacheBehavior [ RunTime:0.000296s ]
INFO: [ view_filter ] --END-- [ RunTime:0.000310s ]
INFO: [ app_end ] --START--
INFO: Run Behavior\ShowPageTraceBehavior [ RunTime:0.000401s ]
INFO: [ app_end ] --END-- [ RunTime:0.000418s ]

[ 2019-11-14T15:44:34+08:00 ] 127.0.0.1 /index.php/Admin/Cate/cateDel.html%7D
INFO: [ app_begin ] --START--
INFO: Run Behavior\ReadHtmlCacheBehavior [ RunTime:0.000412s ]
INFO: [ app_begin ] --END-- [ RunTime:0.000738s ]
INFO: [ view_parse ] --START--
INFO: [ template_filter ] --START--
INFO: Run Behavior\ContentReplaceBehavior [ RunTime:0.000026s ]
INFO: [ template_filter ] --END-- [ RunTime:0.000062s ]
INFO: Run Behavior\ParseTemplateBehavior [ RunTime:0.005841s ]
INFO: [ view_parse ] --END-- [ RunTime:0.005896s ]
INFO: [ view_filter ] --START--
INFO: Run Behavior\WriteHtmlCacheBehavior [ RunTime:0.001052s ]
INFO: [ view_filter ] --END-- [ RunTime:0.001095s ]
INFO: [ app_end ] --START--
INFO: Run Behavior\ShowPageTraceBehavior [ RunTime:0.001087s ]
INFO: [ app_end ] --END-- [ RunTime:0.001129s ]

[ 2019-11-14T15:47:36+08:00 ] 127.0.0.1 /index.php/Admin/Cate/cateDel.html
INFO: [ app_begin ] --START--
INFO: Run Behavior\ReadHtmlCacheBehavior [ RunTime:0.000994s ]
INFO: [ app_begin ] --END-- [ RunTime:0.001628s ]
SQL: SHOW COLUMNS FROM `category` [ RunTime:0.0073s ]
SQL: SHOW COLUMNS FROM `goods` [ RunTime:0.0080s ]
SQL: SELECT * FROM `category` WHERE `pid` = 30  [ RunTime:0.0003s ]
NOTIC: [8] Trying to get property 'id' of non-object D:\myTp\mytp\Application\Common\Common\function.php 第 12 行.
SQL: SELECT * FROM `category` WHERE `pid` = null  [ RunTime:0.0090s ]
NOTIC: [8] Trying to get property 'id' of non-object D:\myTp\mytp\Application\Common\Common\function.php 第 12 行.
SQL: SELECT * FROM `category` WHERE `pid` = null  [ RunTime:0.0002s ]

[ 2019-11-14T15:47:48+08:00 ] 127.0.0.1 /index.php/Admin/Cate/cateDel.html
INFO: [ app_begin ] --START--
INFO: Run Behavior\ReadHtmlCacheBehavior [ RunTime:0.000577s ]
INFO: [ app_begin ] --END-- [ RunTime:0.002114s ]
SQL: SHOW COLUMNS FROM `category` [ RunTime:0.0290s ]
SQL: SHOW COLUMNS FROM `goods` [ RunTime:0.0104s ]
SQL: SELECT * FROM `category` WHERE `pid` = 31  [ RunTime:0.0003s ]
NOTIC: [8] Trying to get property 'id' of non-object D:\myTp\mytp\Application\Common\Common\function.php 第 12 行.
SQL: SELECT * FROM `category` WHERE `pid` = null  [ RunTime:0.0003s ]

[ 2019-11-14T15:47:54+08:00 ] 127.0.0.1 /index.php/Admin/Cate/cateDel.html
INFO: [ app_begin ] --START--
INFO: Run Behavior\ReadHtmlCacheBehavior [ RunTime:0.000328s ]
INFO: [ app_begin ] --END-- [ RunTime:0.000585s ]
SQL: SHOW COLUMNS FROM `category` [ RunTime:0.0115s ]
SQL: SHOW COLUMNS FROM `goods` [ RunTime:0.0074s ]
SQL: SELECT * FROM `category` WHERE `pid` = 32  [ RunTime:0.0003s ]
SQL: SELECT * FROM `goods` WHERE `cate_id` = 32 LIMIT 1   [ RunTime:0.0003s ]
SQL: DELETE FROM `category` WHERE `id` = 32 [ RunTime:0.1634s ]

[ 2019-11-14T15:48:26+08:00 ] 127.0.0.1 /index.php/Admin/Cate/cateDel.html
INFO: [ app_begin ] --START--
INFO: Run Behavior\ReadHtmlCacheBehavior [ RunTime:0.000341s ]
INFO: [ app_begin ] --END-- [ RunTime:0.000597s ]
SQL: SHOW COLUMNS FROM `category` [ RunTime:0.0074s ]
SQL: SHOW COLUMNS FROM `goods` [ RunTime:0.0066s ]
SQL: SELECT * FROM `category` WHERE `pid` = 33  [ RunTime:0.0003s ]
SQL: SELECT * FROM `goods` WHERE `cate_id` = 33 LIMIT 1   [ RunTime:0.0002s ]
SQL: DELETE FROM `category` WHERE `id` = 33 [ RunTime:0.0003s ]

[ 2019-11-14T15:48:38+08:00 ] 127.0.0.1 /index.php/Admin/Cate/cateDel.html
INFO: [ app_begin ] --START--
INFO: Run Behavior\ReadHtmlCacheBehavior [ RunTime:0.000415s ]
INFO: [ app_begin ] --END-- [ RunTime:0.000736s ]
SQL: SHOW COLUMNS FROM `category` [ RunTime:0.0217s ]
SQL: SHOW COLUMNS FROM `goods` [ RunTime:0.0121s ]
SQL: SELECT * FROM `category` WHERE `pid` = 30  [ RunTime:0.0005s ]
NOTIC: [8] Trying to get property 'id' of non-object D:\myTp\mytp\Application\Common\Common\function.php 第 12 行.
SQL: SELECT * FROM `category` WHERE `pid` = null  [ RunTime:0.0004s ]

[ 2019-11-14T15:48:53+08:00 ] 127.0.0.1 /index.php/Admin/Cate/cateDel.html
INFO: [ app_begin ] --START--
INFO: Run Behavior\ReadHtmlCacheBehavior [ RunTime:0.000333s ]
INFO: [ app_begin ] --END-- [ RunTime:0.000593s ]
SQL: SHOW COLUMNS FROM `category` [ RunTime:0.0074s ]
SQL: SHOW COLUMNS FROM `goods` [ RunTime:0.0082s ]
SQL: SELECT * FROM `category` WHERE `pid` = 31  [ RunTime:0.0003s ]
SQL: SELECT * FROM `goods` WHERE `cate_id` = 31 LIMIT 1   [ RunTime:0.0003s ]
SQL: DELETE FROM `category` WHERE `id` = 31 [ RunTime:0.0003s ]

[ 2019-11-14T15:48:58+08:00 ] 127.0.0.1 /index.php/Admin/Cate/cateDel.html
INFO: [ app_begin ] --START--
INFO: Run Behavior\ReadHtmlCacheBehavior [ RunTime:0.000393s ]
INFO: [ app_begin ] --END-- [ RunTime:0.000740s ]
SQL: SHOW COLUMNS FROM `category` [ RunTime:0.0317s ]
SQL: SHOW COLUMNS FROM `goods` [ RunTime:0.0136s ]
SQL: SELECT * FROM `category` WHERE `pid` = 30  [ RunTime:0.0003s ]
SQL: SELECT * FROM `goods` WHERE `cate_id` = 30 LIMIT 1   [ RunTime:0.0003s ]
SQL: DELETE FROM `category` WHERE `id` = 30 [ RunTime:0.0004s ]

[ 2019-11-14T15:50:06+08:00 ] 127.0.0.1 /index.php/Admin/Cate/cateDel.html
INFO: [ app_begin ] --START--
INFO: Run Behavior\ReadHtmlCacheBehavior [ RunTime:0.000437s ]
INFO: [ app_begin ] --END-- [ RunTime:0.000783s ]
SQL: SHOW COLUMNS FROM `category` [ RunTime:0.0087s ]
SQL: SHOW COLUMNS FROM `goods` [ RunTime:0.0079s ]
SQL: SELECT * FROM `category` WHERE `pid` = 3  [ RunTime:0.0003s ]
NOTIC: [8] Trying to get property 'id' of non-object D:\myTp\mytp\Application\Common\Common\function.php 第 12 行.
SQL: SELECT * FROM `category` WHERE `pid` = null  [ RunTime:0.0002s ]
NOTIC: [8] Trying to get property 'id' of non-object D:\myTp\mytp\Application\Common\Common\function.php 第 12 行.
SQL: SELECT * FROM `category` WHERE `pid` = null  [ RunTime:0.0002s ]

[ 2019-11-14T15:55:23+08:00 ] 127.0.0.1 /index.php/Admin/Cate/cateDel.html
INFO: [ app_begin ] --START--
INFO: Run Behavior\ReadHtmlCacheBehavior [ RunTime:0.000367s ]
INFO: [ app_begin ] --END-- [ RunTime:0.000657s ]
SQL: SHOW COLUMNS FROM `category` [ RunTime:0.0199s ]
SQL: SHOW COLUMNS FROM `goods` [ RunTime:0.0132s ]
SQL: SELECT * FROM `category` WHERE `pid` = 2  [ RunTime:0.0004s ]
SQL: SELECT * FROM `category` WHERE `pid` = 6  [ RunTime:0.0003s ]
SQL: SELECT * FROM `category` WHERE `pid` = 14  [ RunTime:0.0003s ]
SQL: SELECT * FROM `category` WHERE `pid` = 15  [ RunTime:0.0003s ]
SQL: SELECT * FROM `category` WHERE `pid` = 7  [ RunTime:0.0003s ]
SQL: SELECT * FROM `category` WHERE `pid` = 16  [ RunTime:0.0003s ]
SQL: SELECT * FROM `category` WHERE `pid` = 17  [ RunTime:0.0003s ]

[ 2019-11-14T23:20:47+08:00 ] 127.0.0.1 /index.php/Admin/Cate/cateAddAction.html
ERR: Think\Model:update方法不存在！

[ 2019-11-14T23:27:25+08:00 ] 127.0.0.1 /index.php/Admin/Cate/cateAddAction.html
ERR: Think\Model:insetGetId方法不存在！

[ 2019-11-14T23:28:40+08:00 ] 127.0.0.1 /index.php/Admin/Cate/cateAddAction.html
ERR: Think\Model:insetGetId方法不存在！

[ 2019-11-14T23:37:42+08:00 ] 127.0.0.1 /index.php/Admin/Cate/cateAddAction.html
ERR: Think\Model:insetGetId方法不存在！

[ 2019-11-14T23:39:18+08:00 ] 127.0.0.1 /index.php/Admin/Cate/cateAddAction.html
ERR: Think\Model:insertGetId方法不存在！

[ 2019-11-14T23:40:35+08:00 ] 127.0.0.1 /index.php/Admin/Cate/cateAddAction.html
ERR: Think\Model:insertGetId方法不存在！

[ 2019-11-14T23:41:30+08:00 ] 127.0.0.1 /index.php/Admin/Cate/cateAddAction.html
ERR: Think\Model:insertGetId方法不存在！

